#
# There is insufficient memory for the Java Runtime Environment to continue.
# Native memory allocation (malloc) failed to allocate 1417520 bytes. Error detail: Chunk::new
# Possible reasons:
#   The system is out of physical RAM or swap space
#   This process is running with CompressedOops enabled, and the Java Heap may be blocking the growth of the native heap
# Possible solutions:
#   Reduce memory load on the system
#   Increase physical memory or swap space
#   Check if swap backing store is full
#   Decrease Java heap size (-Xmx/-Xms)
#   Decrease number of Java threads
#   Decrease Java thread stack sizes (-Xss)
#   Set larger code cache with -XX:ReservedCodeCacheSize=
#   JVM is running with Unscaled Compressed Oops mode in which the Java heap is
#     placed in the first 4GB address space. The Java Heap base address is the
#     maximum limit for the native heap growth. Please use -XX:HeapBaseMinAddress
#     to set the Java Heap base and to place the Java Heap above 4GB virtual address.
# This output file may be truncated or incomplete.
#
#  Out of Memory Error (arena.cpp:168), pid=22208, tid=21944
#
# JRE version: OpenJDK Runtime Environment (21.0.4) (build 21.0.4+-12508038-b607.1)
# Java VM: OpenJDK 64-Bit Server VM (21.0.4+-12508038-b607.1, mixed mode, tiered, compressed oops, compressed class ptrs, g1 gc, windows-amd64)
# No core dump will be written. Minidumps are not enabled by default on client versions of Windows
#

---------------  S U M M A R Y ------------

Command Line: --add-opens=java.base/java.util=ALL-UNNAMED --add-opens=java.base/java.lang=ALL-UNNAMED --add-opens=java.base/java.lang.invoke=ALL-UNNAMED --add-opens=java.prefs/java.util.prefs=ALL-UNNAMED --add-exports=jdk.compiler/com.sun.tools.javac.api=ALL-UNNAMED --add-exports=jdk.compiler/com.sun.tools.javac.util=ALL-UNNAMED --add-opens=java.base/java.nio.charset=ALL-UNNAMED --add-opens=java.base/java.net=ALL-UNNAMED --add-opens=java.base/java.util.concurrent.atomic=ALL-UNNAMED -Xmx2048m -Dfile.encoding=UTF-8 -Duser.country=PH -Duser.language=en -Duser.variant -javaagent:C:\Users\ugayg\.gradle\wrapper\dists\gradle-8.10.2-bin\a04bxjujx95o3nb99gddekhwo\gradle-8.10.2\lib\agents\gradle-instrumentation-agent-8.10.2.jar org.gradle.launcher.daemon.bootstrap.GradleDaemon 8.10.2

Host: Intel(R) Core(TM) i5-10300H CPU @ 2.50GHz, 8 cores, 7G,  Windows 11 , 64 bit Build 22621 (10.0.22621.4391)
Time: Sun Jan 26 14:58:38 2025 China Standard Time elapsed time: 8.451964 seconds (0d 0h 0m 8s)

---------------  T H R E A D  ---------------

Current thread (0x000002277f358930):  JavaThread "C2 CompilerThread1" daemon [_thread_in_native, id=21944, stack(0x0000004e7f300000,0x0000004e7f400000) (1024K)]


Current CompileTask:
C2:   8452 4638   !   4       java.net.URLClassLoader$1::run (81 bytes)

Stack: [0x0000004e7f300000,0x0000004e7f400000]
Native frames: (J=compiled Java code, j=interpreted, Vv=VM code, C=native code)
V  [jvm.dll+0x6ce539]
V  [jvm.dll+0x85bf03]
V  [jvm.dll+0x85e45e]
V  [jvm.dll+0x85eb43]
V  [jvm.dll+0x27dd06]
V  [jvm.dll+0xbf9cd]
V  [jvm.dll+0xbff03]
V  [jvm.dll+0x3b4deb]
V  [jvm.dll+0x1de004]
V  [jvm.dll+0x247544]
V  [jvm.dll+0x2469c1]
V  [jvm.dll+0x1c58a4]
V  [jvm.dll+0x255fec]
V  [jvm.dll+0x254536]
V  [jvm.dll+0x3efab6]
V  [jvm.dll+0x804418]
V  [jvm.dll+0x6cce0d]
C  [ucrtbase.dll+0x29333]
C  [KERNEL32.DLL+0x1259d]
C  [ntdll.dll+0x5af38]


---------------  P R O C E S S  ---------------

Threads class SMR info:
_java_thread_list=0x0000022701562570, length=33, elements={
0x000002276307a000, 0x000002277a90c770, 0x000002277a90d590, 0x000002277a91fa30,
0x000002277a923c30, 0x000002277a9242a0, 0x000002277a925380, 0x000002277a92a580,
0x000002277a9281e0, 0x000002277a6f4900, 0x000002277ac31320, 0x0000022701491770,
0x0000022701403570, 0x0000022701379150, 0x00000227013ac9c0, 0x00000227013a9e40,
0x00000227016772a0, 0x0000022701679370, 0x000002270167a720, 0x0000022701679a00,
0x0000022701678650, 0x0000022701678ce0, 0x0000022701677930, 0x0000022701677fc0,
0x0000022701c730f0, 0x0000022701c6e230, 0x0000022701c6ef50, 0x0000022701c6f5e0,
0x0000022701c70300, 0x0000022701c6fc70, 0x0000022701c71d40, 0x000002277f358930,
0x0000022701c70990
}

Java Threads: ( => current thread )
  0x000002276307a000 JavaThread "main"                              [_thread_blocked, id=17504, stack(0x0000004e7c500000,0x0000004e7c600000) (1024K)]
  0x000002277a90c770 JavaThread "Reference Handler"          daemon [_thread_blocked, id=10940, stack(0x0000004e7cd00000,0x0000004e7ce00000) (1024K)]
  0x000002277a90d590 JavaThread "Finalizer"                  daemon [_thread_blocked, id=7072, stack(0x0000004e7ce00000,0x0000004e7cf00000) (1024K)]
  0x000002277a91fa30 JavaThread "Signal Dispatcher"          daemon [_thread_blocked, id=4388, stack(0x0000004e7cf00000,0x0000004e7d000000) (1024K)]
  0x000002277a923c30 JavaThread "Attach Listener"            daemon [_thread_blocked, id=12480, stack(0x0000004e7d000000,0x0000004e7d100000) (1024K)]
  0x000002277a9242a0 JavaThread "Service Thread"             daemon [_thread_blocked, id=25140, stack(0x0000004e7d100000,0x0000004e7d200000) (1024K)]
  0x000002277a925380 JavaThread "Monitor Deflation Thread"   daemon [_thread_blocked, id=17072, stack(0x0000004e7d200000,0x0000004e7d300000) (1024K)]
  0x000002277a92a580 JavaThread "C2 CompilerThread0"         daemon [_thread_in_native, id=21152, stack(0x0000004e7d300000,0x0000004e7d400000) (1024K)]
  0x000002277a9281e0 JavaThread "C1 CompilerThread0"         daemon [_thread_blocked, id=24464, stack(0x0000004e7d400000,0x0000004e7d500000) (1024K)]
  0x000002277a6f4900 JavaThread "Common-Cleaner"             daemon [_thread_blocked, id=22168, stack(0x0000004e7d500000,0x0000004e7d600000) (1024K)]
  0x000002277ac31320 JavaThread "Notification Thread"        daemon [_thread_blocked, id=25340, stack(0x0000004e7d600000,0x0000004e7d700000) (1024K)]
  0x0000022701491770 JavaThread "Daemon health stats"               [_thread_blocked, id=21324, stack(0x0000004e7dc00000,0x0000004e7dd00000) (1024K)]
  0x0000022701403570 JavaThread "Incoming local TCP Connector on port 60028"        [_thread_in_native, id=18188, stack(0x0000004e7e000000,0x0000004e7e100000) (1024K)]
  0x0000022701379150 JavaThread "Daemon periodic checks"            [_thread_blocked, id=26220, stack(0x0000004e7e100000,0x0000004e7e200000) (1024K)]
  0x00000227013ac9c0 JavaThread "Daemon"                            [_thread_blocked, id=11332, stack(0x0000004e7e200000,0x0000004e7e300000) (1024K)]
  0x00000227013a9e40 JavaThread "Handler for socket connection from /127.0.0.1:60028 to /127.0.0.1:60029"        [_thread_in_native, id=25704, stack(0x0000004e7e300000,0x0000004e7e400000) (1024K)]
  0x00000227016772a0 JavaThread "Cancel handler"                    [_thread_blocked, id=13028, stack(0x0000004e7e400000,0x0000004e7e500000) (1024K)]
  0x0000022701679370 JavaThread "Daemon worker"                     [_thread_in_vm, id=26136, stack(0x0000004e7e500000,0x0000004e7e600000) (1024K)]
  0x000002270167a720 JavaThread "Asynchronous log dispatcher for DefaultDaemonConnection: socket connection from /127.0.0.1:60028 to /127.0.0.1:60029"        [_thread_blocked, id=25524, stack(0x0000004e7e600000,0x0000004e7e700000) (1024K)]
  0x0000022701679a00 JavaThread "Stdin handler"                     [_thread_blocked, id=19344, stack(0x0000004e7e700000,0x0000004e7e800000) (1024K)]
  0x0000022701678650 JavaThread "Daemon client event forwarder"        [_thread_blocked, id=14036, stack(0x0000004e7e800000,0x0000004e7e900000) (1024K)]
  0x0000022701678ce0 JavaThread "Cache worker for journal cache (C:\Users\ugayg\.gradle\caches\journal-1)"        [_thread_blocked, id=13112, stack(0x0000004e7ea00000,0x0000004e7eb00000) (1024K)]
  0x0000022701677930 JavaThread "File lock request listener"        [_thread_in_native, id=12496, stack(0x0000004e7eb00000,0x0000004e7ec00000) (1024K)]
  0x0000022701677fc0 JavaThread "Cache worker for file hash cache (C:\Users\ugayg\.gradle\caches\8.10.2\fileHashes)"        [_thread_blocked, id=17020, stack(0x0000004e7ec00000,0x0000004e7ed00000) (1024K)]
  0x0000022701c730f0 JavaThread "Cache worker for file hash cache (C:\Users\ugayg\AndroidStudioProjects\HungryMe\.gradle\8.10.2\fileHashes)"        [_thread_blocked, id=4300, stack(0x0000004e7ed00000,0x0000004e7ee00000) (1024K)]
  0x0000022701c6e230 JavaThread "Cache worker for Build Output Cleanup Cache (C:\Users\ugayg\AndroidStudioProjects\HungryMe\.gradle\buildOutputCleanup)"        [_thread_blocked, id=19140, stack(0x0000004e7ee00000,0x0000004e7ef00000) (1024K)]
  0x0000022701c6ef50 JavaThread "File watcher server"        daemon [_thread_in_native, id=24504, stack(0x0000004e7ef00000,0x0000004e7f000000) (1024K)]
  0x0000022701c6f5e0 JavaThread "File watcher consumer"      daemon [_thread_blocked, id=5164, stack(0x0000004e7f000000,0x0000004e7f100000) (1024K)]
  0x0000022701c70300 JavaThread "Cache worker for checksums cache (C:\Users\ugayg\AndroidStudioProjects\HungryMe\.gradle\8.10.2\checksums)"        [_thread_blocked, id=10360, stack(0x0000004e7d700000,0x0000004e7d800000) (1024K)]
  0x0000022701c6fc70 JavaThread "Cache worker for file content cache (C:\Users\ugayg\.gradle\caches\8.10.2\fileContent)"        [_thread_blocked, id=3228, stack(0x0000004e7f100000,0x0000004e7f200000) (1024K)]
  0x0000022701c71d40 JavaThread "Cache worker for cache directory md-rule (C:\Users\ugayg\.gradle\caches\8.10.2\md-rule)"        [_thread_blocked, id=26024, stack(0x0000004e7f200000,0x0000004e7f300000) (1024K)]
=>0x000002277f358930 JavaThread "C2 CompilerThread1"         daemon [_thread_in_native, id=21944, stack(0x0000004e7f300000,0x0000004e7f400000) (1024K)]
  0x0000022701c70990 JavaThread "Cache worker for cache directory md-supplier (C:\Users\ugayg\.gradle\caches\8.10.2\md-supplier)"        [_thread_blocked, id=9960, stack(0x0000004e7f400000,0x0000004e7f500000) (1024K)]
Total: 33

Other Threads:
  0x000002277a738540 VMThread "VM Thread"                           [id=7160, stack(0x0000004e7cc00000,0x0000004e7cd00000) (1024K)]
  0x000002277a6f36e0 WatcherThread "VM Periodic Task Thread"        [id=7752, stack(0x0000004e7cb00000,0x0000004e7cc00000) (1024K)]
  0x00000227630d3000 WorkerThread "GC Thread#0"                     [id=21156, stack(0x0000004e7c600000,0x0000004e7c700000) (1024K)]
  0x000002277f3b82f0 WorkerThread "GC Thread#1"                     [id=12176, stack(0x0000004e7d800000,0x0000004e7d900000) (1024K)]
  0x000002277f254e40 WorkerThread "GC Thread#2"                     [id=26388, stack(0x0000004e7d900000,0x0000004e7da00000) (1024K)]
  0x0000022700536310 WorkerThread "GC Thread#3"                     [id=6460, stack(0x0000004e7da00000,0x0000004e7db00000) (1024K)]
  0x000002270027c020 WorkerThread "GC Thread#4"                     [id=22620, stack(0x0000004e7db00000,0x0000004e7dc00000) (1024K)]
  0x00000227014956e0 WorkerThread "GC Thread#5"                     [id=22804, stack(0x0000004e7dd00000,0x0000004e7de00000) (1024K)]
  0x0000022701495a80 WorkerThread "GC Thread#6"                     [id=19676, stack(0x0000004e7de00000,0x0000004e7df00000) (1024K)]
  0x0000022701494fa0 WorkerThread "GC Thread#7"                     [id=22276, stack(0x0000004e7df00000,0x0000004e7e000000) (1024K)]
  0x00000227630e3fe0 ConcurrentGCThread "G1 Main Marker"            [id=1232, stack(0x0000004e7c700000,0x0000004e7c800000) (1024K)]
  0x00000227630e4c50 WorkerThread "G1 Conc#0"                       [id=6076, stack(0x0000004e7c800000,0x0000004e7c900000) (1024K)]
  0x00000227014944c0 WorkerThread "G1 Conc#1"                       [id=14524, stack(0x0000004e7e900000,0x0000004e7ea00000) (1024K)]
  0x000002276313e8e0 ConcurrentGCThread "G1 Refine#0"               [id=15532, stack(0x0000004e7c900000,0x0000004e7ca00000) (1024K)]
  0x000002277a5c36d0 ConcurrentGCThread "G1 Service"                [id=7664, stack(0x0000004e7ca00000,0x0000004e7cb00000) (1024K)]
Total: 15

Threads with active compile tasks:
C2 CompilerThread0     8483 4709   !   4       jdk.internal.loader.Resource::getBytes (244 bytes)
C2 CompilerThread1     8483 4638   !   4       java.net.URLClassLoader$1::run (81 bytes)
Total: 2

VM state: not at safepoint (normal execution)

VM Mutex/Monitor currently owned by a thread: None

Heap address: 0x0000000080000000, size: 2048 MB, Compressed Oops mode: 32-bit

CDS archive(s) not mapped
Compressed class space mapped at: 0x0000000100000000-0x0000000140000000, reserved size: 1073741824
Narrow klass base: 0x0000000000000000, Narrow klass shift: 3, Narrow klass range: 0x140000000

GC Precious Log:
 CardTable entry size: 512
 Card Set container configuration: InlinePtr #cards 5 size 8 Array Of Cards #cards 12 size 40 Howl #buckets 4 coarsen threshold 1843 Howl Bitmap #cards 512 size 80 coarsen threshold 460 Card regions per heap region 1 cards per card region 2048
 CPUs: 8 total, 8 available
 Memory: 8023M
 Large Page Support: Disabled
 NUMA Support: Disabled
 Compressed Oops: Enabled (32-bit)
 Heap Region Size: 1M
 Heap Min Capacity: 8M
 Heap Initial Capacity: 126M
 Heap Max Capacity: 2G
 Pre-touch: Disabled
 Parallel Workers: 8
 Concurrent Workers: 2
 Concurrent Refinement Workers: 8
 Periodic GC: Disabled

Heap:
 garbage-first heap   total 75776K, used 45146K [0x0000000080000000, 0x0000000100000000)
  region size 1024K, 9 young (9216K), 2 survivors (2048K)
 Metaspace       used 55847K, committed 57344K, reserved 1114112K
  class space    used 7537K, committed 8256K, reserved 1048576K

Heap Regions: E=young(eden), S=young(survivor), O=old, HS=humongous(starts), HC=humongous(continues), CS=collection set, F=free, TAMS=top-at-mark-start, PB=parsable bottom
|   0|0x0000000080000000, 0x0000000080100000, 0x0000000080100000|100%| O|  |TAMS 0x0000000080000000| PB 0x0000000080000000| Untracked 
|   1|0x0000000080100000, 0x0000000080200000, 0x0000000080200000|100%| O|  |TAMS 0x0000000080100000| PB 0x0000000080100000| Untracked 
|   2|0x0000000080200000, 0x0000000080300000, 0x0000000080300000|100%|HS|  |TAMS 0x0000000080200000| PB 0x0000000080200000| Complete 
|   3|0x0000000080300000, 0x0000000080400000, 0x0000000080400000|100%|HC|  |TAMS 0x0000000080300000| PB 0x0000000080300000| Complete 
|   4|0x0000000080400000, 0x0000000080500000, 0x0000000080500000|100%|HC|  |TAMS 0x0000000080400000| PB 0x0000000080400000| Complete 
|   5|0x0000000080500000, 0x0000000080600000, 0x0000000080600000|100%|HC|  |TAMS 0x0000000080500000| PB 0x0000000080500000| Complete 
|   6|0x0000000080600000, 0x0000000080700000, 0x0000000080700000|100%| O|  |TAMS 0x0000000080600000| PB 0x0000000080600000| Untracked 
|   7|0x0000000080700000, 0x0000000080800000, 0x0000000080800000|100%| O|  |TAMS 0x0000000080700000| PB 0x0000000080700000| Untracked 
|   8|0x0000000080800000, 0x0000000080900000, 0x0000000080900000|100%| O|  |TAMS 0x0000000080800000| PB 0x0000000080800000| Untracked 
|   9|0x0000000080900000, 0x0000000080a00000, 0x0000000080a00000|100%|HS|  |TAMS 0x0000000080900000| PB 0x0000000080900000| Complete 
|  10|0x0000000080a00000, 0x0000000080b00000, 0x0000000080b00000|100%| O|  |TAMS 0x0000000080a00000| PB 0x0000000080a00000| Untracked 
|  11|0x0000000080b00000, 0x0000000080c00000, 0x0000000080c00000|100%| O|  |TAMS 0x0000000080b00000| PB 0x0000000080b00000| Untracked 
|  12|0x0000000080c00000, 0x0000000080d00000, 0x0000000080d00000|100%| O|  |TAMS 0x0000000080c00000| PB 0x0000000080c00000| Untracked 
|  13|0x0000000080d00000, 0x0000000080e00000, 0x0000000080e00000|100%| O|  |TAMS 0x0000000080d00000| PB 0x0000000080d00000| Untracked 
|  14|0x0000000080e00000, 0x0000000080f00000, 0x0000000080f00000|100%| O|  |TAMS 0x0000000080e00000| PB 0x0000000080e00000| Untracked 
|  15|0x0000000080f00000, 0x0000000081000000, 0x0000000081000000|100%| O|  |TAMS 0x0000000080f00000| PB 0x0000000080f00000| Untracked 
|  16|0x0000000081000000, 0x0000000081100000, 0x0000000081100000|100%| O|  |TAMS 0x0000000081000000| PB 0x0000000081000000| Untracked 
|  17|0x0000000081100000, 0x0000000081200000, 0x0000000081200000|100%| O|  |TAMS 0x0000000081100000| PB 0x0000000081100000| Untracked 
|  18|0x0000000081200000, 0x0000000081300000, 0x0000000081300000|100%| O|  |TAMS 0x0000000081200000| PB 0x0000000081200000| Untracked 
|  19|0x0000000081300000, 0x0000000081400000, 0x0000000081400000|100%| O|  |TAMS 0x0000000081300000| PB 0x0000000081300000| Untracked 
|  20|0x0000000081400000, 0x0000000081500000, 0x0000000081500000|100%| O|  |TAMS 0x0000000081400000| PB 0x0000000081400000| Untracked 
|  21|0x0000000081500000, 0x0000000081600000, 0x0000000081600000|100%| O|  |TAMS 0x0000000081500000| PB 0x0000000081500000| Untracked 
|  22|0x0000000081600000, 0x0000000081700000, 0x0000000081700000|100%| O|  |TAMS 0x0000000081600000| PB 0x0000000081600000| Untracked 
|  23|0x0000000081700000, 0x0000000081800000, 0x0000000081800000|100%| O|  |TAMS 0x0000000081700000| PB 0x0000000081700000| Untracked 
|  24|0x0000000081800000, 0x0000000081900000, 0x0000000081900000|100%| O|  |TAMS 0x0000000081800000| PB 0x0000000081800000| Untracked 
|  25|0x0000000081900000, 0x0000000081a00000, 0x0000000081a00000|100%| O|Cm|TAMS 0x0000000081900000| PB 0x0000000081900000| Complete 
|  26|0x0000000081a00000, 0x0000000081b00000, 0x0000000081b00000|100%| O|  |TAMS 0x0000000081a00000| PB 0x0000000081a00000| Untracked 
|  27|0x0000000081b00000, 0x0000000081c00000, 0x0000000081c00000|100%| O|  |TAMS 0x0000000081b00000| PB 0x0000000081b00000| Untracked 
|  28|0x0000000081c00000, 0x0000000081d00000, 0x0000000081d00000|100%| O|Cm|TAMS 0x0000000081c00000| PB 0x0000000081c00000| Complete 
|  29|0x0000000081d00000, 0x0000000081e00000, 0x0000000081e00000|100%| O|  |TAMS 0x0000000081d00000| PB 0x0000000081d00000| Untracked 
|  30|0x0000000081e00000, 0x0000000081e00000, 0x0000000081f00000|  0%| F|  |TAMS 0x0000000081e00000| PB 0x0000000081e00000| Untracked 
|  31|0x0000000081f00000, 0x0000000082000000, 0x0000000082000000|100%| O|  |TAMS 0x0000000081f00000| PB 0x0000000081f00000| Untracked 
|  32|0x0000000082000000, 0x0000000082100000, 0x0000000082100000|100%| O|  |TAMS 0x0000000082000000| PB 0x0000000082000000| Untracked 
|  33|0x0000000082100000, 0x0000000082200000, 0x0000000082200000|100%| O|  |TAMS 0x0000000082100000| PB 0x0000000082100000| Untracked 
|  34|0x0000000082200000, 0x0000000082200000, 0x0000000082300000|  0%| F|  |TAMS 0x0000000082200000| PB 0x0000000082200000| Untracked 
|  35|0x0000000082300000, 0x0000000082400000, 0x0000000082400000|100%| O|  |TAMS 0x0000000082300000| PB 0x0000000082300000| Untracked 
|  36|0x0000000082400000, 0x0000000082500000, 0x0000000082500000|100%| O|  |TAMS 0x0000000082400000| PB 0x0000000082400000| Untracked 
|  37|0x0000000082500000, 0x0000000082500000, 0x0000000082600000|  0%| F|  |TAMS 0x0000000082500000| PB 0x0000000082500000| Untracked 
|  38|0x0000000082600000, 0x0000000082700000, 0x0000000082700000|100%| O|  |TAMS 0x0000000082600000| PB 0x0000000082600000| Untracked 
|  39|0x0000000082700000, 0x0000000082700000, 0x0000000082800000|  0%| F|  |TAMS 0x0000000082700000| PB 0x0000000082700000| Untracked 
|  40|0x0000000082800000, 0x0000000082800000, 0x0000000082900000|  0%| F|  |TAMS 0x0000000082800000| PB 0x0000000082800000| Untracked 
|  41|0x0000000082900000, 0x00000000829f1740, 0x0000000082a00000| 94%| O|  |TAMS 0x0000000082900000| PB 0x0000000082900000| Untracked 
|  42|0x0000000082a00000, 0x0000000082a00000, 0x0000000082b00000|  0%| F|  |TAMS 0x0000000082a00000| PB 0x0000000082a00000| Untracked 
|  43|0x0000000082b00000, 0x0000000082b00000, 0x0000000082c00000|  0%| F|  |TAMS 0x0000000082b00000| PB 0x0000000082b00000| Untracked 
|  44|0x0000000082c00000, 0x0000000082c00000, 0x0000000082d00000|  0%| F|  |TAMS 0x0000000082c00000| PB 0x0000000082c00000| Untracked 
|  45|0x0000000082d00000, 0x0000000082d251a0, 0x0000000082e00000| 14%| S|CS|TAMS 0x0000000082d00000| PB 0x0000000082d00000| Complete 
|  46|0x0000000082e00000, 0x0000000082f00000, 0x0000000082f00000|100%| S|CS|TAMS 0x0000000082e00000| PB 0x0000000082e00000| Complete 
|  47|0x0000000082f00000, 0x0000000082f00000, 0x0000000083000000|  0%| F|  |TAMS 0x0000000082f00000| PB 0x0000000082f00000| Untracked 
|  48|0x0000000083000000, 0x0000000083000000, 0x0000000083100000|  0%| F|  |TAMS 0x0000000083000000| PB 0x0000000083000000| Untracked 
|  49|0x0000000083100000, 0x0000000083100000, 0x0000000083200000|  0%| F|  |TAMS 0x0000000083100000| PB 0x0000000083100000| Untracked 
|  50|0x0000000083200000, 0x0000000083200000, 0x0000000083300000|  0%| F|  |TAMS 0x0000000083200000| PB 0x0000000083200000| Untracked 
|  51|0x0000000083300000, 0x0000000083300000, 0x0000000083400000|  0%| F|  |TAMS 0x0000000083300000| PB 0x0000000083300000| Untracked 
|  52|0x0000000083400000, 0x0000000083400000, 0x0000000083500000|  0%| F|  |TAMS 0x0000000083400000| PB 0x0000000083400000| Untracked 
|  53|0x0000000083500000, 0x0000000083500000, 0x0000000083600000|  0%| F|  |TAMS 0x0000000083500000| PB 0x0000000083500000| Untracked 
|  54|0x0000000083600000, 0x0000000083600000, 0x0000000083700000|  0%| F|  |TAMS 0x0000000083600000| PB 0x0000000083600000| Untracked 
|  55|0x0000000083700000, 0x0000000083700000, 0x0000000083800000|  0%| F|  |TAMS 0x0000000083700000| PB 0x0000000083700000| Untracked 
|  56|0x0000000083800000, 0x0000000083800000, 0x0000000083900000|  0%| F|  |TAMS 0x0000000083800000| PB 0x0000000083800000| Untracked 
|  57|0x0000000083900000, 0x0000000083900000, 0x0000000083a00000|  0%| F|  |TAMS 0x0000000083900000| PB 0x0000000083900000| Untracked 
|  58|0x0000000083a00000, 0x0000000083a00000, 0x0000000083b00000|  0%| F|  |TAMS 0x0000000083a00000| PB 0x0000000083a00000| Untracked 
|  59|0x0000000083b00000, 0x0000000083b00000, 0x0000000083c00000|  0%| F|  |TAMS 0x0000000083b00000| PB 0x0000000083b00000| Untracked 
|  60|0x0000000083c00000, 0x0000000083c00000, 0x0000000083d00000|  0%| F|  |TAMS 0x0000000083c00000| PB 0x0000000083c00000| Untracked 
|  61|0x0000000083d00000, 0x0000000083d00000, 0x0000000083e00000|  0%| F|  |TAMS 0x0000000083d00000| PB 0x0000000083d00000| Untracked 
|  62|0x0000000083e00000, 0x0000000083e00000, 0x0000000083f00000|  0%| F|  |TAMS 0x0000000083e00000| PB 0x0000000083e00000| Untracked 
|  63|0x0000000083f00000, 0x0000000083f00000, 0x0000000084000000|  0%| F|  |TAMS 0x0000000083f00000| PB 0x0000000083f00000| Untracked 
|  64|0x0000000084000000, 0x0000000084000000, 0x0000000084100000|  0%| F|  |TAMS 0x0000000084000000| PB 0x0000000084000000| Untracked 
| 104|0x0000000086800000, 0x0000000086800000, 0x0000000086900000|  0%| F|  |TAMS 0x0000000086800000| PB 0x0000000086800000| Untracked 
| 105|0x0000000086900000, 0x0000000086900000, 0x0000000086a00000|  0%| F|  |TAMS 0x0000000086900000| PB 0x0000000086900000| Untracked 
| 106|0x0000000086a00000, 0x0000000086b00000, 0x0000000086b00000|100%| E|  |TAMS 0x0000000086a00000| PB 0x0000000086a00000| Complete 
| 107|0x0000000086b00000, 0x0000000086c00000, 0x0000000086c00000|100%| E|CS|TAMS 0x0000000086b00000| PB 0x0000000086b00000| Complete 
| 108|0x0000000086c00000, 0x0000000086d00000, 0x0000000086d00000|100%| E|CS|TAMS 0x0000000086c00000| PB 0x0000000086c00000| Complete 
| 109|0x0000000086d00000, 0x0000000086e00000, 0x0000000086e00000|100%| E|CS|TAMS 0x0000000086d00000| PB 0x0000000086d00000| Complete 
| 110|0x0000000086e00000, 0x0000000086f00000, 0x0000000086f00000|100%| E|CS|TAMS 0x0000000086e00000| PB 0x0000000086e00000| Complete 
| 124|0x0000000087c00000, 0x0000000087d00000, 0x0000000087d00000|100%| E|CS|TAMS 0x0000000087c00000| PB 0x0000000087c00000| Complete 
| 125|0x0000000087d00000, 0x0000000087e00000, 0x0000000087e00000|100%| E|CS|TAMS 0x0000000087d00000| PB 0x0000000087d00000| Complete 

Card table byte_map: [0x00000227758f0000,0x0000022775cf0000] _byte_map_base: 0x00000227754f0000

Marking Bits: (CMBitMap*) 0x00000227630d3700
 Bits: [0x0000022775cf0000, 0x0000022777cf0000)

Polling page: 0x0000022762840000

Metaspace:

Usage:
  Non-class:     47.19 MB used.
      Class:      7.36 MB used.
       Both:     54.56 MB used.

Virtual space:
  Non-class space:       64.00 MB reserved,      47.94 MB ( 75%) committed,  1 nodes.
      Class space:        1.00 GB reserved,       8.06 MB ( <1%) committed,  1 nodes.
             Both:        1.06 GB reserved,      56.00 MB (  5%) committed. 

Chunk freelists:
   Non-Class:  15.59 MB
       Class:  7.95 MB
        Both:  23.55 MB

MaxMetaspaceSize: unlimited
CompressedClassSpaceSize: 1.00 GB
Initial GC threshold: 21.00 MB
Current GC threshold: 85.25 MB
CDS: off
 - commit_granule_bytes: 65536.
 - commit_granule_words: 8192.
 - virtual_space_node_default_size: 8388608.
 - enlarge_chunks_in_place: 1.
 - use_allocation_guard: 0.


Internal statistics:

num_allocs_failed_limit: 6.
num_arena_births: 2738.
num_arena_deaths: 0.
num_vsnodes_births: 2.
num_vsnodes_deaths: 0.
num_space_committed: 896.
num_space_uncommitted: 0.
num_chunks_returned_to_freelist: 6.
num_chunks_taken_from_freelist: 4896.
num_chunk_merges: 6.
num_chunk_splits: 3195.
num_chunks_enlarged: 1981.
num_inconsistent_stats: 0.

CodeHeap 'non-profiled nmethods': size=120000Kb used=2441Kb max_used=2441Kb free=117558Kb
 bounds [0x000002276dc90000, 0x000002276df00000, 0x00000227751c0000]
CodeHeap 'profiled nmethods': size=120000Kb used=7864Kb max_used=8231Kb free=112135Kb
 bounds [0x00000227661c0000, 0x00000227669d0000, 0x000002276d6f0000]
CodeHeap 'non-nmethods': size=5760Kb used=1930Kb max_used=1980Kb free=3829Kb
 bounds [0x000002276d6f0000, 0x000002276d960000, 0x000002276dc90000]
 total_blobs=4869 nmethods=4149 adapters=623
 compilation: enabled
              stopped_count=0, restarted_count=0
 full_count=0

Compilation events (20 events):
Event: 8.284 Thread 0x000002277a9281e0 4699       3       kotlin.reflect.jvm.internal.ReflectProperties$LazySoftVal::<init> (43 bytes)
Event: 8.285 Thread 0x000002277a9281e0 nmethod 4699 0x0000022766549a10 code [0x0000022766549c20, 0x000002276654a3f8]
Event: 8.285 Thread 0x000002277a9281e0 4700       3       kotlin.reflect.jvm.internal.ReflectProperties::lazySoft (14 bytes)
Event: 8.285 Thread 0x000002277a9281e0 nmethod 4700 0x000002276637d010 code [0x000002276637d1e0, 0x000002276637d498]
Event: 8.285 Thread 0x000002277a9281e0 4701       3       kotlin.reflect.jvm.internal.ReflectProperties$Val::<init> (5 bytes)
Event: 8.285 Thread 0x000002277a9281e0 nmethod 4701 0x00000227664dc810 code [0x00000227664dc9a0, 0x00000227664dcb08]
Event: 8.285 Thread 0x000002277a9281e0 4702       3       kotlin.LazyKt__LazyJVMKt::lazy (102 bytes)
Event: 8.287 Thread 0x000002277a9281e0 nmethod 4702 0x00000227665ef290 code [0x00000227665ef6a0, 0x00000227665f1088]
Event: 8.287 Thread 0x000002277a9281e0 4703       3       kotlin.SafePublicationLazyImpl::<init> (30 bytes)
Event: 8.288 Thread 0x000002277a9281e0 nmethod 4703 0x00000227665ae590 code [0x00000227665ae7c0, 0x00000227665aeef0]
Event: 8.302 Thread 0x000002277a9281e0 4705       3       kotlin.reflect.jvm.internal.impl.renderer.DescriptorRendererOptionsImpl::property (20 bytes)
Event: 8.302 Thread 0x000002277a9281e0 nmethod 4705 0x00000227663ff210 code [0x00000227663ff3c0, 0x00000227663ff6f0]
Event: 8.302 Thread 0x000002277a9281e0 4706       3       kotlin.reflect.jvm.internal.impl.renderer.DescriptorRendererOptionsImpl$property$$inlined$vetoable$1::<init> (11 bytes)
Event: 8.303 Thread 0x000002277a9281e0 nmethod 4706 0x0000022766404490 code [0x0000022766404640, 0x00000227664048c0]
Event: 8.355 Thread 0x000002277a9281e0 4707       3       jdk.internal.reflect.Reflection::verifyMemberAccess (200 bytes)
Event: 8.358 Thread 0x000002277a9281e0 nmethod 4707 0x0000022766355b10 code [0x0000022766355fc0, 0x0000022766358268]
Event: 8.358 Thread 0x000002277a9281e0 4708       3       jdk.internal.loader.URLClassPath$1::next (59 bytes)
Event: 8.358 Thread 0x000002277a9281e0 nmethod 4708 0x0000022766239710 code [0x00000227662398e0, 0x0000022766239cf0]
Event: 8.413 Thread 0x000002277a92a580 nmethod 4686 0x000002276deea810 code [0x000002276deeae40, 0x000002276def00f0]
Event: 8.413 Thread 0x000002277a92a580 4696       4       java.util.jar.JarFile::getVersionedEntry (133 bytes)

GC Heap History (20 events):
Event: 2.958 GC heap before
{Heap before GC invocations=2 (full 0):
 garbage-first heap   total 129024K, used 67732K [0x0000000080000000, 0x0000000100000000)
  region size 1024K, 56 young (57344K), 4 survivors (4096K)
 Metaspace       used 16999K, committed 17216K, reserved 1114112K
  class space    used 1924K, committed 2048K, reserved 1048576K
}
Event: 2.967 GC heap after
{Heap after GC invocations=3 (full 0):
 garbage-first heap   total 129024K, used 19395K [0x0000000080000000, 0x0000000100000000)
  region size 1024K, 7 young (7168K), 7 survivors (7168K)
 Metaspace       used 16999K, committed 17216K, reserved 1114112K
  class space    used 1924K, committed 2048K, reserved 1048576K
}
Event: 3.418 GC heap before
{Heap before GC invocations=3 (full 0):
 garbage-first heap   total 129024K, used 33731K [0x0000000080000000, 0x0000000100000000)
  region size 1024K, 22 young (22528K), 7 survivors (7168K)
 Metaspace       used 21162K, committed 21504K, reserved 1114112K
  class space    used 2446K, committed 2624K, reserved 1048576K
}
Event: 3.424 GC heap after
{Heap after GC invocations=4 (full 0):
 garbage-first heap   total 129024K, used 21679K [0x0000000080000000, 0x0000000100000000)
  region size 1024K, 7 young (7168K), 7 survivors (7168K)
 Metaspace       used 21162K, committed 21504K, reserved 1114112K
  class space    used 2446K, committed 2624K, reserved 1048576K
}
Event: 4.232 GC heap before
{Heap before GC invocations=5 (full 0):
 garbage-first heap   total 75776K, used 58543K [0x0000000080000000, 0x0000000100000000)
  region size 1024K, 44 young (45056K), 7 survivors (7168K)
 Metaspace       used 27776K, committed 28288K, reserved 1114112K
  class space    used 3467K, committed 3712K, reserved 1048576K
}
Event: 4.240 GC heap after
{Heap after GC invocations=6 (full 0):
 garbage-first heap   total 75776K, used 23713K [0x0000000080000000, 0x0000000100000000)
  region size 1024K, 4 young (4096K), 4 survivors (4096K)
 Metaspace       used 27776K, committed 28288K, reserved 1114112K
  class space    used 3467K, committed 3712K, reserved 1048576K
}
Event: 5.255 GC heap before
{Heap before GC invocations=6 (full 0):
 garbage-first heap   total 75776K, used 60577K [0x0000000080000000, 0x0000000100000000)
  region size 1024K, 41 young (41984K), 4 survivors (4096K)
 Metaspace       used 32912K, committed 33728K, reserved 1114112K
  class space    used 4333K, committed 4736K, reserved 1048576K
}
Event: 5.262 GC heap after
{Heap after GC invocations=7 (full 0):
 garbage-first heap   total 75776K, used 26624K [0x0000000080000000, 0x0000000100000000)
  region size 1024K, 5 young (5120K), 5 survivors (5120K)
 Metaspace       used 32912K, committed 33728K, reserved 1114112K
  class space    used 4333K, committed 4736K, reserved 1048576K
}
Event: 5.579 GC heap before
{Heap before GC invocations=7 (full 0):
 garbage-first heap   total 75776K, used 41984K [0x0000000080000000, 0x0000000100000000)
  region size 1024K, 21 young (21504K), 5 survivors (5120K)
 Metaspace       used 35232K, committed 36096K, reserved 1114112K
  class space    used 4723K, committed 5120K, reserved 1048576K
}
Event: 5.585 GC heap after
{Heap after GC invocations=8 (full 0):
 garbage-first heap   total 75776K, used 27474K [0x0000000080000000, 0x0000000100000000)
  region size 1024K, 4 young (4096K), 4 survivors (4096K)
 Metaspace       used 35232K, committed 36096K, reserved 1114112K
  class space    used 4723K, committed 5120K, reserved 1048576K
}
Event: 6.230 GC heap before
{Heap before GC invocations=9 (full 0):
 garbage-first heap   total 75776K, used 64338K [0x0000000080000000, 0x0000000100000000)
  region size 1024K, 40 young (40960K), 4 survivors (4096K)
 Metaspace       used 40242K, committed 41408K, reserved 1114112K
  class space    used 5515K, committed 6080K, reserved 1048576K
}
Event: 6.237 GC heap after
{Heap after GC invocations=10 (full 0):
 garbage-first heap   total 75776K, used 29487K [0x0000000080000000, 0x0000000100000000)
  region size 1024K, 3 young (3072K), 3 survivors (3072K)
 Metaspace       used 40242K, committed 41408K, reserved 1114112K
  class space    used 5515K, committed 6080K, reserved 1048576K
}
Event: 6.800 GC heap before
{Heap before GC invocations=10 (full 0):
 garbage-first heap   total 75776K, used 65327K [0x0000000080000000, 0x0000000100000000)
  region size 1024K, 39 young (39936K), 3 survivors (3072K)
 Metaspace       used 45504K, committed 46720K, reserved 1114112K
  class space    used 6059K, committed 6656K, reserved 1048576K
}
Event: 6.808 GC heap after
{Heap after GC invocations=11 (full 0):
 garbage-first heap   total 75776K, used 33545K [0x0000000080000000, 0x0000000100000000)
  region size 1024K, 5 young (5120K), 5 survivors (5120K)
 Metaspace       used 45504K, committed 46720K, reserved 1114112K
  class space    used 6059K, committed 6656K, reserved 1048576K
}
Event: 7.099 GC heap before
{Heap before GC invocations=11 (full 0):
 garbage-first heap   total 75776K, used 65289K [0x0000000080000000, 0x0000000100000000)
  region size 1024K, 36 young (36864K), 5 survivors (5120K)
 Metaspace       used 46602K, committed 47808K, reserved 1114112K
  class space    used 6239K, committed 6848K, reserved 1048576K
}
Event: 7.106 GC heap after
{Heap after GC invocations=12 (full 0):
 garbage-first heap   total 75776K, used 35567K [0x0000000080000000, 0x0000000100000000)
  region size 1024K, 2 young (2048K), 2 survivors (2048K)
 Metaspace       used 46602K, committed 47808K, reserved 1114112K
  class space    used 6239K, committed 6848K, reserved 1048576K
}
Event: 7.792 GC heap before
{Heap before GC invocations=12 (full 0):
 garbage-first heap   total 75776K, used 66287K [0x0000000080000000, 0x0000000100000000)
  region size 1024K, 32 young (32768K), 2 survivors (2048K)
 Metaspace       used 50692K, committed 52096K, reserved 1114112K
  class space    used 6904K, committed 7616K, reserved 1048576K
}
Event: 7.798 GC heap after
{Heap after GC invocations=13 (full 0):
 garbage-first heap   total 75776K, used 37729K [0x0000000080000000, 0x0000000100000000)
  region size 1024K, 4 young (4096K), 4 survivors (4096K)
 Metaspace       used 50692K, committed 52096K, reserved 1114112K
  class space    used 6904K, committed 7616K, reserved 1048576K
}
Event: 8.377 GC heap before
{Heap before GC invocations=14 (full 0):
 garbage-first heap   total 75776K, used 67425K [0x0000000080000000, 0x0000000100000000)
  region size 1024K, 31 young (31744K), 4 survivors (4096K)
 Metaspace       used 54908K, committed 56384K, reserved 1114112K
  class space    used 7416K, committed 8128K, reserved 1048576K
}
Event: 8.382 GC heap after
{Heap after GC invocations=15 (full 0):
 garbage-first heap   total 75776K, used 39002K [0x0000000080000000, 0x0000000100000000)
  region size 1024K, 2 young (2048K), 2 survivors (2048K)
 Metaspace       used 54908K, committed 56384K, reserved 1114112K
  class space    used 7416K, committed 8128K, reserved 1048576K
}

Dll operation events (3 events):
Event: 0.026 Loaded shared library C:\Program Files\Android\Android Studio3\jbr\bin\java.dll
Event: 0.036 Loaded shared library C:\Program Files\Android\Android Studio3\jbr\bin\zip.dll
Event: 1.246 Loaded shared library C:\Program Files\Android\Android Studio3\jbr\bin\verify.dll

Deoptimization events (20 events):
Event: 7.736 Thread 0x0000022701679370 Uncommon trap: trap_request=0xffffffde fr.pc=0x000002276de9d458 relative=0x0000000000000238
Event: 7.736 Thread 0x0000022701679370 Uncommon trap: reason=class_check action=maybe_recompile pc=0x000002276de9d458 method=jdk.internal.loader.URLClassPath.getResource(Ljava/lang/String;Z)Ljdk/internal/loader/Resource; @ 53 c2
Event: 7.736 Thread 0x0000022701679370 DEOPT PACKING pc=0x000002276de9d458 sp=0x0000004e7e5f8de0
Event: 7.736 Thread 0x0000022701679370 DEOPT UNPACKING pc=0x000002276d7446a2 sp=0x0000004e7e5f8d70 mode 2
Event: 7.880 Thread 0x0000022701679370 DEOPT PACKING pc=0x00000227669bb937 sp=0x0000004e7e5f7dc0
Event: 7.881 Thread 0x0000022701679370 DEOPT UNPACKING pc=0x000002276d744e42 sp=0x0000004e7e5f7248 mode 0
Event: 7.984 Thread 0x0000022701679370 Uncommon trap: trap_request=0xffffffde fr.pc=0x000002276de0b61c relative=0x00000000000002dc
Event: 7.984 Thread 0x0000022701679370 Uncommon trap: reason=class_check action=maybe_recompile pc=0x000002276de0b61c method=java.util.Collections$SetFromMap.remove(Ljava/lang/Object;)Z @ 5 c2
Event: 7.984 Thread 0x0000022701679370 DEOPT PACKING pc=0x000002276de0b61c sp=0x0000004e7e5f8960
Event: 7.984 Thread 0x0000022701679370 DEOPT UNPACKING pc=0x000002276d7446a2 sp=0x0000004e7e5f8948 mode 2
Event: 8.014 Thread 0x0000022701679370 DEOPT PACKING pc=0x00000227669bb937 sp=0x0000004e7e5f2070
Event: 8.014 Thread 0x0000022701679370 DEOPT UNPACKING pc=0x000002276d744e42 sp=0x0000004e7e5f14f8 mode 0
Event: 8.129 Thread 0x0000022701679370 Uncommon trap: trap_request=0xffffff54 fr.pc=0x000002276dd4c4a4 relative=0x0000000000001644
Event: 8.129 Thread 0x0000022701679370 Uncommon trap: reason=speculate_null_assert action=make_not_entrant pc=0x000002276dd4c4a4 method=java.util.jar.JarFile.getVersionedEntry(Ljava/lang/String;Ljava/util/jar/JarEntry;)Ljava/util/jar/JarEntry; @ 115 c2
Event: 8.129 Thread 0x0000022701679370 DEOPT PACKING pc=0x000002276dd4c4a4 sp=0x0000004e7e5f8410
Event: 8.129 Thread 0x0000022701679370 DEOPT UNPACKING pc=0x000002276d7446a2 sp=0x0000004e7e5f8418 mode 2
Event: 8.129 Thread 0x0000022701679370 Uncommon trap: trap_request=0xffffff45 fr.pc=0x000002276dcea8c4 relative=0x0000000000001004
Event: 8.129 Thread 0x0000022701679370 Uncommon trap: reason=unstable_if action=reinterpret pc=0x000002276dcea8c4 method=java.util.jar.JarFile.getEntry(Ljava/lang/String;)Ljava/util/zip/ZipEntry; @ 15 c2
Event: 8.129 Thread 0x0000022701679370 DEOPT PACKING pc=0x000002276dcea8c4 sp=0x0000004e7e5f84e0
Event: 8.129 Thread 0x0000022701679370 DEOPT UNPACKING pc=0x000002276d7446a2 sp=0x0000004e7e5f84d8 mode 2

Classes loaded (20 events):
Event: 7.711 Loading class java/util/concurrent/atomic/AtomicReferenceFieldUpdater$AtomicReferenceFieldUpdaterImpl$1
Event: 7.711 Loading class java/util/concurrent/atomic/AtomicReferenceFieldUpdater$AtomicReferenceFieldUpdaterImpl$1 done
Event: 7.927 Loading class java/lang/StringIndexOutOfBoundsException
Event: 7.927 Loading class java/lang/StringIndexOutOfBoundsException done
Event: 7.986 Loading class java/util/stream/DistinctOps
Event: 7.987 Loading class java/util/stream/DistinctOps done
Event: 7.987 Loading class java/util/stream/DistinctOps$1
Event: 7.987 Loading class java/util/stream/ReferencePipeline$StatefulOp
Event: 7.987 Loading class java/util/stream/ReferencePipeline$StatefulOp done
Event: 7.987 Loading class java/util/stream/DistinctOps$1 done
Event: 7.988 Loading class java/util/stream/DistinctOps$1$2
Event: 7.988 Loading class java/util/stream/DistinctOps$1$2 done
Event: 7.991 Loading class java/util/stream/SortedOps
Event: 7.992 Loading class java/util/stream/SortedOps done
Event: 7.992 Loading class java/util/stream/SortedOps$OfRef
Event: 7.992 Loading class java/util/stream/SortedOps$OfRef done
Event: 7.993 Loading class java/util/stream/SortedOps$SizedRefSortingSink
Event: 7.993 Loading class java/util/stream/SortedOps$AbstractRefSortingSink
Event: 7.993 Loading class java/util/stream/SortedOps$AbstractRefSortingSink done
Event: 7.993 Loading class java/util/stream/SortedOps$SizedRefSortingSink done

Classes unloaded (0 events):
No events

Classes redefined (0 events):
No events

Internal exceptions (20 events):
Event: 7.501 Thread 0x0000022701679370 Exception <a 'java/lang/NoSuchMethodError'{0x0000000083a2fa10}: 'int java.lang.invoke.DirectMethodHandle$Holder.invokeInterface(java.lang.Object, java.lang.Object, java.lang.Object, java.lang.Object)'> (0x0000000083a2fa10) 
thrown [s\src\hotspot\share\interpreter\linkResolver.cpp, line 784]
Event: 7.546 Thread 0x0000022701679370 Exception <a 'java/lang/NoSuchMethodError'{0x0000000083885e08}: 'java.lang.Object java.lang.invoke.DirectMethodHandle$Holder.invokeStatic(java.lang.Object, long, java.lang.Object)'> (0x0000000083885e08) 
thrown [s\src\hotspot\share\interpreter\linkResolver.cpp, line 784]
Event: 7.547 Thread 0x0000022701679370 Exception <a 'java/lang/NoSuchMethodError'{0x000000008388d000}: 'java.lang.Object java.lang.invoke.DirectMethodHandle$Holder.newInvokeSpecial(java.lang.Object, long)'> (0x000000008388d000) 
thrown [s\src\hotspot\share\interpreter\linkResolver.cpp, line 784]
Event: 7.554 Thread 0x0000022701679370 Exception <a 'java/lang/NoSuchMethodError'{0x00000000838e7530}: 'java.lang.Object java.lang.invoke.DirectMethodHandle$Holder.newInvokeSpecial(java.lang.Object, java.lang.Object, java.lang.Object, java.lang.Object, java.lang.Object, long)'> (0x00000000838e7530) 
thrown [s\src\hotspot\share\interpreter\linkResolver.cpp, line 784]
Event: 7.555 Thread 0x0000022701679370 Exception <a 'java/lang/NoSuchMethodError'{0x00000000838ec3c0}: 'java.lang.Object java.lang.invoke.DirectMethodHandle$Holder.invokeSpecial(java.lang.Object, java.lang.Object, java.lang.Object, java.lang.Object, java.lang.Object, java.lang.Object, long)'> (0x00000000838ec3c0) 
thrown [s\src\hotspot\share\interpreter\linkResolver.cpp, line 784]
Event: 7.555 Thread 0x0000022701679370 Exception <a 'java/lang/NoSuchMethodError'{0x00000000838f09a0}: 'java.lang.Object java.lang.invoke.Invokers$Holder.linkToTargetMethod(java.lang.Object, java.lang.Object, java.lang.Object, java.lang.Object, long, java.lang.Object)'> (0x00000000838f09a0) 
thrown [s\src\hotspot\share\interpreter\linkResolver.cpp, line 784]
Event: 7.560 Thread 0x0000022701679370 Exception <a 'java/lang/NoSuchMethodError'{0x00000000837391a0}: 'java.lang.Object java.lang.invoke.DirectMethodHandle$Holder.newInvokeSpecial(java.lang.Object, java.lang.Object, java.lang.Object, long)'> (0x00000000837391a0) 
thrown [s\src\hotspot\share\interpreter\linkResolver.cpp, line 784]
Event: 7.560 Thread 0x0000022701679370 Exception <a 'java/lang/NoSuchMethodError'{0x000000008373dcb0}: 'java.lang.Object java.lang.invoke.DirectMethodHandle$Holder.invokeSpecial(java.lang.Object, java.lang.Object, java.lang.Object, java.lang.Object, long)'> (0x000000008373dcb0) 
thrown [s\src\hotspot\share\interpreter\linkResolver.cpp, line 784]
Event: 7.561 Thread 0x0000022701679370 Exception <a 'java/lang/NoSuchMethodError'{0x0000000083741e70}: 'java.lang.Object java.lang.invoke.Invokers$Holder.linkToTargetMethod(java.lang.Object, java.lang.Object, long, java.lang.Object)'> (0x0000000083741e70) 
thrown [s\src\hotspot\share\interpreter\linkResolver.cpp, line 784]
Event: 7.594 Thread 0x0000022701679370 Exception <a 'java/lang/NoSuchMethodError'{0x0000000083568898}: 'java.lang.Object java.lang.invoke.DirectMethodHandle$Holder.newInvokeSpecial(java.lang.Object, java.lang.Object, java.lang.Object, java.lang.Object, java.lang.Object, java.lang.Object, java.lang.Object, java.lang.Object, java.lang.Object, java.lang.Object, java.lang.Object, java.lang.Object, java.lang.Object, java.lang.Object, java.lang.Object, java.lang.Object, java.lang.Object, java.lang.Object, java.lang.Object, java.lang.Object, java.lang
Event: 7.643 Thread 0x0000022701679370 Implicit null exception at 0x000002276dd82700 to 0x000002276dd827b4
Event: 7.786 Thread 0x0000022701679370 Exception <a 'java/lang/NoSuchMethodError'{0x0000000082c9c760}: 'java.lang.Object java.lang.invoke.DirectMethodHandle$Holder.newInvokeSpecial(java.lang.Object, java.lang.Object, java.lang.Object, java.lang.Object, java.lang.Object, java.lang.Object, java.lang.Object, java.lang.Object, java.lang.Object, java.lang.Object, java.lang.Object, java.lang.Object, java.lang.Object, java.lang.Object, java.lang.Object, java.lang.Object, java.lang.Object, java.lang.Object, java.lang.Object)'> (0x0000000082c9c760) 
thr
Event: 7.787 Thread 0x0000022701679370 Exception <a 'java/lang/NoSuchMethodError'{0x0000000082ca30e8}: 'java.lang.Object java.lang.invoke.DirectMethodHandle$Holder.invokeSpecial(java.lang.Object, java.lang.Object, java.lang.Object, java.lang.Object, java.lang.Object, java.lang.Object, java.lang.Object, java.lang.Object, java.lang.Object, java.lang.Object, java.lang.Object, java.lang.Object, java.lang.Object, java.lang.Object, java.lang.Object, java.lang.Object, java.lang.Object, java.lang.Object, java.lang.Object, java.lang.Object)'> (0x0000000
Event: 7.787 Thread 0x0000022701679370 Exception <a 'java/lang/NoSuchMethodError'{0x0000000082ca8938}: 'java.lang.Object java.lang.invoke.DelegatingMethodHandle$Holder.reinvoke_L(java.lang.Object, java.lang.Object, java.lang.Object, java.lang.Object, java.lang.Object, java.lang.Object, java.lang.Object, java.lang.Object, java.lang.Object, java.lang.Object, java.lang.Object, java.lang.Object, java.lang.Object, java.lang.Object, java.lang.Object, java.lang.Object, java.lang.Object, java.lang.Object, java.lang.Object)'> (0x0000000082ca8938) 
throw
Event: 7.816 Thread 0x0000022701679370 Exception <a 'java/lang/IncompatibleClassChangeError'{0x0000000087d709c8}: Found class java.lang.Object, but interface was expected> (0x0000000087d709c8) 
thrown [s\src\hotspot\share\interpreter\linkResolver.cpp, line 851]
Event: 7.821 Thread 0x0000022701679370 Exception <a 'java/lang/NoSuchMethodError'{0x0000000087d8c820}: 'java.lang.Object java.lang.invoke.DirectMethodHandle$Holder.invokeVirtual(java.lang.Object, java.lang.Object, java.lang.Object, java.lang.Object, java.lang.Object, java.lang.Object, java.lang.Object, java.lang.Object, java.lang.Object, java.lang.Object, java.lang.Object, java.lang.Object, java.lang.Object)'> (0x0000000087d8c820) 
thrown [s\src\hotspot\share\interpreter\linkResolver.cpp, line 784]
Event: 7.886 Thread 0x0000022701679370 Exception <a 'java/lang/NoSuchMethodError'{0x0000000086dcaaa0}: 'java.lang.Object java.lang.invoke.DirectMethodHandle$Holder.newInvokeSpecial(java.lang.Object, int, java.lang.Object)'> (0x0000000086dcaaa0) 
thrown [s\src\hotspot\share\interpreter\linkResolver.cpp, line 784]
Event: 7.941 Thread 0x0000022701679370 Exception <a 'java/lang/NoSuchMethodError'{0x0000000086be1038}: 'java.lang.Object java.lang.invoke.DirectMethodHandle$Holder.invokeSpecial(java.lang.Object, java.lang.Object, long, java.lang.Object, java.lang.Object)'> (0x0000000086be1038) 
thrown [s\src\hotspot\share\interpreter\linkResolver.cpp, line 784]
Event: 7.961 Thread 0x0000022701679370 Exception <a 'java/lang/NoSuchMethodError'{0x0000000086ab2680}: 'java.lang.Object java.lang.invoke.DirectMethodHandle$Holder.newInvokeSpecial(java.lang.Object, java.lang.Object, int, java.lang.Object)'> (0x0000000086ab2680) 
thrown [s\src\hotspot\share\interpreter\linkResolver.cpp, line 784]
Event: 7.962 Thread 0x0000022701679370 Exception <a 'java/lang/NoSuchMethodError'{0x0000000086ab6ec0}: 'java.lang.Object java.lang.invoke.DirectMethodHandle$Holder.invokeSpecial(java.lang.Object, java.lang.Object, java.lang.Object, int, java.lang.Object)'> (0x0000000086ab6ec0) 
thrown [s\src\hotspot\share\interpreter\linkResolver.cpp, line 784]

ZGC Phase Switch (0 events):
No events

VM Operations (20 events):
Event: 7.099 Executing VM operation: G1CollectForAllocation (G1 Evacuation Pause)
Event: 7.106 Executing VM operation: G1CollectForAllocation (G1 Evacuation Pause) done
Event: 7.126 Executing VM operation: HandshakeAllThreads (Deoptimize)
Event: 7.126 Executing VM operation: HandshakeAllThreads (Deoptimize) done
Event: 7.160 Executing VM operation: HandshakeAllThreads (Deoptimize)
Event: 7.160 Executing VM operation: HandshakeAllThreads (Deoptimize) done
Event: 7.439 Executing VM operation: HandshakeAllThreads (Deoptimize)
Event: 7.439 Executing VM operation: HandshakeAllThreads (Deoptimize) done
Event: 7.500 Executing VM operation: HandshakeAllThreads (Deoptimize)
Event: 7.500 Executing VM operation: HandshakeAllThreads (Deoptimize) done
Event: 7.792 Executing VM operation: G1CollectForAllocation (G1 Evacuation Pause)
Event: 7.798 Executing VM operation: G1CollectForAllocation (G1 Evacuation Pause) done
Event: 7.842 Executing VM operation: G1PauseRemark
Event: 7.845 Executing VM operation: G1PauseRemark done
Event: 7.864 Executing VM operation: G1PauseCleanup
Event: 7.864 Executing VM operation: G1PauseCleanup done
Event: 7.988 Executing VM operation: HandshakeAllThreads (Deoptimize)
Event: 7.988 Executing VM operation: HandshakeAllThreads (Deoptimize) done
Event: 8.377 Executing VM operation: G1CollectForAllocation (G1 Evacuation Pause)
Event: 8.382 Executing VM operation: G1CollectForAllocation (G1 Evacuation Pause) done

Memory protections (0 events):
No events

Nmethod flushes (20 events):
Event: 7.844 Thread 0x000002277a738540 flushing  nmethod 0x000002276622ab90
Event: 7.844 Thread 0x000002277a738540 flushing  nmethod 0x0000022766270390
Event: 7.844 Thread 0x000002277a738540 flushing  nmethod 0x0000022766270f10
Event: 7.844 Thread 0x000002277a738540 flushing  nmethod 0x0000022766273f10
Event: 7.844 Thread 0x000002277a738540 flushing  nmethod 0x00000227662e5d10
Event: 7.844 Thread 0x000002277a738540 flushing  nmethod 0x0000022766326f10
Event: 7.845 Thread 0x000002277a738540 flushing  nmethod 0x0000022766327510
Event: 7.845 Thread 0x000002277a738540 flushing  nmethod 0x0000022766328690
Event: 7.845 Thread 0x000002277a738540 flushing  nmethod 0x000002276632a010
Event: 7.845 Thread 0x000002277a738540 flushing  nmethod 0x000002276638b510
Event: 7.845 Thread 0x000002277a738540 flushing  nmethod 0x0000022766413f90
Event: 7.845 Thread 0x000002277a738540 flushing  nmethod 0x0000022766506510
Event: 7.845 Thread 0x000002277a738540 flushing  nmethod 0x0000022766544690
Event: 7.845 Thread 0x000002277a738540 flushing  nmethod 0x0000022766545590
Event: 7.845 Thread 0x000002277a738540 flushing  nmethod 0x0000022766549a10
Event: 7.845 Thread 0x000002277a738540 flushing  nmethod 0x000002276654c410
Event: 7.845 Thread 0x000002277a738540 flushing  nmethod 0x000002276654dc90
Event: 7.845 Thread 0x000002277a738540 flushing osr nmethod 0x0000022766622b10
Event: 7.845 Thread 0x000002277a738540 flushing  nmethod 0x0000022766666690
Event: 7.845 Thread 0x000002277a738540 flushing  nmethod 0x000002276666f810

Events (20 events):
Event: 3.292 Thread 0x0000022701403570 Thread added: 0x00000227013ac9c0
Event: 3.294 Thread 0x00000227013ac9c0 Thread added: 0x00000227013a9e40
Event: 3.327 Thread 0x00000227013ac9c0 Thread added: 0x00000227016772a0
Event: 3.336 Thread 0x00000227013ac9c0 Thread added: 0x0000022701679370
Event: 3.347 Thread 0x0000022701679370 Thread added: 0x000002270167a720
Event: 3.351 Thread 0x0000022701679370 Thread added: 0x0000022701679a00
Event: 3.354 Thread 0x0000022701679370 Thread added: 0x0000022701678650
Event: 3.821 Thread 0x0000022701679370 Thread added: 0x0000022701678ce0
Event: 3.833 Thread 0x0000022701679370 Thread added: 0x0000022701677930
Event: 3.863 Thread 0x0000022701679370 Thread added: 0x0000022701677fc0
Event: 5.051 Thread 0x0000022701679370 Thread added: 0x0000022701c730f0
Event: 5.077 Thread 0x0000022701679370 Thread added: 0x0000022701c6e230
Event: 5.374 Thread 0x0000022701679370 Thread added: 0x0000022701c6ef50
Event: 5.381 Thread 0x0000022701679370 Thread added: 0x0000022701c6f5e0
Event: 5.436 Thread 0x000002270085ca90 Thread exited: 0x000002270085ca90
Event: 5.688 Thread 0x0000022701679370 Thread added: 0x0000022701c70300
Event: 5.728 Thread 0x0000022701679370 Thread added: 0x0000022701c6fc70
Event: 5.869 Thread 0x0000022701679370 Thread added: 0x0000022701c71d40
Event: 5.884 Thread 0x000002277a92a580 Thread added: 0x000002277f358930
Event: 6.022 Thread 0x0000022701679370 Thread added: 0x0000022701c70990


Dynamic libraries:
0x00007ff715510000 - 0x00007ff71551a000 	C:\Program Files\Android\Android Studio3\jbr\bin\java.exe
0x00007ffd93710000 - 0x00007ffd93927000 	C:\WINDOWS\SYSTEM32\ntdll.dll
0x00007ffd92250000 - 0x00007ffd92314000 	C:\WINDOWS\System32\KERNEL32.DLL
0x00007ffd90ec0000 - 0x00007ffd9127a000 	C:\WINDOWS\System32\KERNELBASE.dll
0x00007ffd912e0000 - 0x00007ffd913f1000 	C:\WINDOWS\System32\ucrtbase.dll
0x00007ffd77730000 - 0x00007ffd77748000 	C:\Program Files\Android\Android Studio3\jbr\bin\jli.dll
0x00007ffd91f50000 - 0x00007ffd920fe000 	C:\WINDOWS\System32\USER32.dll
0x00007ffd91280000 - 0x00007ffd912a6000 	C:\WINDOWS\System32\win32u.dll
0x00007ffd8e5e0000 - 0x00007ffd8e5fb000 	C:\Program Files\Android\Android Studio3\jbr\bin\VCRUNTIME140.dll
0x00007ffd7b390000 - 0x00007ffd7b622000 	C:\WINDOWS\WinSxS\amd64_microsoft.windows.common-controls_6595b64144ccf1df_6.0.22621.4541_none_2710d1c57384c085\COMCTL32.dll
0x00007ffd934a0000 - 0x00007ffd93547000 	C:\WINDOWS\System32\msvcrt.dll
0x00007ffd92440000 - 0x00007ffd92469000 	C:\WINDOWS\System32\GDI32.dll
0x00007ffd90d00000 - 0x00007ffd90e1b000 	C:\WINDOWS\System32\gdi32full.dll
0x00007ffd90e20000 - 0x00007ffd90eba000 	C:\WINDOWS\System32\msvcp_win.dll
0x00007ffd91aa0000 - 0x00007ffd91ad1000 	C:\WINDOWS\System32\IMM32.DLL
0x00007ffd8e5d0000 - 0x00007ffd8e5dc000 	C:\Program Files\Android\Android Studio3\jbr\bin\vcruntime140_1.dll
0x00007ffd156b0000 - 0x00007ffd1573d000 	C:\Program Files\Android\Android Studio3\jbr\bin\msvcp140.dll
0x00007ffcf3e00000 - 0x00007ffcf4a83000 	C:\Program Files\Android\Android Studio3\jbr\bin\server\jvm.dll
0x00007ffd92100000 - 0x00007ffd921b2000 	C:\WINDOWS\System32\ADVAPI32.dll
0x00007ffd91e80000 - 0x00007ffd91f27000 	C:\WINDOWS\System32\sechost.dll
0x00007ffd912b0000 - 0x00007ffd912d8000 	C:\WINDOWS\System32\bcrypt.dll
0x00007ffd92320000 - 0x00007ffd92434000 	C:\WINDOWS\System32\RPCRT4.dll
0x00007ffd93100000 - 0x00007ffd93171000 	C:\WINDOWS\System32\WS2_32.dll
0x00007ffd8fa10000 - 0x00007ffd8fa5d000 	C:\WINDOWS\SYSTEM32\POWRPROF.dll
0x00007ffd8c490000 - 0x00007ffd8c4c4000 	C:\WINDOWS\SYSTEM32\WINMM.dll
0x00007ffd8c7e0000 - 0x00007ffd8c7ea000 	C:\WINDOWS\SYSTEM32\VERSION.dll
0x00007ffd8f990000 - 0x00007ffd8f9a3000 	C:\WINDOWS\SYSTEM32\UMPDC.dll
0x00007ffd8fb00000 - 0x00007ffd8fb18000 	C:\WINDOWS\SYSTEM32\kernel.appcore.dll
0x00007ffd8e5c0000 - 0x00007ffd8e5ca000 	C:\Program Files\Android\Android Studio3\jbr\bin\jimage.dll
0x00007ffd8e300000 - 0x00007ffd8e532000 	C:\WINDOWS\SYSTEM32\DBGHELP.DLL
0x00007ffd91ae0000 - 0x00007ffd91e71000 	C:\WINDOWS\System32\combase.dll
0x00007ffd92fc0000 - 0x00007ffd93097000 	C:\WINDOWS\System32\OLEAUT32.dll
0x00007ffd6b940000 - 0x00007ffd6b972000 	C:\WINDOWS\SYSTEM32\dbgcore.DLL
0x00007ffd909d0000 - 0x00007ffd90a4b000 	C:\WINDOWS\System32\bcryptPrimitives.dll
0x00007ffd8d330000 - 0x00007ffd8d33e000 	C:\Program Files\Android\Android Studio3\jbr\bin\instrument.dll
0x00007ffd8be20000 - 0x00007ffd8be40000 	C:\Program Files\Android\Android Studio3\jbr\bin\java.dll
0x00007ffd7d9f0000 - 0x00007ffd7da08000 	C:\Program Files\Android\Android Studio3\jbr\bin\zip.dll
0x00007ffd92470000 - 0x00007ffd92ce9000 	C:\WINDOWS\System32\SHELL32.dll
0x00007ffd8e910000 - 0x00007ffd8f219000 	C:\WINDOWS\SYSTEM32\windows.storage.dll
0x00007ffd8e7d0000 - 0x00007ffd8e90f000 	C:\WINDOWS\SYSTEM32\wintypes.dll
0x00007ffd93340000 - 0x00007ffd9343a000 	C:\WINDOWS\System32\SHCORE.dll
0x00007ffd93440000 - 0x00007ffd9349e000 	C:\WINDOWS\System32\shlwapi.dll
0x00007ffd90900000 - 0x00007ffd9092b000 	C:\WINDOWS\SYSTEM32\profapi.dll
0x00007ffd8cf40000 - 0x00007ffd8cf50000 	C:\Program Files\Android\Android Studio3\jbr\bin\net.dll
0x00007ffd8c350000 - 0x00007ffd8c486000 	C:\WINDOWS\SYSTEM32\WINHTTP.dll
0x00007ffd8ff80000 - 0x00007ffd8ffe9000 	C:\WINDOWS\system32\mswsock.dll
0x00007ffd791f0000 - 0x00007ffd79206000 	C:\Program Files\Android\Android Studio3\jbr\bin\nio.dll
0x00007ffd8e5b0000 - 0x00007ffd8e5c0000 	C:\Program Files\Android\Android Studio3\jbr\bin\verify.dll
0x00007ffd71760000 - 0x00007ffd71787000 	C:\Users\ugayg\.gradle\native\c067742578af261105cb4f569cf0c3c89f3d7b1fecec35dd04571415982c5e48\windows-amd64\native-platform.dll
0x00007ffd16e40000 - 0x00007ffd16f84000 	C:\Users\ugayg\.gradle\native\100fb08df4bc3b14c8652ba06237920a3bd2aa13389f12d3474272988ae205f9\windows-amd64\native-platform-file-events.dll
0x00007ffd8bd80000 - 0x00007ffd8bd89000 	C:\Program Files\Android\Android Studio3\jbr\bin\management.dll
0x00007ffd8bd70000 - 0x00007ffd8bd7b000 	C:\Program Files\Android\Android Studio3\jbr\bin\management_ext.dll
0x00007ffd91a10000 - 0x00007ffd91a18000 	C:\WINDOWS\System32\PSAPI.DLL
0x00007ffd901e0000 - 0x00007ffd901fb000 	C:\WINDOWS\SYSTEM32\CRYPTSP.dll
0x00007ffd8fa60000 - 0x00007ffd8fa95000 	C:\WINDOWS\system32\rsaenh.dll
0x00007ffd90070000 - 0x00007ffd90098000 	C:\WINDOWS\SYSTEM32\USERENV.dll
0x00007ffd901d0000 - 0x00007ffd901dc000 	C:\WINDOWS\SYSTEM32\CRYPTBASE.dll
0x00007ffd8f480000 - 0x00007ffd8f4ad000 	C:\WINDOWS\SYSTEM32\IPHLPAPI.DLL
0x00007ffd91a90000 - 0x00007ffd91a99000 	C:\WINDOWS\System32\NSI.dll
0x00007ffd8bda0000 - 0x00007ffd8bda9000 	C:\Program Files\Android\Android Studio3\jbr\bin\extnet.dll
0x00007ffd8bf10000 - 0x00007ffd8bf18000 	C:\WINDOWS\system32\wshunix.dll

dbghelp: loaded successfully - version: 4.0.5 - missing functions: none
symbol engine: initialized successfully - sym options: 0x614 - pdb path: .;C:\Program Files\Android\Android Studio3\jbr\bin;C:\WINDOWS\SYSTEM32;C:\WINDOWS\WinSxS\amd64_microsoft.windows.common-controls_6595b64144ccf1df_6.0.22621.4541_none_2710d1c57384c085;C:\Program Files\Android\Android Studio3\jbr\bin\server;C:\Users\ugayg\.gradle\native\c067742578af261105cb4f569cf0c3c89f3d7b1fecec35dd04571415982c5e48\windows-amd64;C:\Users\ugayg\.gradle\native\100fb08df4bc3b14c8652ba06237920a3bd2aa13389f12d3474272988ae205f9\windows-amd64

VM Arguments:
jvm_args: --add-opens=java.base/java.util=ALL-UNNAMED --add-opens=java.base/java.lang=ALL-UNNAMED --add-opens=java.base/java.lang.invoke=ALL-UNNAMED --add-opens=java.prefs/java.util.prefs=ALL-UNNAMED --add-exports=jdk.compiler/com.sun.tools.javac.api=ALL-UNNAMED --add-exports=jdk.compiler/com.sun.tools.javac.util=ALL-UNNAMED --add-opens=java.base/java.nio.charset=ALL-UNNAMED --add-opens=java.base/java.net=ALL-UNNAMED --add-opens=java.base/java.util.concurrent.atomic=ALL-UNNAMED -Xmx2048m -Dfile.encoding=UTF-8 -Duser.country=PH -Duser.language=en -Duser.variant -javaagent:C:\Users\ugayg\.gradle\wrapper\dists\gradle-8.10.2-bin\a04bxjujx95o3nb99gddekhwo\gradle-8.10.2\lib\agents\gradle-instrumentation-agent-8.10.2.jar 
java_command: org.gradle.launcher.daemon.bootstrap.GradleDaemon 8.10.2
java_class_path (initial): C:\Users\ugayg\.gradle\wrapper\dists\gradle-8.10.2-bin\a04bxjujx95o3nb99gddekhwo\gradle-8.10.2\lib\gradle-daemon-main-8.10.2.jar
Launcher Type: SUN_STANDARD

[Global flags]
     intx CICompilerCount                          = 4                                         {product} {ergonomic}
     uint ConcGCThreads                            = 2                                         {product} {ergonomic}
     uint G1ConcRefinementThreads                  = 8                                         {product} {ergonomic}
   size_t G1HeapRegionSize                         = 1048576                                   {product} {ergonomic}
    uintx GCDrainStackTargetSize                   = 64                                        {product} {ergonomic}
   size_t InitialHeapSize                          = 132120576                                 {product} {ergonomic}
   size_t MarkStackSize                            = 4194304                                   {product} {ergonomic}
   size_t MaxHeapSize                              = 2147483648                                {product} {command line}
   size_t MaxNewSize                               = 1287651328                                {product} {ergonomic}
   size_t MinHeapDeltaBytes                        = 1048576                                   {product} {ergonomic}
   size_t MinHeapSize                              = 8388608                                   {product} {ergonomic}
    uintx NonNMethodCodeHeapSize                   = 5839372                                {pd product} {ergonomic}
    uintx NonProfiledCodeHeapSize                  = 122909434                              {pd product} {ergonomic}
    uintx ProfiledCodeHeapSize                     = 122909434                              {pd product} {ergonomic}
    uintx ReservedCodeCacheSize                    = 251658240                              {pd product} {ergonomic}
     bool SegmentedCodeCache                       = true                                      {product} {ergonomic}
   size_t SoftMaxHeapSize                          = 2147483648                             {manageable} {ergonomic}
     bool UseCompressedOops                        = true                           {product lp64_product} {ergonomic}
     bool UseG1GC                                  = true                                      {product} {ergonomic}
     bool UseLargePagesIndividualAllocation        = false                                  {pd product} {ergonomic}

Logging:
Log output configuration:
 #0: stdout all=warning uptime,level,tags foldmultilines=false
 #1: stderr all=off uptime,level,tags foldmultilines=false

Environment Variables:
PATH=C:\Program Files\Common Files\Oracle\Java\javapath;C:\ProgramData\Oracle\Java\javapath;C:\Windows\system32;C:\Windows;C:\Windows\System32\Wbem;C:\Windows\System32\WindowsPowerShell\v1.0\;C:\Windows\System32\OpenSSH\;C:\Program Files (x86)\NVIDIA Corporation\PhysX\Common;C:\Program Files\NVIDIA Corporation\NVIDIA NvDLISR;C:\WINDOWS\system32;C:\WINDOWS;C:\WINDOWS\System32\Wbem;C:\WINDOWS\System32\WindowsPowerShell\v1.0\;C:\WINDOWS\System32\OpenSSH\;C:\Program Files\dotnet\;C:\Program Files\Git\cmd;C:\Program Files\Microsoft SQL Server\150\Tools\Binn\;php-8.3.12;C:\xampp\php;C:\ProgramData\ComposerSetup\bin;C:\Program Files\nodejs\;C:\flutter-dev\flutter\bin;C:\Users\ugayg\AppData\Local\Programs\Python\Launcher\;C:\Users\ugayg\AppData\Local\Microsoft\WindowsApps;C:\Users\ugayg\AppData\Local\Programs\Microsoft VS Code\bin;C:\Users\ugayg\Downloads\cmd;C:\Users\ugayg\AppData\Local\GitHubDesktop\bin;C:\Users\ugayg\AppData\Roaming\npm
USERNAME=ugayg
OS=Windows_NT
PROCESSOR_IDENTIFIER=Intel64 Family 6 Model 165 Stepping 2, GenuineIntel
TMP=C:\Users\ugayg\AppData\Local\Temp
TEMP=C:\Users\ugayg\AppData\Local\Temp




Periodic native trim disabled

JNI global refs:
JNI global refs: 25, weak refs: 0

JNI global refs memory usage: 835, weak refs: 833

Process memory usage:
Resident Set Size: 255136K (3% of 8215604K total physical memory with 519672K free physical memory)

OOME stack traces (most recent first):
Classloader memory used:
Loader org.gradle.internal.classloader.VisitableURLClassLoader                         : 28184K
Loader bootstrap                                                                       : 21618K
Loader org.gradle.initialization.MixInLegacyTypesClassLoader                           : 5396K
Loader jdk.internal.loader.ClassLoaders$PlatformClassLoader                            : 501K
Loader jdk.internal.loader.ClassLoaders$AppClassLoader                                 : 234K
Loader org.gradle.internal.classloader.VisitableURLClassLoader                         : 19120B

Classes loaded by more than one classloader:
Class org.gradle.internal.classloader.FilteringClassLoader                            : loaded 2 times (x 101B)
Class org.gradle.internal.classloader.ClassLoaderHierarchy                            : loaded 2 times (x 66B)
Class org.gradle.api.internal.classpath.ManifestUtil                                  : loaded 2 times (x 67B)
Class org.gradle.internal.classloader.DefaultClassLoaderFactory                       : loaded 2 times (x 78B)
Class org.gradle.internal.classloader.ClassLoaderVisitor                              : loaded 2 times (x 72B)
Class org.gradle.api.internal.classpath.EffectiveClassPath                            : loaded 2 times (x 86B)
Class org.gradle.api.internal.DefaultClassPathProvider                                : loaded 2 times (x 72B)
Class [Lorg.gradle.api.internal.ClassPathProvider;                                    : loaded 2 times (x 65B)
Class org.gradle.api.internal.ClassPathProvider                                       : loaded 2 times (x 66B)
Class org.gradle.internal.service.UnknownServiceException                             : loaded 2 times (x 79B)
Class org.gradle.internal.classpath.TransformedClassPath                              : loaded 2 times (x 92B)
Class org.gradle.internal.classloader.InstrumentingClassLoader                        : loaded 2 times (x 66B)
Class org.gradle.internal.service.ServiceLocator                                      : loaded 2 times (x 66B)
Class org.gradle.internal.InternalTransformer                                         : loaded 2 times (x 66B)
Class org.gradle.internal.classloader.ClasspathUtil$1                                 : loaded 2 times (x 72B)
Class org.gradle.api.internal.classpath.DefaultModuleRegistry$DefaultModule           : loaded 2 times (x 82B)
Class org.gradle.api.internal.classpath.Module                                        : loaded 2 times (x 66B)
Class org.gradle.api.internal.classpath.UnknownModuleException                        : loaded 2 times (x 78B)
Class org.gradle.api.internal.DefaultClassPathRegistry                                : loaded 2 times (x 72B)
Class org.gradle.api.internal.ClassPathRegistry                                       : loaded 2 times (x 66B)
Class org.gradle.internal.classpath.DefaultClassPath$ImmutableUniqueList              : loaded 2 times (x 195B)
Class org.gradle.internal.classpath.ClassPath                                         : loaded 2 times (x 66B)
Class org.gradle.api.UncheckedIOException                                             : loaded 2 times (x 78B)
Class org.gradle.internal.installation.GradleInstallation$1                           : loaded 2 times (x 71B)
Class org.gradle.api.internal.classpath.ModuleRegistry                                : loaded 2 times (x 66B)
Class org.gradle.api.internal.classpath.DefaultModuleRegistry                         : loaded 2 times (x 82B)
Class org.gradle.internal.service.ServiceLookupException                              : loaded 2 times (x 78B)
Class org.gradle.internal.classloader.ClassLoaderFactory                              : loaded 2 times (x 66B)
Class org.gradle.internal.service.CachingServiceLocator                               : loaded 2 times (x 78B)
Class org.gradle.internal.classloader.ClasspathUtil                                   : loaded 2 times (x 67B)
Class org.gradle.api.specs.Spec                                                       : loaded 2 times (x 66B)
Class org.gradle.internal.classloader.VisitableURLClassLoader$InstrumentingVisitableURLClassLoader: loaded 2 times (x 119B)
Class org.gradle.internal.classloader.VisitableURLClassLoader$Spec                    : loaded 2 times (x 70B)
Class org.gradle.internal.classpath.DefaultClassPath                                  : loaded 2 times (x 86B)
Class org.gradle.internal.classloader.ClassLoaderSpec                                 : loaded 2 times (x 67B)
Class org.gradle.internal.classloader.VisitableURLClassLoader                         : loaded 2 times (x 113B)
Class org.gradle.internal.Cast                                                        : loaded 2 times (x 67B)
Class org.gradle.api.Action                                                           : loaded 2 times (x 66B)
Class org.gradle.internal.classpath.DefaultClassPath$ImmutableUniqueList$Builder      : loaded 2 times (x 71B)
Class org.gradle.api.GradleException                                                  : loaded 2 times (x 78B)
Class org.gradle.internal.IoActions                                                   : loaded 2 times (x 67B)
Class org.gradle.internal.classloader.SystemClassLoaderSpec                           : loaded 2 times (x 67B)
Class org.gradle.api.internal.classpath.GlobalCacheRootsProvider                      : loaded 2 times (x 66B)
Class org.gradle.internal.installation.CurrentGradleInstallationLocator               : loaded 2 times (x 67B)
Class org.gradle.internal.service.DefaultServiceLocator                               : loaded 2 times (x 79B)
Class org.gradle.internal.installation.CurrentGradleInstallation                      : loaded 2 times (x 69B)
Class org.gradle.util.internal.GUtil                                                  : loaded 2 times (x 67B)
Class org.gradle.internal.installation.GradleInstallation                             : loaded 2 times (x 71B)

---------------  S Y S T E M  ---------------

OS:
 Windows 11 , 64 bit Build 22621 (10.0.22621.4391)
OS uptime: 0 days 17:11 hours

CPU: total 8 (initial active 8) (4 cores per cpu, 2 threads per core) family 6 model 165 stepping 2 microcode 0xe0, cx8, cmov, fxsr, ht, mmx, 3dnowpref, sse, sse2, sse3, ssse3, sse4.1, sse4.2, popcnt, lzcnt, tsc, tscinvbit, avx, avx2, aes, erms, clmul, bmi1, bmi2, adx, fma, vzeroupper, clflush, clflushopt, rdtscp, f16c, pku
Processor Information for all 8 processors :
  Max Mhz: 2496, Current Mhz: 2496, Mhz Limit: 2496

Memory: 4k page, system-wide physical 8023M (507M free)
TotalPageFile size 18884M (AvailPageFile size 7M)
current process WorkingSet (physical memory assigned to process): 249M, peak: 251M
current process commit charge ("private bytes"): 286M, peak: 289M

vm_info: OpenJDK 64-Bit Server VM (21.0.4+-12508038-b607.1) for windows-amd64 JRE (21.0.4+-12508038-b607.1), built on 2024-10-16T17:23:34Z by "builder" with MS VC++ 16.10 / 16.11 (VS2019)

END.
