#
# There is insufficient memory for the Java Runtime Environment to continue.
# Native memory allocation (mmap) failed to map 16777216 bytes. Error detail: G1 virtual space
# Possible reasons:
#   The system is out of physical RAM or swap space
#   This process is running with CompressedOops enabled, and the Java Heap may be blocking the growth of the native heap
# Possible solutions:
#   Reduce memory load on the system
#   Increase physical memory or swap space
#   Check if swap backing store is full
#   Decrease Java heap size (-Xmx/-Xms)
#   Decrease number of Java threads
#   Decrease Java thread stack sizes (-Xss)
#   Set larger code cache with -XX:ReservedCodeCacheSize=
#   JVM is running with Unscaled Compressed Oops mode in which the Java heap is
#     placed in the first 4GB address space. The Java Heap base address is the
#     maximum limit for the native heap growth. Please use -XX:HeapBaseMinAddress
#     to set the Java Heap base and to place the Java Heap above 4GB virtual address.
# This output file may be truncated or incomplete.
#
#  Out of Memory Error (os_windows.cpp:3828), pid=13688, tid=24744
#
# JRE version: OpenJDK Runtime Environment (21.0.4) (build 21.0.4+-12508038-b607.1)
# Java VM: OpenJDK 64-Bit Server VM (21.0.4+-12508038-b607.1, mixed mode, tiered, compressed oops, compressed class ptrs, g1 gc, windows-amd64)
# No core dump will be written. Minidumps are not enabled by default on client versions of Windows
#

---------------  S U M M A R Y ------------

Command Line: --add-opens=java.base/java.util=ALL-UNNAMED --add-opens=java.base/java.lang=ALL-UNNAMED --add-opens=java.base/java.lang.invoke=ALL-UNNAMED --add-opens=java.prefs/java.util.prefs=ALL-UNNAMED --add-exports=jdk.compiler/com.sun.tools.javac.api=ALL-UNNAMED --add-exports=jdk.compiler/com.sun.tools.javac.util=ALL-UNNAMED --add-opens=java.base/java.nio.charset=ALL-UNNAMED --add-opens=java.base/java.net=ALL-UNNAMED --add-opens=java.base/java.util.concurrent.atomic=ALL-UNNAMED -Xmx2048m -Dfile.encoding=UTF-8 -Duser.country=PH -Duser.language=en -Duser.variant -javaagent:C:\Users\ugayg\.gradle\wrapper\dists\gradle-8.10.2-bin\a04bxjujx95o3nb99gddekhwo\gradle-8.10.2\lib\agents\gradle-instrumentation-agent-8.10.2.jar org.gradle.launcher.daemon.bootstrap.GradleDaemon 8.10.2

Host: Intel(R) Core(TM) i5-10300H CPU @ 2.50GHz, 8 cores, 7G,  Windows 11 , 64 bit Build 22621 (10.0.22621.4391)
Time: Sun Jan 26 14:59:04 2025 China Standard Time elapsed time: 4.767536 seconds (0d 0h 0m 4s)

---------------  T H R E A D  ---------------

Current thread (0x000002899d00b680):  VMThread "VM Thread"          [id=24744, stack(0x000000a0bce00000,0x000000a0bcf00000) (1024K)]

Stack: [0x000000a0bce00000,0x000000a0bcf00000]
Native frames: (J=compiled Java code, j=interpreted, Vv=VM code, C=native code)
V  [jvm.dll+0x6ce539]
V  [jvm.dll+0x85bf03]
V  [jvm.dll+0x85e45e]
V  [jvm.dll+0x85eb43]
V  [jvm.dll+0x27dd06]
V  [jvm.dll+0x6cada5]
V  [jvm.dll+0x6bf27a]
V  [jvm.dll+0x3541fb]
V  [jvm.dll+0x35be36]
V  [jvm.dll+0x3adbc6]
V  [jvm.dll+0x3ade98]
V  [jvm.dll+0x32691c]
V  [jvm.dll+0x3269a7]
V  [jvm.dll+0x36c78c]
V  [jvm.dll+0x36af3e]
V  [jvm.dll+0x326071]
V  [jvm.dll+0x36a650]
V  [jvm.dll+0x8648c8]
V  [jvm.dll+0x865c44]
V  [jvm.dll+0x866180]
V  [jvm.dll+0x866413]
V  [jvm.dll+0x804418]
V  [jvm.dll+0x6cce0d]
C  [ucrtbase.dll+0x29333]
C  [KERNEL32.DLL+0x1259d]
C  [ntdll.dll+0x5af38]

VM_Operation (0x000000a0be7fb6a0): G1CollectForAllocation, mode: safepoint, requested by thread 0x000002899f04ffe0


---------------  P R O C E S S  ---------------

Threads class SMR info:
_java_thread_list=0x00000289a0b85210, length=28, elements={
0x00000289ff8ab180, 0x000002899d096fb0, 0x000002899d097780, 0x000002899d0aa620,
0x000002899d0ac5c0, 0x000002899d0b9f50, 0x000002899d0ba5c0, 0x000002899d0baf60,
0x000002899d0c0b20, 0x000002899885e810, 0x000002899d3c4bb0, 0x000002899dcdb6b0,
0x000002899f117350, 0x000002899ededa40, 0x000002899f1eaba0, 0x000002899f1c4130,
0x000002899f1c4fb0, 0x000002899ef34430, 0x000002899f04ffe0, 0x000002899f04f950,
0x000002899f04ec30, 0x000002899f04f2c0, 0x000002899f574ac0, 0x000002899f575150,
0x000002899f574430, 0x00000289a002ce40, 0x000002899f573da0, 0x000002899f57a010
}

Java Threads: ( => current thread )
  0x00000289ff8ab180 JavaThread "main"                              [_thread_blocked, id=26008, stack(0x000000a0bc700000,0x000000a0bc800000) (1024K)]
  0x000002899d096fb0 JavaThread "Reference Handler"          daemon [_thread_blocked, id=25964, stack(0x000000a0bcf00000,0x000000a0bd000000) (1024K)]
  0x000002899d097780 JavaThread "Finalizer"                  daemon [_thread_blocked, id=3344, stack(0x000000a0bd000000,0x000000a0bd100000) (1024K)]
  0x000002899d0aa620 JavaThread "Signal Dispatcher"          daemon [_thread_blocked, id=1456, stack(0x000000a0bd100000,0x000000a0bd200000) (1024K)]
  0x000002899d0ac5c0 JavaThread "Attach Listener"            daemon [_thread_blocked, id=15236, stack(0x000000a0bd200000,0x000000a0bd300000) (1024K)]
  0x000002899d0b9f50 JavaThread "Service Thread"             daemon [_thread_blocked, id=24908, stack(0x000000a0bd300000,0x000000a0bd400000) (1024K)]
  0x000002899d0ba5c0 JavaThread "Monitor Deflation Thread"   daemon [_thread_blocked, id=24460, stack(0x000000a0bd400000,0x000000a0bd500000) (1024K)]
  0x000002899d0baf60 JavaThread "C2 CompilerThread0"         daemon [_thread_blocked, id=24248, stack(0x000000a0bd500000,0x000000a0bd600000) (1024K)]
  0x000002899d0c0b20 JavaThread "C1 CompilerThread0"         daemon [_thread_blocked, id=26052, stack(0x000000a0bd600000,0x000000a0bd700000) (1024K)]
  0x000002899885e810 JavaThread "Common-Cleaner"             daemon [_thread_blocked, id=26348, stack(0x000000a0bd700000,0x000000a0bd800000) (1024K)]
  0x000002899d3c4bb0 JavaThread "Notification Thread"        daemon [_thread_blocked, id=6644, stack(0x000000a0bd800000,0x000000a0bd900000) (1024K)]
  0x000002899dcdb6b0 JavaThread "C2 CompilerThread1"         daemon [_thread_in_native, id=2400, stack(0x000000a0bd900000,0x000000a0bda00000) (1024K)]
  0x000002899f117350 JavaThread "Daemon health stats"               [_thread_blocked, id=3192, stack(0x000000a0bda00000,0x000000a0bdb00000) (1024K)]
  0x000002899ededa40 JavaThread "Incoming local TCP Connector on port 60047"        [_thread_in_native, id=9756, stack(0x000000a0be200000,0x000000a0be300000) (1024K)]
  0x000002899f1eaba0 JavaThread "Daemon periodic checks"            [_thread_blocked, id=14120, stack(0x000000a0be300000,0x000000a0be400000) (1024K)]
  0x000002899f1c4130 JavaThread "Daemon"                            [_thread_blocked, id=7220, stack(0x000000a0be400000,0x000000a0be500000) (1024K)]
  0x000002899f1c4fb0 JavaThread "Handler for socket connection from /127.0.0.1:60047 to /127.0.0.1:60048"        [_thread_in_native, id=22716, stack(0x000000a0be500000,0x000000a0be600000) (1024K)]
  0x000002899ef34430 JavaThread "Cancel handler"                    [_thread_blocked, id=13720, stack(0x000000a0be600000,0x000000a0be700000) (1024K)]
  0x000002899f04ffe0 JavaThread "Daemon worker"                     [_thread_blocked, id=22624, stack(0x000000a0be700000,0x000000a0be800000) (1024K)]
  0x000002899f04f950 JavaThread "Asynchronous log dispatcher for DefaultDaemonConnection: socket connection from /127.0.0.1:60047 to /127.0.0.1:60048"        [_thread_blocked, id=19040, stack(0x000000a0be800000,0x000000a0be900000) (1024K)]
  0x000002899f04ec30 JavaThread "Stdin handler"                     [_thread_blocked, id=11824, stack(0x000000a0be900000,0x000000a0bea00000) (1024K)]
  0x000002899f04f2c0 JavaThread "Daemon client event forwarder"        [_thread_blocked, id=13844, stack(0x000000a0bea00000,0x000000a0beb00000) (1024K)]
  0x000002899f574ac0 JavaThread "Cache worker for journal cache (C:\Users\ugayg\.gradle\caches\journal-1)"        [_thread_blocked, id=8000, stack(0x000000a0bec00000,0x000000a0bed00000) (1024K)]
  0x000002899f575150 JavaThread "File lock request listener"        [_thread_in_native, id=2740, stack(0x000000a0bed00000,0x000000a0bee00000) (1024K)]
  0x000002899f574430 JavaThread "Cache worker for file hash cache (C:\Users\ugayg\.gradle\caches\8.10.2\fileHashes)"        [_thread_blocked, id=14468, stack(0x000000a0bee00000,0x000000a0bef00000) (1024K)]
  0x00000289a002ce40 JavaThread "C2 CompilerThread2"         daemon [_thread_blocked, id=16708, stack(0x000000a0bef00000,0x000000a0bf000000) (1024K)]
  0x000002899f573da0 JavaThread "Cache worker for file hash cache (C:\Users\ugayg\AndroidStudioProjects\HungryMe\.gradle\8.10.2\fileHashes)"        [_thread_blocked, id=23320, stack(0x000000a0bf000000,0x000000a0bf100000) (1024K)]
  0x000002899f57a010 JavaThread "Cache worker for Build Output Cleanup Cache (C:\Users\ugayg\AndroidStudioProjects\HungryMe\.gradle\buildOutputCleanup)"        [_thread_blocked, id=24352, stack(0x000000a0bf100000,0x000000a0bf200000) (1024K)]
Total: 28

Other Threads:
=>0x000002899d00b680 VMThread "VM Thread"                           [id=24744, stack(0x000000a0bce00000,0x000000a0bcf00000) (1024K)]
  0x000002899885e040 WatcherThread "VM Periodic Task Thread"        [id=5716, stack(0x000000a0bcd00000,0x000000a0bce00000) (1024K)]
  0x00000289ff901dc0 WorkerThread "GC Thread#0"                     [id=13668, stack(0x000000a0bc800000,0x000000a0bc900000) (1024K)]
  0x000002899d841190 WorkerThread "GC Thread#1"                     [id=13016, stack(0x000000a0bdb00000,0x000000a0bdc00000) (1024K)]
  0x000002899db9dc80 WorkerThread "GC Thread#2"                     [id=8728, stack(0x000000a0bdc00000,0x000000a0bdd00000) (1024K)]
  0x000002899e27ac70 WorkerThread "GC Thread#3"                     [id=10128, stack(0x000000a0bdd00000,0x000000a0bde00000) (1024K)]
  0x000002899e27b010 WorkerThread "GC Thread#4"                     [id=2532, stack(0x000000a0bde00000,0x000000a0bdf00000) (1024K)]
  0x000002899f051000 WorkerThread "GC Thread#5"                     [id=22144, stack(0x000000a0bdf00000,0x000000a0be000000) (1024K)]
  0x000002899f0513a0 WorkerThread "GC Thread#6"                     [id=15736, stack(0x000000a0be000000,0x000000a0be100000) (1024K)]
  0x000002899ee74240 WorkerThread "GC Thread#7"                     [id=25892, stack(0x000000a0be100000,0x000000a0be200000) (1024K)]
  0x00000289ff912da0 ConcurrentGCThread "G1 Main Marker"            [id=10576, stack(0x000000a0bc900000,0x000000a0bca00000) (1024K)]
  0x00000289ff913a10 WorkerThread "G1 Conc#0"                       [id=22836, stack(0x000000a0bca00000,0x000000a0bcb00000) (1024K)]
  0x000002899f004af0 WorkerThread "G1 Conc#1"                       [id=25148, stack(0x000000a0beb00000,0x000000a0bec00000) (1024K)]
  0x00000289ff96d890 ConcurrentGCThread "G1 Refine#0"               [id=8408, stack(0x000000a0bcb00000,0x000000a0bcc00000) (1024K)]
  0x00000289ff96e010 ConcurrentGCThread "G1 Service"                [id=23624, stack(0x000000a0bcc00000,0x000000a0bcd00000) (1024K)]
Total: 15

Threads with active compile tasks:
C2 CompilerThread0     4794 3188       4       jdk.internal.org.objectweb.asm.Frame::accept (264 bytes)
C2 CompilerThread1     4794 2884   !   4       java.net.URLClassLoader$1::run (81 bytes)
C2 CompilerThread2     4794 3184       4       java.lang.invoke.InvokerBytecodeGenerator::emitStaticInvoke (258 bytes)
Total: 3

VM state: at safepoint (normal execution)

VM Mutex/Monitor currently owned by a thread:  ([mutex/lock_event])
[0x00007ffcf49a72f8] Threads_lock - owner thread: 0x000002899d00b680
[0x00007ffcf49a73f8] Heap_lock - owner thread: 0x000002899f04ffe0

Heap address: 0x0000000080000000, size: 2048 MB, Compressed Oops mode: 32-bit

CDS archive(s) not mapped
Compressed class space mapped at: 0x0000000100000000-0x0000000140000000, reserved size: 1073741824
Narrow klass base: 0x0000000000000000, Narrow klass shift: 3, Narrow klass range: 0x140000000

GC Precious Log:
 CardTable entry size: 512
 Card Set container configuration: InlinePtr #cards 5 size 8 Array Of Cards #cards 12 size 40 Howl #buckets 4 coarsen threshold 1843 Howl Bitmap #cards 512 size 80 coarsen threshold 460 Card regions per heap region 1 cards per card region 2048
 CPUs: 8 total, 8 available
 Memory: 8023M
 Large Page Support: Disabled
 NUMA Support: Disabled
 Compressed Oops: Enabled (32-bit)
 Heap Region Size: 1M
 Heap Min Capacity: 8M
 Heap Initial Capacity: 126M
 Heap Max Capacity: 2G
 Pre-touch: Disabled
 Parallel Workers: 8
 Concurrent Workers: 2
 Concurrent Refinement Workers: 8
 Periodic GC: Disabled

Heap:
 garbage-first heap   total 78848K, used 26404K [0x0000000080000000, 0x0000000100000000)
  region size 1024K, 6 young (6144K), 6 survivors (6144K)
 Metaspace       used 33270K, committed 34112K, reserved 1114112K
  class space    used 4393K, committed 4800K, reserved 1048576K

Heap Regions: E=young(eden), S=young(survivor), O=old, HS=humongous(starts), HC=humongous(continues), CS=collection set, F=free, TAMS=top-at-mark-start, PB=parsable bottom
|   0|0x0000000080000000, 0x0000000080100000, 0x0000000080100000|100%| O|  |TAMS 0x0000000080000000| PB 0x0000000080000000| Untracked 
|   1|0x0000000080100000, 0x0000000080200000, 0x0000000080200000|100%| O|  |TAMS 0x0000000080100000| PB 0x0000000080100000| Untracked 
|   2|0x0000000080200000, 0x0000000080300000, 0x0000000080300000|100%|HS|  |TAMS 0x0000000080200000| PB 0x0000000080200000| Complete 
|   3|0x0000000080300000, 0x0000000080400000, 0x0000000080400000|100%|HC|  |TAMS 0x0000000080300000| PB 0x0000000080300000| Complete 
|   4|0x0000000080400000, 0x0000000080500000, 0x0000000080500000|100%|HC|  |TAMS 0x0000000080400000| PB 0x0000000080400000| Complete 
|   5|0x0000000080500000, 0x0000000080600000, 0x0000000080600000|100%|HC|  |TAMS 0x0000000080500000| PB 0x0000000080500000| Complete 
|   6|0x0000000080600000, 0x0000000080700000, 0x0000000080700000|100%| O|  |TAMS 0x0000000080600000| PB 0x0000000080600000| Untracked 
|   7|0x0000000080700000, 0x0000000080800000, 0x0000000080800000|100%| O|  |TAMS 0x0000000080700000| PB 0x0000000080700000| Untracked 
|   8|0x0000000080800000, 0x0000000080900000, 0x0000000080900000|100%| O|  |TAMS 0x0000000080800000| PB 0x0000000080800000| Untracked 
|   9|0x0000000080900000, 0x0000000080a00000, 0x0000000080a00000|100%|HS|  |TAMS 0x0000000080900000| PB 0x0000000080900000| Complete 
|  10|0x0000000080a00000, 0x0000000080b00000, 0x0000000080b00000|100%| O|  |TAMS 0x0000000080a00000| PB 0x0000000080a00000| Untracked 
|  11|0x0000000080b00000, 0x0000000080c00000, 0x0000000080c00000|100%| O|  |TAMS 0x0000000080b00000| PB 0x0000000080b00000| Untracked 
|  12|0x0000000080c00000, 0x0000000080d00000, 0x0000000080d00000|100%| O|  |TAMS 0x0000000080c00000| PB 0x0000000080c00000| Untracked 
|  13|0x0000000080d00000, 0x0000000080e00000, 0x0000000080e00000|100%| O|  |TAMS 0x0000000080d00000| PB 0x0000000080d00000| Untracked 
|  14|0x0000000080e00000, 0x0000000080e00000, 0x0000000080f00000|  0%| F|  |TAMS 0x0000000080e00000| PB 0x0000000080e00000| Untracked 
|  15|0x0000000080f00000, 0x0000000081000000, 0x0000000081000000|100%| O|  |TAMS 0x0000000080f00000| PB 0x0000000080f00000| Untracked 
|  16|0x0000000081000000, 0x0000000081100000, 0x0000000081100000|100%| O|  |TAMS 0x0000000081000000| PB 0x0000000081000000| Untracked 
|  17|0x0000000081100000, 0x0000000081200000, 0x0000000081200000|100%| O|  |TAMS 0x0000000081100000| PB 0x0000000081100000| Untracked 
|  18|0x0000000081200000, 0x0000000081300000, 0x0000000081300000|100%| O|  |TAMS 0x0000000081200000| PB 0x0000000081200000| Untracked 
|  19|0x0000000081300000, 0x0000000081400000, 0x0000000081400000|100%| O|  |TAMS 0x0000000081300000| PB 0x0000000081300000| Untracked 
|  20|0x0000000081400000, 0x0000000081500000, 0x0000000081500000|100%| O|  |TAMS 0x0000000081400000| PB 0x0000000081400000| Untracked 
|  21|0x0000000081500000, 0x00000000815af6e0, 0x0000000081600000| 68%| O|  |TAMS 0x0000000081500000| PB 0x0000000081500000| Untracked 
|  22|0x0000000081600000, 0x0000000081600000, 0x0000000081700000|  0%| F|  |TAMS 0x0000000081600000| PB 0x0000000081600000| Untracked 
|  23|0x0000000081700000, 0x0000000081700000, 0x0000000081800000|  0%| F|  |TAMS 0x0000000081700000| PB 0x0000000081700000| Untracked 
|  24|0x0000000081800000, 0x0000000081800000, 0x0000000081900000|  0%| F|  |TAMS 0x0000000081800000| PB 0x0000000081800000| Untracked 
|  25|0x0000000081900000, 0x0000000081900000, 0x0000000081a00000|  0%| F|  |TAMS 0x0000000081900000| PB 0x0000000081900000| Untracked 
|  26|0x0000000081a00000, 0x0000000081a00000, 0x0000000081b00000|  0%| F|  |TAMS 0x0000000081a00000| PB 0x0000000081a00000| Untracked 
|  27|0x0000000081b00000, 0x0000000081b00000, 0x0000000081c00000|  0%| F|  |TAMS 0x0000000081b00000| PB 0x0000000081b00000| Untracked 
|  28|0x0000000081c00000, 0x0000000081c00000, 0x0000000081d00000|  0%| F|  |TAMS 0x0000000081c00000| PB 0x0000000081c00000| Untracked 
|  29|0x0000000081d00000, 0x0000000081d00000, 0x0000000081e00000|  0%| F|  |TAMS 0x0000000081d00000| PB 0x0000000081d00000| Untracked 
|  30|0x0000000081e00000, 0x0000000081e00000, 0x0000000081f00000|  0%| F|  |TAMS 0x0000000081e00000| PB 0x0000000081e00000| Untracked 
|  31|0x0000000081f00000, 0x0000000081f00000, 0x0000000082000000|  0%| F|  |TAMS 0x0000000081f00000| PB 0x0000000081f00000| Untracked 
|  32|0x0000000082000000, 0x0000000082019a38, 0x0000000082100000| 10%| S|CS|TAMS 0x0000000082000000| PB 0x0000000082000000| Complete 
|  33|0x0000000082100000, 0x0000000082200000, 0x0000000082200000|100%| S|CS|TAMS 0x0000000082100000| PB 0x0000000082100000| Complete 
|  34|0x0000000082200000, 0x0000000082300000, 0x0000000082300000|100%| S|CS|TAMS 0x0000000082200000| PB 0x0000000082200000| Complete 
|  35|0x0000000082300000, 0x0000000082400000, 0x0000000082400000|100%| S|CS|TAMS 0x0000000082300000| PB 0x0000000082300000| Complete 
|  36|0x0000000082400000, 0x0000000082500000, 0x0000000082500000|100%| S|CS|TAMS 0x0000000082400000| PB 0x0000000082400000| Complete 
|  37|0x0000000082500000, 0x0000000082600000, 0x0000000082600000|100%| S|CS|TAMS 0x0000000082500000| PB 0x0000000082500000| Complete 
|  38|0x0000000082600000, 0x0000000082600000, 0x0000000082700000|  0%| F|  |TAMS 0x0000000082600000| PB 0x0000000082600000| Untracked 
|  39|0x0000000082700000, 0x0000000082700000, 0x0000000082800000|  0%| F|  |TAMS 0x0000000082700000| PB 0x0000000082700000| Untracked 
|  40|0x0000000082800000, 0x0000000082800000, 0x0000000082900000|  0%| F|  |TAMS 0x0000000082800000| PB 0x0000000082800000| Untracked 
|  41|0x0000000082900000, 0x0000000082900000, 0x0000000082a00000|  0%| F|  |TAMS 0x0000000082900000| PB 0x0000000082900000| Untracked 
|  42|0x0000000082a00000, 0x0000000082a00000, 0x0000000082b00000|  0%| F|  |TAMS 0x0000000082a00000| PB 0x0000000082a00000| Untracked 
|  43|0x0000000082b00000, 0x0000000082b00000, 0x0000000082c00000|  0%| F|  |TAMS 0x0000000082b00000| PB 0x0000000082b00000| Untracked 
|  44|0x0000000082c00000, 0x0000000082c00000, 0x0000000082d00000|  0%| F|  |TAMS 0x0000000082c00000| PB 0x0000000082c00000| Untracked 
|  45|0x0000000082d00000, 0x0000000082d00000, 0x0000000082e00000|  0%| F|  |TAMS 0x0000000082d00000| PB 0x0000000082d00000| Untracked 
|  46|0x0000000082e00000, 0x0000000082e00000, 0x0000000082f00000|  0%| F|  |TAMS 0x0000000082e00000| PB 0x0000000082e00000| Untracked 
|  47|0x0000000082f00000, 0x0000000082f00000, 0x0000000083000000|  0%| F|  |TAMS 0x0000000082f00000| PB 0x0000000082f00000| Untracked 
|  48|0x0000000083000000, 0x0000000083000000, 0x0000000083100000|  0%| F|  |TAMS 0x0000000083000000| PB 0x0000000083000000| Untracked 
|  49|0x0000000083100000, 0x0000000083100000, 0x0000000083200000|  0%| F|  |TAMS 0x0000000083100000| PB 0x0000000083100000| Untracked 
|  50|0x0000000083200000, 0x0000000083200000, 0x0000000083300000|  0%| F|  |TAMS 0x0000000083200000| PB 0x0000000083200000| Untracked 
|  51|0x0000000083300000, 0x0000000083300000, 0x0000000083400000|  0%| F|  |TAMS 0x0000000083300000| PB 0x0000000083300000| Untracked 
|  52|0x0000000083400000, 0x0000000083400000, 0x0000000083500000|  0%| F|  |TAMS 0x0000000083400000| PB 0x0000000083400000| Untracked 
|  53|0x0000000083500000, 0x0000000083500000, 0x0000000083600000|  0%| F|  |TAMS 0x0000000083500000| PB 0x0000000083500000| Untracked 
|  54|0x0000000083600000, 0x0000000083600000, 0x0000000083700000|  0%| F|  |TAMS 0x0000000083600000| PB 0x0000000083600000| Untracked 
|  55|0x0000000083700000, 0x0000000083700000, 0x0000000083800000|  0%| F|  |TAMS 0x0000000083700000| PB 0x0000000083700000| Untracked 
|  56|0x0000000083800000, 0x0000000083800000, 0x0000000083900000|  0%| F|  |TAMS 0x0000000083800000| PB 0x0000000083800000| Untracked 
|  57|0x0000000083900000, 0x0000000083900000, 0x0000000083a00000|  0%| F|  |TAMS 0x0000000083900000| PB 0x0000000083900000| Untracked 
|  58|0x0000000083a00000, 0x0000000083a00000, 0x0000000083b00000|  0%| F|  |TAMS 0x0000000083a00000| PB 0x0000000083a00000| Untracked 
|  59|0x0000000083b00000, 0x0000000083b00000, 0x0000000083c00000|  0%| F|  |TAMS 0x0000000083b00000| PB 0x0000000083b00000| Untracked 
|  60|0x0000000083c00000, 0x0000000083c00000, 0x0000000083d00000|  0%| F|  |TAMS 0x0000000083c00000| PB 0x0000000083c00000| Untracked 
|  61|0x0000000083d00000, 0x0000000083d00000, 0x0000000083e00000|  0%| F|  |TAMS 0x0000000083d00000| PB 0x0000000083d00000| Untracked 
|  62|0x0000000083e00000, 0x0000000083e00000, 0x0000000083f00000|  0%| F|  |TAMS 0x0000000083e00000| PB 0x0000000083e00000| Untracked 
|  63|0x0000000083f00000, 0x0000000083f00000, 0x0000000084000000|  0%| F|  |TAMS 0x0000000083f00000| PB 0x0000000083f00000| Untracked 
|  64|0x0000000084000000, 0x0000000084000000, 0x0000000084100000|  0%| F|  |TAMS 0x0000000084000000| PB 0x0000000084000000| Untracked 
|  65|0x0000000084100000, 0x0000000084100000, 0x0000000084200000|  0%| F|  |TAMS 0x0000000084100000| PB 0x0000000084100000| Untracked 
|  66|0x0000000084200000, 0x0000000084200000, 0x0000000084300000|  0%| F|  |TAMS 0x0000000084200000| PB 0x0000000084200000| Untracked 
|  99|0x0000000086300000, 0x0000000086300000, 0x0000000086400000|  0%| F|  |TAMS 0x0000000086300000| PB 0x0000000086300000| Untracked 
| 100|0x0000000086400000, 0x0000000086400000, 0x0000000086500000|  0%| F|  |TAMS 0x0000000086400000| PB 0x0000000086400000| Untracked 
| 101|0x0000000086500000, 0x0000000086500000, 0x0000000086600000|  0%| F|  |TAMS 0x0000000086500000| PB 0x0000000086500000| Untracked 
| 102|0x0000000086600000, 0x0000000086600000, 0x0000000086700000|  0%| F|  |TAMS 0x0000000086600000| PB 0x0000000086600000| Untracked 
| 103|0x0000000086700000, 0x0000000086700000, 0x0000000086800000|  0%| F|  |TAMS 0x0000000086700000| PB 0x0000000086700000| Untracked 
| 104|0x0000000086800000, 0x0000000086800000, 0x0000000086900000|  0%| F|  |TAMS 0x0000000086800000| PB 0x0000000086800000| Untracked 
| 105|0x0000000086900000, 0x0000000086900000, 0x0000000086a00000|  0%| F|  |TAMS 0x0000000086900000| PB 0x0000000086900000| Untracked 
| 106|0x0000000086a00000, 0x0000000086a00000, 0x0000000086b00000|  0%| F|  |TAMS 0x0000000086a00000| PB 0x0000000086a00000| Untracked 
| 124|0x0000000087c00000, 0x0000000087c00000, 0x0000000087d00000|  0%| F|  |TAMS 0x0000000087c00000| PB 0x0000000087c00000| Untracked 
| 125|0x0000000087d00000, 0x0000000087d00000, 0x0000000087e00000|  0%| F|  |TAMS 0x0000000087d00000| PB 0x0000000087d00000| Untracked 

Card table byte_map: [0x0000028993cd0000,0x00000289940d0000] _byte_map_base: 0x00000289938d0000

Marking Bits: (CMBitMap*) 0x00000289ff9024c0
 Bits: [0x00000289940d0000, 0x00000289960d0000)

Polling page: 0x00000289ff4a0000

Metaspace:

Usage:
  Non-class:     28.20 MB used.
      Class:      4.29 MB used.
       Both:     32.49 MB used.

Virtual space:
  Non-class space:       64.00 MB reserved,      28.62 MB ( 45%) committed,  1 nodes.
      Class space:        1.00 GB reserved,       4.69 MB ( <1%) committed,  1 nodes.
             Both:        1.06 GB reserved,      33.31 MB (  3%) committed. 

Chunk freelists:
   Non-Class:  3.16 MB
       Class:  11.35 MB
        Both:  14.51 MB

MaxMetaspaceSize: unlimited
CompressedClassSpaceSize: 1.00 GB
Initial GC threshold: 21.00 MB
Current GC threshold: 35.25 MB
CDS: off
 - commit_granule_bytes: 65536.
 - commit_granule_words: 8192.
 - virtual_space_node_default_size: 8388608.
 - enlarge_chunks_in_place: 1.
 - use_allocation_guard: 0.


Internal statistics:

num_allocs_failed_limit: 3.
num_arena_births: 1320.
num_arena_deaths: 0.
num_vsnodes_births: 2.
num_vsnodes_deaths: 0.
num_space_committed: 533.
num_space_uncommitted: 0.
num_chunks_returned_to_freelist: 3.
num_chunks_taken_from_freelist: 2366.
num_chunk_merges: 3.
num_chunk_splits: 1513.
num_chunks_enlarged: 957.
num_inconsistent_stats: 0.

CodeHeap 'non-profiled nmethods': size=120000Kb used=1824Kb max_used=1824Kb free=118175Kb
 bounds [0x000002898bf60000, 0x000002898c1d0000, 0x0000028993490000]
CodeHeap 'profiled nmethods': size=120000Kb used=6428Kb max_used=6428Kb free=113571Kb
 bounds [0x0000028984490000, 0x0000028984ae0000, 0x000002898b9c0000]
CodeHeap 'non-nmethods': size=5760Kb used=1480Kb max_used=1565Kb free=4279Kb
 bounds [0x000002898b9c0000, 0x000002898bc30000, 0x000002898bf60000]
 total_blobs=3761 nmethods=3185 adapters=480
 compilation: enabled
              stopped_count=0, restarted_count=0
 full_count=0

Compilation events (20 events):
Event: 4.730 Thread 0x00000289a002ce40 3179       4       java.lang.invoke.MethodType::genericMethodType (95 bytes)
Event: 4.731 Thread 0x000002899d0c0b20 nmethod 3182 0x0000028984ad0910 code [0x0000028984ad0cc0, 0x0000028984ad2460]
Event: 4.732 Thread 0x000002899d0baf60 nmethod 3176 0x000002898c123c10 code [0x000002898c123ea0, 0x000002898c124ac8]
Event: 4.732 Thread 0x000002899d0baf60 3177       4       jdk.internal.org.objectweb.asm.MethodWriter::visitFieldInsn (258 bytes)
Event: 4.737 Thread 0x000002899d0baf60 nmethod 3177 0x000002898c125310 code [0x000002898c125520, 0x000002898c125a98]
Event: 4.737 Thread 0x000002899d0baf60 3183       4       java.lang.invoke.InvokerBytecodeGenerator::isStaticallyInvocable (165 bytes)
Event: 4.740 Thread 0x000002899d0c0b20 3186       3       com.google.common.collect.ImmutableCollection::<init> (5 bytes)
Event: 4.740 Thread 0x00000289a002ce40 nmethod 3179 0x000002898c126010 code [0x000002898c126200, 0x000002898c126b78]
Event: 4.740 Thread 0x00000289a002ce40 3185       4       java.util.LinkedHashMap::get (29 bytes)
Event: 4.740 Thread 0x000002899d0c0b20 nmethod 3186 0x0000028984ad2f10 code [0x0000028984ad30c0, 0x0000028984ad3288]
Event: 4.740 Thread 0x000002899d0c0b20 3187       3       java.lang.reflect.ProxyGenerator::typeNames (61 bytes)
Event: 4.741 Thread 0x000002899d0c0b20 nmethod 3187 0x0000028984ad3390 code [0x0000028984ad35c0, 0x0000028984ad3ee8]
Event: 4.741 Thread 0x000002899d0c0b20 3189       3       jdk.internal.org.objectweb.asm.Frame::getAbstractTypeFromDescriptor (415 bytes)
Event: 4.741 Thread 0x000002899d0baf60 nmethod 3183 0x000002898c126e10 code [0x000002898c127040, 0x000002898c127458]
Event: 4.741 Thread 0x000002899d0baf60 3188       4       jdk.internal.org.objectweb.asm.Frame::accept (264 bytes)
Event: 4.743 Thread 0x000002899d0c0b20 nmethod 3189 0x0000028984ad4190 code [0x0000028984ad4540, 0x0000028984ad6070]
Event: 4.744 Thread 0x00000289a002ce40 nmethod 3185 0x000002898c127890 code [0x000002898c127a40, 0x000002898c127dd8]
Event: 4.744 Thread 0x00000289a002ce40 3184       4       java.lang.invoke.InvokerBytecodeGenerator::emitStaticInvoke (258 bytes)
Event: 4.753 Thread 0x000002899d0c0b20 3190       3       java.lang.invoke.BoundMethodHandle$Species_LL::copyWithExtendL (25 bytes)
Event: 4.753 Thread 0x000002899d0c0b20 nmethod 3190 0x0000028984ad6990 code [0x0000028984ad6b60, 0x0000028984ad6fb0]

GC Heap History (11 events):
Event: 0.679 GC heap before
{Heap before GC invocations=0 (full 0):
 garbage-first heap   total 129024K, used 22528K [0x0000000080000000, 0x0000000100000000)
  region size 1024K, 23 young (23552K), 0 survivors (0K)
 Metaspace       used 7993K, committed 8128K, reserved 1114112K
  class space    used 712K, committed 768K, reserved 1048576K
}
Event: 0.684 GC heap after
{Heap after GC invocations=1 (full 0):
 garbage-first heap   total 129024K, used 4888K [0x0000000080000000, 0x0000000100000000)
  region size 1024K, 3 young (3072K), 3 survivors (3072K)
 Metaspace       used 7993K, committed 8128K, reserved 1114112K
  class space    used 712K, committed 768K, reserved 1048576K
}
Event: 1.473 GC heap before
{Heap before GC invocations=1 (full 0):
 garbage-first heap   total 129024K, used 40728K [0x0000000080000000, 0x0000000100000000)
  region size 1024K, 35 young (35840K), 3 survivors (3072K)
 Metaspace       used 12109K, committed 12288K, reserved 1114112K
  class space    used 1276K, committed 1408K, reserved 1048576K
}
Event: 1.489 GC heap after
{Heap after GC invocations=2 (full 0):
 garbage-first heap   total 129024K, used 12005K [0x0000000080000000, 0x0000000100000000)
  region size 1024K, 3 young (3072K), 3 survivors (3072K)
 Metaspace       used 12109K, committed 12288K, reserved 1114112K
  class space    used 1276K, committed 1408K, reserved 1048576K
}
Event: 2.303 GC heap before
{Heap before GC invocations=2 (full 0):
 garbage-first heap   total 129024K, used 63205K [0x0000000080000000, 0x0000000100000000)
  region size 1024K, 51 young (52224K), 3 survivors (3072K)
 Metaspace       used 15844K, committed 16192K, reserved 1114112K
  class space    used 1759K, committed 1920K, reserved 1048576K
}
Event: 2.313 GC heap after
{Heap after GC invocations=3 (full 0):
 garbage-first heap   total 129024K, used 18926K [0x0000000080000000, 0x0000000100000000)
  region size 1024K, 7 young (7168K), 7 survivors (7168K)
 Metaspace       used 15844K, committed 16192K, reserved 1114112K
  class space    used 1759K, committed 1920K, reserved 1048576K
}
Event: 2.849 GC heap before
{Heap before GC invocations=3 (full 0):
 garbage-first heap   total 129024K, used 36334K [0x0000000080000000, 0x0000000100000000)
  region size 1024K, 26 young (26624K), 7 survivors (7168K)
 Metaspace       used 21151K, committed 21504K, reserved 1114112K
  class space    used 2441K, committed 2624K, reserved 1048576K
}
Event: 2.856 GC heap after
{Heap after GC invocations=4 (full 0):
 garbage-first heap   total 129024K, used 21712K [0x0000000080000000, 0x0000000100000000)
  region size 1024K, 8 young (8192K), 8 survivors (8192K)
 Metaspace       used 21151K, committed 21504K, reserved 1114112K
  class space    used 2441K, committed 2624K, reserved 1048576K
}
Event: 3.651 GC heap before
{Heap before GC invocations=5 (full 0):
 garbage-first heap   total 78848K, used 59600K [0x0000000080000000, 0x0000000100000000)
  region size 1024K, 46 young (47104K), 8 survivors (8192K)
 Metaspace       used 27855K, committed 28416K, reserved 1114112K
  class space    used 3480K, committed 3712K, reserved 1048576K
}
Event: 3.659 GC heap after
{Heap after GC invocations=6 (full 0):
 garbage-first heap   total 78848K, used 23497K [0x0000000080000000, 0x0000000100000000)
  region size 1024K, 5 young (5120K), 5 survivors (5120K)
 Metaspace       used 27855K, committed 28416K, reserved 1114112K
  class space    used 3480K, committed 3712K, reserved 1048576K
}
Event: 4.757 GC heap before
{Heap before GC invocations=6 (full 0):
 garbage-first heap   total 78848K, used 63433K [0x0000000080000000, 0x0000000100000000)
  region size 1024K, 44 young (45056K), 5 survivors (5120K)
 Metaspace       used 33270K, committed 34112K, reserved 1114112K
  class space    used 4393K, committed 4800K, reserved 1048576K
}

Dll operation events (3 events):
Event: 0.015 Loaded shared library C:\Program Files\Android\Android Studio3\jbr\bin\java.dll
Event: 0.022 Loaded shared library C:\Program Files\Android\Android Studio3\jbr\bin\zip.dll
Event: 0.739 Loaded shared library C:\Program Files\Android\Android Studio3\jbr\bin\verify.dll

Deoptimization events (20 events):
Event: 4.147 Thread 0x000002899f04ffe0 DEOPT PACKING pc=0x000002898c0b099c sp=0x000000a0be7fb820
Event: 4.147 Thread 0x000002899f04ffe0 DEOPT UNPACKING pc=0x000002898ba146a2 sp=0x000000a0be7fb7c0 mode 2
Event: 4.148 Thread 0x000002899f04ffe0 Uncommon trap: trap_request=0xffffff45 fr.pc=0x000002898c083de8 relative=0x00000000000007c8
Event: 4.148 Thread 0x000002899f04ffe0 Uncommon trap: reason=unstable_if action=reinterpret pc=0x000002898c083de8 method=java.util.HashMap.putVal(ILjava/lang/Object;Ljava/lang/Object;ZZ)Ljava/lang/Object; @ 206 c2
Event: 4.148 Thread 0x000002899f04ffe0 DEOPT PACKING pc=0x000002898c083de8 sp=0x000000a0be7fb8a0
Event: 4.148 Thread 0x000002899f04ffe0 DEOPT UNPACKING pc=0x000002898ba146a2 sp=0x000000a0be7fb828 mode 2
Event: 4.275 Thread 0x000002899f04ffe0 DEOPT PACKING pc=0x000002898497b209 sp=0x000000a0be7fadb0
Event: 4.275 Thread 0x000002899f04ffe0 DEOPT UNPACKING pc=0x000002898ba14e42 sp=0x000000a0be7fa2b0 mode 0
Event: 4.356 Thread 0x000002899f04ffe0 Uncommon trap: trap_request=0xffffff6e fr.pc=0x000002898c016c74 relative=0x0000000000000434
Event: 4.356 Thread 0x000002899f04ffe0 Uncommon trap: reason=loop_limit_check action=maybe_recompile pc=0x000002898c016c74 method=java.lang.StringLatin1.indexOf([BI[BII)I @ 37 c2
Event: 4.356 Thread 0x000002899f04ffe0 DEOPT PACKING pc=0x000002898c016c74 sp=0x000000a0be7fa120
Event: 4.356 Thread 0x000002899f04ffe0 DEOPT UNPACKING pc=0x000002898ba146a2 sp=0x000000a0be7fa080 mode 2
Event: 4.565 Thread 0x000002899f04ffe0 Uncommon trap: trap_request=0xffffff45 fr.pc=0x000002898c090e1c relative=0x00000000000003bc
Event: 4.565 Thread 0x000002899f04ffe0 Uncommon trap: reason=unstable_if action=reinterpret pc=0x000002898c090e1c method=jdk.internal.org.objectweb.asm.SymbolTable.addType(Ljava/lang/String;)I @ 33 c2
Event: 4.565 Thread 0x000002899f04ffe0 DEOPT PACKING pc=0x000002898c090e1c sp=0x000000a0be7fa0e0
Event: 4.565 Thread 0x000002899f04ffe0 DEOPT UNPACKING pc=0x000002898ba146a2 sp=0x000000a0be7fa068 mode 2
Event: 4.739 Thread 0x000002899f04ffe0 Uncommon trap: trap_request=0xffffff45 fr.pc=0x000002898c0aba0c relative=0x0000000000000d6c
Event: 4.739 Thread 0x000002899f04ffe0 Uncommon trap: reason=unstable_if action=reinterpret pc=0x000002898c0aba0c method=jdk.internal.org.objectweb.asm.SymbolTable.addType(Ljava/lang/String;)I @ 33 c2
Event: 4.739 Thread 0x000002899f04ffe0 DEOPT PACKING pc=0x000002898c0aba0c sp=0x000000a0be7fbe90
Event: 4.739 Thread 0x000002899f04ffe0 DEOPT UNPACKING pc=0x000002898ba146a2 sp=0x000000a0be7fbdc8 mode 2

Classes loaded (20 events):
Event: 4.071 Loading class javax/xml/parsers/ParserConfigurationException
Event: 4.071 Loading class javax/xml/parsers/ParserConfigurationException done
Event: 4.071 Loading class org/xml/sax/SAXException
Event: 4.072 Loading class org/xml/sax/SAXException done
Event: 4.072 Loading class javax/xml/xpath/XPathExpressionException
Event: 4.072 Loading class javax/xml/xpath/XPathException
Event: 4.072 Loading class javax/xml/xpath/XPathException done
Event: 4.072 Loading class javax/xml/xpath/XPathExpressionException done
Event: 4.072 Loading class org/xml/sax/ErrorHandler
Event: 4.072 Loading class org/xml/sax/ErrorHandler done
Event: 4.445 Loading class java/util/zip/GZIPInputStream
Event: 4.446 Loading class java/util/zip/GZIPInputStream done
Event: 4.446 Loading class java/util/zip/GZIPOutputStream
Event: 4.446 Loading class java/util/zip/DeflaterOutputStream
Event: 4.446 Loading class java/util/zip/DeflaterOutputStream done
Event: 4.446 Loading class java/util/zip/GZIPOutputStream done
Event: 4.448 Loading class java/io/UnsupportedEncodingException
Event: 4.448 Loading class java/io/UnsupportedEncodingException done
Event: 4.574 Loading class java/util/Collections$SingletonMap
Event: 4.574 Loading class java/util/Collections$SingletonMap done

Classes unloaded (0 events):
No events

Classes redefined (0 events):
No events

Internal exceptions (20 events):
Event: 3.434 Thread 0x000002899f04ffe0 Exception <a 'java/lang/NoSuchMethodError'{0x0000000082730a90}: 'java.lang.Object java.lang.invoke.DirectMethodHandle$Holder.invokeStatic(java.lang.Object, java.lang.Object, java.lang.Object, java.lang.Object, java.lang.Object, java.lang.Object, java.lang.Object, java.lang.Object, java.lang.Object, java.lang.Object, java.lang.Object, java.lang.Object, java.lang.Object, java.lang.Object, java.lang.Object, java.lang.Object, java.lang.Object, java.lang.Object, java.lang.Object, java.lang.Object, java.lang.Obj
Event: 3.436 Thread 0x000002899f04ffe0 Exception <a 'java/lang/NoSuchMethodError'{0x000000008275fcc0}: 'java.lang.Object java.lang.invoke.DirectMethodHandle$Holder.invokeStatic(java.lang.Object, java.lang.Object, java.lang.Object, java.lang.Object, java.lang.Object, java.lang.Object, java.lang.Object, java.lang.Object, java.lang.Object, java.lang.Object, java.lang.Object, java.lang.Object, java.lang.Object, java.lang.Object, java.lang.Object, java.lang.Object, java.lang.Object, java.lang.Object, java.lang.Object, java.lang.Object, java.lang.Obj
Event: 3.438 Thread 0x000002899f04ffe0 Exception <a 'java/lang/NoSuchMethodError'{0x000000008278fce0}: 'java.lang.Object java.lang.invoke.DirectMethodHandle$Holder.invokeStatic(java.lang.Object, java.lang.Object, java.lang.Object, java.lang.Object, java.lang.Object, java.lang.Object, java.lang.Object, java.lang.Object, java.lang.Object, java.lang.Object, java.lang.Object, java.lang.Object, java.lang.Object, java.lang.Object, java.lang.Object, java.lang.Object, java.lang.Object, java.lang.Object, java.lang.Object, java.lang.Object, java.lang.Obj
Event: 3.441 Thread 0x000002899f04ffe0 Exception <a 'java/lang/NoSuchMethodError'{0x00000000827c1420}: 'java.lang.Object java.lang.invoke.DirectMethodHandle$Holder.invokeStatic(java.lang.Object, java.lang.Object, java.lang.Object, java.lang.Object, java.lang.Object, java.lang.Object, java.lang.Object, java.lang.Object, java.lang.Object, java.lang.Object, java.lang.Object, java.lang.Object, java.lang.Object, java.lang.Object, java.lang.Object, java.lang.Object, java.lang.Object, java.lang.Object, java.lang.Object, java.lang.Object, java.lang.Obj
Event: 3.468 Thread 0x000002899f04ffe0 Exception <a 'java/lang/IncompatibleClassChangeError'{0x00000000826b7e60}: Found class java.lang.Object, but interface was expected> (0x00000000826b7e60) 
thrown [s\src\hotspot\share\interpreter\linkResolver.cpp, line 851]
Event: 3.718 Thread 0x000002899f04ffe0 Exception <a 'java/lang/IncompatibleClassChangeError'{0x000000008691bb68}: Found class java.lang.Object, but interface was expected> (0x000000008691bb68) 
thrown [s\src\hotspot\share\interpreter\linkResolver.cpp, line 851]
Event: 3.722 Thread 0x000002899f04ffe0 Exception <a 'java/lang/NoSuchMethodError'{0x0000000086944798}: 'java.lang.Object java.lang.invoke.DirectMethodHandle$Holder.newInvokeSpecial(java.lang.Object, java.lang.Object, java.lang.Object, java.lang.Object, java.lang.Object, java.lang.Object, java.lang.Object, java.lang.Object, java.lang.Object, java.lang.Object)'> (0x0000000086944798) 
thrown [s\src\hotspot\share\interpreter\linkResolver.cpp, line 784]
Event: 3.743 Thread 0x000002899f04ffe0 Exception <a 'java/lang/NoSuchMethodError'{0x000000008684c1b0}: 'java.lang.Object java.lang.invoke.DirectMethodHandle$Holder.newInvokeSpecial(java.lang.Object, java.lang.Object, java.lang.Object, java.lang.Object, java.lang.Object, java.lang.Object, java.lang.Object, java.lang.Object)'> (0x000000008684c1b0) 
thrown [s\src\hotspot\share\interpreter\linkResolver.cpp, line 784]
Event: 3.758 Thread 0x000002899f04ffe0 Exception <a 'java/lang/NoSuchMethodError'{0x00000000868cbd20}: 'int java.lang.invoke.DirectMethodHandle$Holder.invokeStaticInit(java.lang.Object, java.lang.Object, java.lang.Object)'> (0x00000000868cbd20) 
thrown [s\src\hotspot\share\interpreter\linkResolver.cpp, line 784]
Event: 3.917 Thread 0x000002899f04ffe0 Exception <a 'java/lang/NoSuchMethodError'{0x0000000084212090}: 'java.lang.Object java.lang.invoke.DirectMethodHandle$Holder.invokeVirtual(java.lang.Object, java.lang.Object, java.lang.Object, java.lang.Object, java.lang.Object, java.lang.Object, java.lang.Object, java.lang.Object, java.lang.Object, java.lang.Object, java.lang.Object, java.lang.Object, java.lang.Object, java.lang.Object, java.lang.Object, java.lang.Object, java.lang.Object, java.lang.Object, java.lang.Object, java.lang.Object, java.lang.Ob
Event: 3.930 Thread 0x000002899f04ffe0 Exception <a 'java/lang/NoSuchMethodError'{0x0000000084283b68}: 'java.lang.Object java.lang.invoke.DirectMethodHandle$Holder.invokeSpecial(java.lang.Object, java.lang.Object, java.lang.Object, java.lang.Object, java.lang.Object, java.lang.Object, java.lang.Object, java.lang.Object, java.lang.Object, java.lang.Object, java.lang.Object, java.lang.Object, java.lang.Object, java.lang.Object, java.lang.Object, java.lang.Object, java.lang.Object, java.lang.Object, java.lang.Object, java.lang.Object, java.lang.Ob
Event: 4.165 Thread 0x000002899f04ffe0 Exception <a 'java/lang/NoSuchMethodError'{0x0000000083af2f88}: 'java.lang.Object java.lang.invoke.DirectMethodHandle$Holder.newInvokeSpecial(java.lang.Object, java.lang.Object, java.lang.Object, java.lang.Object, java.lang.Object, java.lang.Object, java.lang.Object)'> (0x0000000083af2f88) 
thrown [s\src\hotspot\share\interpreter\linkResolver.cpp, line 784]
Event: 4.232 Thread 0x000002899f04ffe0 Exception <a 'java/lang/NoSuchMethodError'{0x00000000838ba2d8}: 'java.lang.Object java.lang.invoke.DirectMethodHandle$Holder.invokeVirtual(java.lang.Object, java.lang.Object, java.lang.Object, java.lang.Object, java.lang.Object, java.lang.Object, java.lang.Object, java.lang.Object, java.lang.Object, java.lang.Object, java.lang.Object)'> (0x00000000838ba2d8) 
thrown [s\src\hotspot\share\interpreter\linkResolver.cpp, line 784]
Event: 4.546 Thread 0x000002899f04ffe0 Exception <a 'java/lang/NoSuchMethodError'{0x00000000830112b0}: 'java.lang.Object java.lang.invoke.DirectMethodHandle$Holder.invokeVirtual(java.lang.Object, java.lang.Object, java.lang.Object, java.lang.Object, java.lang.Object, java.lang.Object, java.lang.Object, java.lang.Object, java.lang.Object, java.lang.Object)'> (0x00000000830112b0) 
thrown [s\src\hotspot\share\interpreter\linkResolver.cpp, line 784]
Event: 4.591 Thread 0x000002899f04ffe0 Exception <a 'java/lang/NoSuchMethodError'{0x0000000082f1b388}: 'java.lang.Object java.lang.invoke.DelegatingMethodHandle$Holder.reinvoke_L(java.lang.Object, java.lang.Object, java.lang.Object, java.lang.Object, java.lang.Object, java.lang.Object, java.lang.Object, java.lang.Object, java.lang.Object, java.lang.Object, java.lang.Object, java.lang.Object, java.lang.Object, java.lang.Object, java.lang.Object, java.lang.Object, java.lang.Object, java.lang.Object, java.lang.Object, java.lang.Object, java.lang.O
Event: 4.592 Thread 0x000002899f04ffe0 Exception <a 'java/lang/NoSuchMethodError'{0x0000000082f269d8}: 'java.lang.Object java.lang.invoke.DirectMethodHandle$Holder.invokeSpecial(java.lang.Object, java.lang.Object, java.lang.Object, java.lang.Object, java.lang.Object, java.lang.Object, java.lang.Object, java.lang.Object, java.lang.Object, java.lang.Object, java.lang.Object, java.lang.Object, java.lang.Object, java.lang.Object, java.lang.Object, java.lang.Object, java.lang.Object, java.lang.Object, java.lang.Object, java.lang.Object, java.lang.Ob
Event: 4.593 Thread 0x000002899f04ffe0 Exception <a 'java/lang/NoSuchMethodError'{0x0000000082f2c1e0}: 'java.lang.Object java.lang.invoke.Invokers$Holder.invoker(java.lang.Object, java.lang.Object, java.lang.Object, java.lang.Object, java.lang.Object, java.lang.Object, java.lang.Object, java.lang.Object, java.lang.Object, java.lang.Object, java.lang.Object, java.lang.Object, java.lang.Object, java.lang.Object, java.lang.Object, java.lang.Object, java.lang.Object, java.lang.Object, java.lang.Object, java.lang.Object, java.lang.Object, java.lang.
Event: 4.593 Thread 0x000002899f04ffe0 Exception <a 'java/lang/NoSuchMethodError'{0x0000000082f323c8}: 'java.lang.Object java.lang.invoke.DelegatingMethodHandle$Holder.delegate(java.lang.Object, java.lang.Object, java.lang.Object, java.lang.Object, java.lang.Object, java.lang.Object, java.lang.Object, java.lang.Object, java.lang.Object, java.lang.Object, java.lang.Object, java.lang.Object, java.lang.Object, java.lang.Object, java.lang.Object, java.lang.Object, java.lang.Object, java.lang.Object, java.lang.Object, java.lang.Object, java.lang.Obj
Event: 4.619 Thread 0x000002899f04ffe0 Exception <a 'java/lang/NoSuchMethodError'{0x0000000082d47620}: 'java.lang.Object java.lang.invoke.DirectMethodHandle$Holder.invokeStaticInit(java.lang.Object, java.lang.Object, java.lang.Object, java.lang.Object)'> (0x0000000082d47620) 
thrown [s\src\hotspot\share\interpreter\linkResolver.cpp, line 784]
Event: 4.644 Thread 0x000002899f04ffe0 Exception <a 'java/lang/NoSuchMethodError'{0x0000000082b075e8}: 'void java.lang.invoke.DirectMethodHandle$Holder.invokeStatic(java.lang.Object, java.lang.Object, java.lang.Object, java.lang.Object)'> (0x0000000082b075e8) 
thrown [s\src\hotspot\share\interpreter\linkResolver.cpp, line 784]

ZGC Phase Switch (0 events):
No events

VM Operations (20 events):
Event: 2.591 Executing VM operation: HandshakeAllThreads (Deoptimize) done
Event: 2.660 Executing VM operation: HandshakeAllThreads (Deoptimize)
Event: 2.660 Executing VM operation: HandshakeAllThreads (Deoptimize) done
Event: 2.849 Executing VM operation: CollectForMetadataAllocation (Metadata GC Threshold)
Event: 2.856 Executing VM operation: CollectForMetadataAllocation (Metadata GC Threshold) done
Event: 2.863 Executing VM operation: G1PauseRemark
Event: 2.865 Executing VM operation: G1PauseRemark done
Event: 2.868 Executing VM operation: G1PauseCleanup
Event: 2.870 Executing VM operation: G1PauseCleanup done
Event: 3.219 Executing VM operation: HandshakeAllThreads (Deoptimize)
Event: 3.219 Executing VM operation: HandshakeAllThreads (Deoptimize) done
Event: 3.451 Executing VM operation: HandshakeAllThreads (Deoptimize)
Event: 3.451 Executing VM operation: HandshakeAllThreads (Deoptimize) done
Event: 3.451 Executing VM operation: HandshakeAllThreads (Deoptimize)
Event: 3.451 Executing VM operation: HandshakeAllThreads (Deoptimize) done
Event: 3.651 Executing VM operation: G1CollectForAllocation (G1 Evacuation Pause)
Event: 3.659 Executing VM operation: G1CollectForAllocation (G1 Evacuation Pause) done
Event: 4.660 Executing VM operation: Cleanup
Event: 4.660 Executing VM operation: Cleanup done
Event: 4.757 Executing VM operation: G1CollectForAllocation (G1 Evacuation Pause)

Memory protections (0 events):
No events

Nmethod flushes (0 events):
No events

Events (20 events):
Event: 1.872 Thread 0x000002899d0baf60 Thread added: 0x000002899dcdb6b0
Event: 2.254 Loaded shared library C:\Program Files\Android\Android Studio3\jbr\bin\management.dll
Event: 2.257 Loaded shared library C:\Program Files\Android\Android Studio3\jbr\bin\management_ext.dll
Event: 2.303 Thread 0x00000289ff8ab180 Thread added: 0x000002899f117350
Event: 2.507 Loaded shared library C:\Program Files\Android\Android Studio3\jbr\bin\extnet.dll
Event: 2.550 Thread 0x00000289ff8ab180 Thread added: 0x000002899ededa40
Event: 2.640 Thread 0x00000289ff8ab180 Thread added: 0x000002899f1eaba0
Event: 2.691 Thread 0x000002899ededa40 Thread added: 0x000002899f1c4130
Event: 2.693 Thread 0x000002899f1c4130 Thread added: 0x000002899f1c4fb0
Event: 2.723 Thread 0x000002899f1c4130 Thread added: 0x000002899ef34430
Event: 2.732 Thread 0x000002899f1c4130 Thread added: 0x000002899f04ffe0
Event: 2.744 Thread 0x000002899f04ffe0 Thread added: 0x000002899f04f950
Event: 2.752 Thread 0x000002899f04ffe0 Thread added: 0x000002899f04ec30
Event: 2.756 Thread 0x000002899f04ffe0 Thread added: 0x000002899f04f2c0
Event: 3.220 Thread 0x000002899f04ffe0 Thread added: 0x000002899f574ac0
Event: 3.230 Thread 0x000002899f04ffe0 Thread added: 0x000002899f575150
Event: 3.264 Thread 0x000002899f04ffe0 Thread added: 0x000002899f574430
Event: 3.426 Thread 0x000002899d0c0b20 Thread added: 0x00000289a002ce40
Event: 4.551 Thread 0x000002899f04ffe0 Thread added: 0x000002899f573da0
Event: 4.581 Thread 0x000002899f04ffe0 Thread added: 0x000002899f57a010


Dynamic libraries:
0x00007ff715510000 - 0x00007ff71551a000 	C:\Program Files\Android\Android Studio3\jbr\bin\java.exe
0x00007ffd93710000 - 0x00007ffd93927000 	C:\WINDOWS\SYSTEM32\ntdll.dll
0x00007ffd92250000 - 0x00007ffd92314000 	C:\WINDOWS\System32\KERNEL32.DLL
0x00007ffd90ec0000 - 0x00007ffd9127a000 	C:\WINDOWS\System32\KERNELBASE.dll
0x00007ffd912e0000 - 0x00007ffd913f1000 	C:\WINDOWS\System32\ucrtbase.dll
0x00007ffd8e5e0000 - 0x00007ffd8e5fb000 	C:\Program Files\Android\Android Studio3\jbr\bin\VCRUNTIME140.dll
0x00007ffd77730000 - 0x00007ffd77748000 	C:\Program Files\Android\Android Studio3\jbr\bin\jli.dll
0x00007ffd91f50000 - 0x00007ffd920fe000 	C:\WINDOWS\System32\USER32.dll
0x00007ffd91280000 - 0x00007ffd912a6000 	C:\WINDOWS\System32\win32u.dll
0x00007ffd7b390000 - 0x00007ffd7b622000 	C:\WINDOWS\WinSxS\amd64_microsoft.windows.common-controls_6595b64144ccf1df_6.0.22621.4541_none_2710d1c57384c085\COMCTL32.dll
0x00007ffd92440000 - 0x00007ffd92469000 	C:\WINDOWS\System32\GDI32.dll
0x00007ffd934a0000 - 0x00007ffd93547000 	C:\WINDOWS\System32\msvcrt.dll
0x00007ffd90d00000 - 0x00007ffd90e1b000 	C:\WINDOWS\System32\gdi32full.dll
0x00007ffd90e20000 - 0x00007ffd90eba000 	C:\WINDOWS\System32\msvcp_win.dll
0x00007ffd91aa0000 - 0x00007ffd91ad1000 	C:\WINDOWS\System32\IMM32.DLL
0x00007ffd8e5d0000 - 0x00007ffd8e5dc000 	C:\Program Files\Android\Android Studio3\jbr\bin\vcruntime140_1.dll
0x00007ffd156b0000 - 0x00007ffd1573d000 	C:\Program Files\Android\Android Studio3\jbr\bin\msvcp140.dll
0x00007ffcf3e00000 - 0x00007ffcf4a83000 	C:\Program Files\Android\Android Studio3\jbr\bin\server\jvm.dll
0x00007ffd92100000 - 0x00007ffd921b2000 	C:\WINDOWS\System32\ADVAPI32.dll
0x00007ffd91e80000 - 0x00007ffd91f27000 	C:\WINDOWS\System32\sechost.dll
0x00007ffd912b0000 - 0x00007ffd912d8000 	C:\WINDOWS\System32\bcrypt.dll
0x00007ffd92320000 - 0x00007ffd92434000 	C:\WINDOWS\System32\RPCRT4.dll
0x00007ffd93100000 - 0x00007ffd93171000 	C:\WINDOWS\System32\WS2_32.dll
0x00007ffd8fa10000 - 0x00007ffd8fa5d000 	C:\WINDOWS\SYSTEM32\POWRPROF.dll
0x00007ffd8c490000 - 0x00007ffd8c4c4000 	C:\WINDOWS\SYSTEM32\WINMM.dll
0x00007ffd8c7e0000 - 0x00007ffd8c7ea000 	C:\WINDOWS\SYSTEM32\VERSION.dll
0x00007ffd8f990000 - 0x00007ffd8f9a3000 	C:\WINDOWS\SYSTEM32\UMPDC.dll
0x00007ffd8fb00000 - 0x00007ffd8fb18000 	C:\WINDOWS\SYSTEM32\kernel.appcore.dll
0x00007ffd8e5c0000 - 0x00007ffd8e5ca000 	C:\Program Files\Android\Android Studio3\jbr\bin\jimage.dll
0x00007ffd8e300000 - 0x00007ffd8e532000 	C:\WINDOWS\SYSTEM32\DBGHELP.DLL
0x00007ffd91ae0000 - 0x00007ffd91e71000 	C:\WINDOWS\System32\combase.dll
0x00007ffd92fc0000 - 0x00007ffd93097000 	C:\WINDOWS\System32\OLEAUT32.dll
0x00007ffd6b940000 - 0x00007ffd6b972000 	C:\WINDOWS\SYSTEM32\dbgcore.DLL
0x00007ffd909d0000 - 0x00007ffd90a4b000 	C:\WINDOWS\System32\bcryptPrimitives.dll
0x00007ffd8d330000 - 0x00007ffd8d33e000 	C:\Program Files\Android\Android Studio3\jbr\bin\instrument.dll
0x00007ffd8be20000 - 0x00007ffd8be40000 	C:\Program Files\Android\Android Studio3\jbr\bin\java.dll
0x00007ffd7d9f0000 - 0x00007ffd7da08000 	C:\Program Files\Android\Android Studio3\jbr\bin\zip.dll
0x00007ffd92470000 - 0x00007ffd92ce9000 	C:\WINDOWS\System32\SHELL32.dll
0x00007ffd8e910000 - 0x00007ffd8f219000 	C:\WINDOWS\SYSTEM32\windows.storage.dll
0x00007ffd8e7d0000 - 0x00007ffd8e90f000 	C:\WINDOWS\SYSTEM32\wintypes.dll
0x00007ffd93340000 - 0x00007ffd9343a000 	C:\WINDOWS\System32\SHCORE.dll
0x00007ffd93440000 - 0x00007ffd9349e000 	C:\WINDOWS\System32\shlwapi.dll
0x00007ffd90900000 - 0x00007ffd9092b000 	C:\WINDOWS\SYSTEM32\profapi.dll
0x00007ffd8cf40000 - 0x00007ffd8cf50000 	C:\Program Files\Android\Android Studio3\jbr\bin\net.dll
0x00007ffd8c350000 - 0x00007ffd8c486000 	C:\WINDOWS\SYSTEM32\WINHTTP.dll
0x00007ffd8ff80000 - 0x00007ffd8ffe9000 	C:\WINDOWS\system32\mswsock.dll
0x00007ffd791f0000 - 0x00007ffd79206000 	C:\Program Files\Android\Android Studio3\jbr\bin\nio.dll
0x00007ffd8e5b0000 - 0x00007ffd8e5c0000 	C:\Program Files\Android\Android Studio3\jbr\bin\verify.dll
0x00007ffd71760000 - 0x00007ffd71787000 	C:\Users\ugayg\.gradle\native\c067742578af261105cb4f569cf0c3c89f3d7b1fecec35dd04571415982c5e48\windows-amd64\native-platform.dll
0x00007ffd16e40000 - 0x00007ffd16f84000 	C:\Users\ugayg\.gradle\native\100fb08df4bc3b14c8652ba06237920a3bd2aa13389f12d3474272988ae205f9\windows-amd64\native-platform-file-events.dll
0x00007ffd8bd80000 - 0x00007ffd8bd89000 	C:\Program Files\Android\Android Studio3\jbr\bin\management.dll
0x00007ffd8bd70000 - 0x00007ffd8bd7b000 	C:\Program Files\Android\Android Studio3\jbr\bin\management_ext.dll
0x00007ffd91a10000 - 0x00007ffd91a18000 	C:\WINDOWS\System32\PSAPI.DLL
0x00007ffd901e0000 - 0x00007ffd901fb000 	C:\WINDOWS\SYSTEM32\CRYPTSP.dll
0x00007ffd8fa60000 - 0x00007ffd8fa95000 	C:\WINDOWS\system32\rsaenh.dll
0x00007ffd90070000 - 0x00007ffd90098000 	C:\WINDOWS\SYSTEM32\USERENV.dll
0x00007ffd901d0000 - 0x00007ffd901dc000 	C:\WINDOWS\SYSTEM32\CRYPTBASE.dll
0x00007ffd8f480000 - 0x00007ffd8f4ad000 	C:\WINDOWS\SYSTEM32\IPHLPAPI.DLL
0x00007ffd91a90000 - 0x00007ffd91a99000 	C:\WINDOWS\System32\NSI.dll
0x00007ffd8bda0000 - 0x00007ffd8bda9000 	C:\Program Files\Android\Android Studio3\jbr\bin\extnet.dll
0x00007ffd8bf10000 - 0x00007ffd8bf18000 	C:\WINDOWS\system32\wshunix.dll

dbghelp: loaded successfully - version: 4.0.5 - missing functions: none
symbol engine: initialized successfully - sym options: 0x614 - pdb path: .;C:\Program Files\Android\Android Studio3\jbr\bin;C:\WINDOWS\SYSTEM32;C:\WINDOWS\WinSxS\amd64_microsoft.windows.common-controls_6595b64144ccf1df_6.0.22621.4541_none_2710d1c57384c085;C:\Program Files\Android\Android Studio3\jbr\bin\server;C:\Users\ugayg\.gradle\native\c067742578af261105cb4f569cf0c3c89f3d7b1fecec35dd04571415982c5e48\windows-amd64;C:\Users\ugayg\.gradle\native\100fb08df4bc3b14c8652ba06237920a3bd2aa13389f12d3474272988ae205f9\windows-amd64

VM Arguments:
jvm_args: --add-opens=java.base/java.util=ALL-UNNAMED --add-opens=java.base/java.lang=ALL-UNNAMED --add-opens=java.base/java.lang.invoke=ALL-UNNAMED --add-opens=java.prefs/java.util.prefs=ALL-UNNAMED --add-exports=jdk.compiler/com.sun.tools.javac.api=ALL-UNNAMED --add-exports=jdk.compiler/com.sun.tools.javac.util=ALL-UNNAMED --add-opens=java.base/java.nio.charset=ALL-UNNAMED --add-opens=java.base/java.net=ALL-UNNAMED --add-opens=java.base/java.util.concurrent.atomic=ALL-UNNAMED -Xmx2048m -Dfile.encoding=UTF-8 -Duser.country=PH -Duser.language=en -Duser.variant -javaagent:C:\Users\ugayg\.gradle\wrapper\dists\gradle-8.10.2-bin\a04bxjujx95o3nb99gddekhwo\gradle-8.10.2\lib\agents\gradle-instrumentation-agent-8.10.2.jar 
java_command: org.gradle.launcher.daemon.bootstrap.GradleDaemon 8.10.2
java_class_path (initial): C:\Users\ugayg\.gradle\wrapper\dists\gradle-8.10.2-bin\a04bxjujx95o3nb99gddekhwo\gradle-8.10.2\lib\gradle-daemon-main-8.10.2.jar
Launcher Type: SUN_STANDARD

[Global flags]
     intx CICompilerCount                          = 4                                         {product} {ergonomic}
     uint ConcGCThreads                            = 2                                         {product} {ergonomic}
     uint G1ConcRefinementThreads                  = 8                                         {product} {ergonomic}
   size_t G1HeapRegionSize                         = 1048576                                   {product} {ergonomic}
    uintx GCDrainStackTargetSize                   = 64                                        {product} {ergonomic}
   size_t InitialHeapSize                          = 132120576                                 {product} {ergonomic}
   size_t MarkStackSize                            = 4194304                                   {product} {ergonomic}
   size_t MaxHeapSize                              = 2147483648                                {product} {command line}
   size_t MaxNewSize                               = 1287651328                                {product} {ergonomic}
   size_t MinHeapDeltaBytes                        = 1048576                                   {product} {ergonomic}
   size_t MinHeapSize                              = 8388608                                   {product} {ergonomic}
    uintx NonNMethodCodeHeapSize                   = 5839372                                {pd product} {ergonomic}
    uintx NonProfiledCodeHeapSize                  = 122909434                              {pd product} {ergonomic}
    uintx ProfiledCodeHeapSize                     = 122909434                              {pd product} {ergonomic}
    uintx ReservedCodeCacheSize                    = 251658240                              {pd product} {ergonomic}
     bool SegmentedCodeCache                       = true                                      {product} {ergonomic}
   size_t SoftMaxHeapSize                          = 2147483648                             {manageable} {ergonomic}
     bool UseCompressedOops                        = true                           {product lp64_product} {ergonomic}
     bool UseG1GC                                  = true                                      {product} {ergonomic}
     bool UseLargePagesIndividualAllocation        = false                                  {pd product} {ergonomic}

Logging:
Log output configuration:
 #0: stdout all=warning uptime,level,tags foldmultilines=false
 #1: stderr all=off uptime,level,tags foldmultilines=false

Environment Variables:
PATH=C:\Program Files\Common Files\Oracle\Java\javapath;C:\ProgramData\Oracle\Java\javapath;C:\Windows\system32;C:\Windows;C:\Windows\System32\Wbem;C:\Windows\System32\WindowsPowerShell\v1.0\;C:\Windows\System32\OpenSSH\;C:\Program Files (x86)\NVIDIA Corporation\PhysX\Common;C:\Program Files\NVIDIA Corporation\NVIDIA NvDLISR;C:\WINDOWS\system32;C:\WINDOWS;C:\WINDOWS\System32\Wbem;C:\WINDOWS\System32\WindowsPowerShell\v1.0\;C:\WINDOWS\System32\OpenSSH\;C:\Program Files\dotnet\;C:\Program Files\Git\cmd;C:\Program Files\Microsoft SQL Server\150\Tools\Binn\;php-8.3.12;C:\xampp\php;C:\ProgramData\ComposerSetup\bin;C:\Program Files\nodejs\;C:\flutter-dev\flutter\bin;C:\Users\ugayg\AppData\Local\Programs\Python\Launcher\;C:\Users\ugayg\AppData\Local\Microsoft\WindowsApps;C:\Users\ugayg\AppData\Local\Programs\Microsoft VS Code\bin;C:\Users\ugayg\Downloads\cmd;C:\Users\ugayg\AppData\Local\GitHubDesktop\bin;C:\Users\ugayg\AppData\Roaming\npm
USERNAME=ugayg
OS=Windows_NT
PROCESSOR_IDENTIFIER=Intel64 Family 6 Model 165 Stepping 2, GenuineIntel
TMP=C:\Users\ugayg\AppData\Local\Temp
TEMP=C:\Users\ugayg\AppData\Local\Temp




Periodic native trim disabled

JNI global refs:
JNI global refs: 23, weak refs: 0

JNI global refs memory usage: 835, weak refs: 833

Process memory usage:
Resident Set Size: 230504K (2% of 8215604K total physical memory with 1188528K free physical memory)

OOME stack traces (most recent first):
Classloader memory used:
Loader bootstrap                                                                       : 17089K
Loader org.gradle.internal.classloader.VisitableURLClassLoader                         : 13782K
Loader org.gradle.initialization.MixInLegacyTypesClassLoader                           : 2047K
Loader jdk.internal.loader.ClassLoaders$AppClassLoader                                 : 234K
Loader jdk.internal.loader.ClassLoaders$PlatformClassLoader                            : 116K

Classes loaded by more than one classloader:
Class org.gradle.internal.classloader.FilteringClassLoader                            : loaded 2 times (x 101B)
Class org.gradle.internal.classloader.ClassLoaderHierarchy                            : loaded 2 times (x 66B)
Class org.gradle.api.internal.classpath.ManifestUtil                                  : loaded 2 times (x 67B)
Class org.gradle.internal.classloader.DefaultClassLoaderFactory                       : loaded 2 times (x 78B)
Class org.gradle.internal.classloader.ClassLoaderVisitor                              : loaded 2 times (x 72B)
Class org.gradle.api.internal.classpath.EffectiveClassPath                            : loaded 2 times (x 86B)
Class org.gradle.api.internal.DefaultClassPathProvider                                : loaded 2 times (x 72B)
Class [Lorg.gradle.api.internal.ClassPathProvider;                                    : loaded 2 times (x 65B)
Class org.gradle.api.internal.ClassPathProvider                                       : loaded 2 times (x 66B)
Class org.gradle.internal.service.UnknownServiceException                             : loaded 2 times (x 79B)
Class org.gradle.internal.classpath.TransformedClassPath                              : loaded 2 times (x 92B)
Class org.gradle.internal.classloader.InstrumentingClassLoader                        : loaded 2 times (x 66B)
Class org.gradle.internal.service.ServiceLocator                                      : loaded 2 times (x 66B)
Class org.gradle.internal.InternalTransformer                                         : loaded 2 times (x 66B)
Class org.gradle.internal.classloader.ClasspathUtil$1                                 : loaded 2 times (x 72B)
Class org.gradle.api.internal.classpath.DefaultModuleRegistry$DefaultModule           : loaded 2 times (x 82B)
Class org.gradle.api.internal.classpath.Module                                        : loaded 2 times (x 66B)
Class org.gradle.api.internal.classpath.UnknownModuleException                        : loaded 2 times (x 78B)
Class org.gradle.api.internal.DefaultClassPathRegistry                                : loaded 2 times (x 72B)
Class org.gradle.api.internal.ClassPathRegistry                                       : loaded 2 times (x 66B)
Class org.gradle.internal.classpath.DefaultClassPath$ImmutableUniqueList              : loaded 2 times (x 195B)
Class org.gradle.internal.classpath.ClassPath                                         : loaded 2 times (x 66B)
Class org.gradle.api.UncheckedIOException                                             : loaded 2 times (x 78B)
Class org.gradle.internal.installation.GradleInstallation$1                           : loaded 2 times (x 71B)
Class org.gradle.api.internal.classpath.ModuleRegistry                                : loaded 2 times (x 66B)
Class org.gradle.api.internal.classpath.DefaultModuleRegistry                         : loaded 2 times (x 82B)
Class org.gradle.internal.service.ServiceLookupException                              : loaded 2 times (x 78B)
Class org.gradle.internal.classloader.ClassLoaderFactory                              : loaded 2 times (x 66B)
Class org.gradle.internal.service.CachingServiceLocator                               : loaded 2 times (x 78B)
Class org.gradle.internal.classloader.ClasspathUtil                                   : loaded 2 times (x 67B)
Class org.gradle.api.specs.Spec                                                       : loaded 2 times (x 66B)
Class org.gradle.internal.classloader.VisitableURLClassLoader$InstrumentingVisitableURLClassLoader: loaded 2 times (x 119B)
Class org.gradle.internal.classloader.VisitableURLClassLoader$Spec                    : loaded 2 times (x 70B)
Class org.gradle.internal.classpath.DefaultClassPath                                  : loaded 2 times (x 86B)
Class org.gradle.internal.classloader.ClassLoaderSpec                                 : loaded 2 times (x 67B)
Class org.gradle.internal.classloader.VisitableURLClassLoader                         : loaded 2 times (x 113B)
Class org.gradle.internal.Cast                                                        : loaded 2 times (x 67B)
Class org.gradle.api.Action                                                           : loaded 2 times (x 66B)
Class org.gradle.internal.classpath.DefaultClassPath$ImmutableUniqueList$Builder      : loaded 2 times (x 71B)
Class org.gradle.api.GradleException                                                  : loaded 2 times (x 78B)
Class org.gradle.internal.IoActions                                                   : loaded 2 times (x 67B)
Class org.gradle.internal.classloader.SystemClassLoaderSpec                           : loaded 2 times (x 67B)
Class org.gradle.api.internal.classpath.GlobalCacheRootsProvider                      : loaded 2 times (x 66B)
Class org.gradle.internal.installation.CurrentGradleInstallationLocator               : loaded 2 times (x 67B)
Class org.gradle.internal.service.DefaultServiceLocator                               : loaded 2 times (x 79B)
Class org.gradle.internal.installation.CurrentGradleInstallation                      : loaded 2 times (x 69B)
Class org.gradle.util.internal.GUtil                                                  : loaded 2 times (x 67B)
Class org.gradle.internal.installation.GradleInstallation                             : loaded 2 times (x 71B)

---------------  S Y S T E M  ---------------

OS:
 Windows 11 , 64 bit Build 22621 (10.0.22621.4391)
OS uptime: 0 days 17:12 hours

CPU: total 8 (initial active 8) (4 cores per cpu, 2 threads per core) family 6 model 165 stepping 2 microcode 0xe0, cx8, cmov, fxsr, ht, mmx, 3dnowpref, sse, sse2, sse3, ssse3, sse4.1, sse4.2, popcnt, lzcnt, tsc, tscinvbit, avx, avx2, aes, erms, clmul, bmi1, bmi2, adx, fma, vzeroupper, clflush, clflushopt, rdtscp, f16c, pku
Processor Information for all 8 processors :
  Max Mhz: 2496, Current Mhz: 2496, Mhz Limit: 2496

Memory: 4k page, system-wide physical 8023M (1159M free)
TotalPageFile size 18884M (AvailPageFile size 19M)
current process WorkingSet (physical memory assigned to process): 225M, peak: 229M
current process commit charge ("private bytes"): 271M, peak: 288M

vm_info: OpenJDK 64-Bit Server VM (21.0.4+-12508038-b607.1) for windows-amd64 JRE (21.0.4+-12508038-b607.1), built on 2024-10-16T17:23:34Z by "builder" with MS VC++ 16.10 / 16.11 (VS2019)

END.
