#
# There is insufficient memory for the Java Runtime Environment to continue.
# Native memory allocation (malloc) failed to allocate 1968224 bytes. Error detail: Chunk::new
# Possible reasons:
#   The system is out of physical RAM or swap space
#   This process is running with CompressedOops enabled, and the Java Heap may be blocking the growth of the native heap
# Possible solutions:
#   Reduce memory load on the system
#   Increase physical memory or swap space
#   Check if swap backing store is full
#   Decrease Java heap size (-Xmx/-Xms)
#   Decrease number of Java threads
#   Decrease Java thread stack sizes (-Xss)
#   Set larger code cache with -XX:ReservedCodeCacheSize=
#   JVM is running with Unscaled Compressed Oops mode in which the Java heap is
#     placed in the first 4GB address space. The Java Heap base address is the
#     maximum limit for the native heap growth. Please use -XX:HeapBaseMinAddress
#     to set the Java Heap base and to place the Java Heap above 4GB virtual address.
# This output file may be truncated or incomplete.
#
#  Out of Memory Error (arena.cpp:168), pid=3656, tid=15124
#
# JRE version: OpenJDK Runtime Environment (21.0.4) (build 21.0.4+-12508038-b607.1)
# Java VM: OpenJDK 64-Bit Server VM (21.0.4+-12508038-b607.1, mixed mode, tiered, compressed oops, compressed class ptrs, g1 gc, windows-amd64)
# No core dump will be written. Minidumps are not enabled by default on client versions of Windows
#

---------------  S U M M A R Y ------------

Command Line: --add-opens=java.base/java.util=ALL-UNNAMED --add-opens=java.base/java.lang=ALL-UNNAMED --add-opens=java.base/java.lang.invoke=ALL-UNNAMED --add-opens=java.prefs/java.util.prefs=ALL-UNNAMED --add-exports=jdk.compiler/com.sun.tools.javac.api=ALL-UNNAMED --add-exports=jdk.compiler/com.sun.tools.javac.util=ALL-UNNAMED --add-opens=java.base/java.nio.charset=ALL-UNNAMED --add-opens=java.base/java.net=ALL-UNNAMED --add-opens=java.base/java.util.concurrent.atomic=ALL-UNNAMED -Xmx2048m -Dfile.encoding=UTF-8 -Duser.country=PH -Duser.language=en -Duser.variant -javaagent:C:\Users\ugayg\.gradle\wrapper\dists\gradle-8.10.2-bin\a04bxjujx95o3nb99gddekhwo\gradle-8.10.2\lib\agents\gradle-instrumentation-agent-8.10.2.jar org.gradle.launcher.daemon.bootstrap.GradleDaemon 8.10.2

Host: Intel(R) Core(TM) i5-10300H CPU @ 2.50GHz, 8 cores, 7G,  Windows 11 , 64 bit Build 22621 (10.0.22621.4391)
Time: Sun Jan 26 15:20:51 2025 China Standard Time elapsed time: 8.244264 seconds (0d 0h 0m 8s)

---------------  T H R E A D  ---------------

Current thread (0x000001efcdbcca60):  JavaThread "C2 CompilerThread1" daemon [_thread_in_native, id=15124, stack(0x0000009954c00000,0x0000009954d00000) (1024K)]


Current CompileTask:
C2:   8244 5180   !   4       java.lang.ClassLoader::loadClass (121 bytes)

Stack: [0x0000009954c00000,0x0000009954d00000]
Native frames: (J=compiled Java code, j=interpreted, Vv=VM code, C=native code)
V  [jvm.dll+0x6ce539]
V  [jvm.dll+0x85bf03]
V  [jvm.dll+0x85e45e]
V  [jvm.dll+0x85eb43]
V  [jvm.dll+0x27dd06]
V  [jvm.dll+0xbf9cd]
V  [jvm.dll+0xbff03]
V  [jvm.dll+0x3b4deb]
V  [jvm.dll+0x380f07]
V  [jvm.dll+0x38037a]
V  [jvm.dll+0x2473f2]
V  [jvm.dll+0x2469c1]
V  [jvm.dll+0x1c58a4]
V  [jvm.dll+0x255fec]
V  [jvm.dll+0x254536]
V  [jvm.dll+0x3efab6]
V  [jvm.dll+0x804418]
V  [jvm.dll+0x6cce0d]
C  [ucrtbase.dll+0x29333]
C  [KERNEL32.DLL+0x1259d]
C  [ntdll.dll+0x5af38]


---------------  P R O C E S S  ---------------

Threads class SMR info:
_java_thread_list=0x000001efcce836a0, length=33, elements={
0x000001efab9c8ae0, 0x000001efc52048e0, 0x000001efc52051b0, 0x000001efc5209210,
0x000001efc5207cd0, 0x000001efc51e7800, 0x000001efc51ebe80, 0x000001efc5219d90,
0x000001efc521a440, 0x000001efc5377c70, 0x000001efc5513530, 0x000001efca417060,
0x000001efcafce1b0, 0x000001efcb4b0010, 0x000001efcb6f1c50, 0x000001efcb6f22c0,
0x000001efcb552650, 0x000001efcb5852e0, 0x000001efcb586000, 0x000001efcb5838a0,
0x000001efcb583f30, 0x000001efcb586690, 0x000001efcb585970, 0x000001efcb5845c0,
0x000001efcb584c50, 0x000001efcb9bf270, 0x000001efcb9c19d0, 0x000001efcb9c0cb0,
0x000001efcb9bf900, 0x000001efcb9c2060, 0x000001efcb9bff90, 0x000001efcb9c4e50,
0x000001efcdbcca60
}

Java Threads: ( => current thread )
  0x000001efab9c8ae0 JavaThread "main"                              [_thread_blocked, id=23460, stack(0x0000009951d00000,0x0000009951e00000) (1024K)]
  0x000001efc52048e0 JavaThread "Reference Handler"          daemon [_thread_blocked, id=14760, stack(0x0000009952500000,0x0000009952600000) (1024K)]
  0x000001efc52051b0 JavaThread "Finalizer"                  daemon [_thread_blocked, id=22656, stack(0x0000009952600000,0x0000009952700000) (1024K)]
  0x000001efc5209210 JavaThread "Signal Dispatcher"          daemon [_thread_blocked, id=21268, stack(0x0000009952700000,0x0000009952800000) (1024K)]
  0x000001efc5207cd0 JavaThread "Attach Listener"            daemon [_thread_blocked, id=6052, stack(0x0000009952800000,0x0000009952900000) (1024K)]
  0x000001efc51e7800 JavaThread "Service Thread"             daemon [_thread_blocked, id=4600, stack(0x0000009952900000,0x0000009952a00000) (1024K)]
  0x000001efc51ebe80 JavaThread "Monitor Deflation Thread"   daemon [_thread_blocked, id=15012, stack(0x0000009952a00000,0x0000009952b00000) (1024K)]
  0x000001efc5219d90 JavaThread "C2 CompilerThread0"         daemon [_thread_in_native, id=9296, stack(0x0000009952b00000,0x0000009952c00000) (1024K)]
  0x000001efc521a440 JavaThread "C1 CompilerThread0"         daemon [_thread_in_vm, id=1008, stack(0x0000009952c00000,0x0000009952d00000) (1024K)]
  0x000001efc5377c70 JavaThread "Common-Cleaner"             daemon [_thread_blocked, id=3828, stack(0x0000009952d00000,0x0000009952e00000) (1024K)]
  0x000001efc5513530 JavaThread "Notification Thread"        daemon [_thread_blocked, id=24844, stack(0x0000009952e00000,0x0000009952f00000) (1024K)]
  0x000001efca417060 JavaThread "Daemon health stats"               [_thread_blocked, id=16116, stack(0x0000009953500000,0x0000009953600000) (1024K)]
  0x000001efcafce1b0 JavaThread "Incoming local TCP Connector on port 60509"        [_thread_in_native, id=3168, stack(0x0000009953600000,0x0000009953700000) (1024K)]
  0x000001efcb4b0010 JavaThread "Daemon periodic checks"            [_thread_blocked, id=4344, stack(0x0000009953700000,0x0000009953800000) (1024K)]
  0x000001efcb6f1c50 JavaThread "Daemon"                            [_thread_blocked, id=18080, stack(0x0000009953800000,0x0000009953900000) (1024K)]
  0x000001efcb6f22c0 JavaThread "Handler for socket connection from /127.0.0.1:60509 to /127.0.0.1:60510"        [_thread_in_native, id=20528, stack(0x0000009953900000,0x0000009953a00000) (1024K)]
  0x000001efcb552650 JavaThread "Cancel handler"                    [_thread_blocked, id=10004, stack(0x0000009953a00000,0x0000009953b00000) (1024K)]
  0x000001efcb5852e0 JavaThread "Daemon worker"                     [_thread_in_Java, id=22624, stack(0x0000009953b00000,0x0000009953c00000) (1024K)]
  0x000001efcb586000 JavaThread "Asynchronous log dispatcher for DefaultDaemonConnection: socket connection from /127.0.0.1:60509 to /127.0.0.1:60510"        [_thread_blocked, id=13172, stack(0x0000009953c00000,0x0000009953d00000) (1024K)]
  0x000001efcb5838a0 JavaThread "Stdin handler"                     [_thread_blocked, id=20144, stack(0x0000009953d00000,0x0000009953e00000) (1024K)]
  0x000001efcb583f30 JavaThread "Daemon client event forwarder"        [_thread_blocked, id=25892, stack(0x0000009953e00000,0x0000009953f00000) (1024K)]
  0x000001efcb586690 JavaThread "Cache worker for journal cache (C:\Users\ugayg\.gradle\caches\journal-1)"        [_thread_blocked, id=22692, stack(0x0000009954100000,0x0000009954200000) (1024K)]
  0x000001efcb585970 JavaThread "File lock request listener"        [_thread_in_native, id=16248, stack(0x0000009954200000,0x0000009954300000) (1024K)]
  0x000001efcb5845c0 JavaThread "Cache worker for file hash cache (C:\Users\ugayg\.gradle\caches\8.10.2\fileHashes)"        [_thread_blocked, id=11900, stack(0x0000009954300000,0x0000009954400000) (1024K)]
  0x000001efcb584c50 JavaThread "Cache worker for file hash cache (C:\Users\ugayg\AndroidStudioProjects\HungryMe\.gradle\8.10.2\fileHashes)"        [_thread_blocked, id=25252, stack(0x0000009954400000,0x0000009954500000) (1024K)]
  0x000001efcb9bf270 JavaThread "Cache worker for Build Output Cleanup Cache (C:\Users\ugayg\AndroidStudioProjects\HungryMe\.gradle\buildOutputCleanup)"        [_thread_blocked, id=7184, stack(0x0000009954500000,0x0000009954600000) (1024K)]
  0x000001efcb9c19d0 JavaThread "File watcher server"        daemon [_thread_in_native, id=22616, stack(0x0000009954600000,0x0000009954700000) (1024K)]
  0x000001efcb9c0cb0 JavaThread "File watcher consumer"      daemon [_thread_blocked, id=13208, stack(0x0000009954700000,0x0000009954800000) (1024K)]
  0x000001efcb9bf900 JavaThread "Cache worker for checksums cache (C:\Users\ugayg\AndroidStudioProjects\HungryMe\.gradle\8.10.2\checksums)"        [_thread_blocked, id=15896, stack(0x0000009954800000,0x0000009954900000) (1024K)]
  0x000001efcb9c2060 JavaThread "Cache worker for file content cache (C:\Users\ugayg\.gradle\caches\8.10.2\fileContent)"        [_thread_blocked, id=23108, stack(0x0000009954900000,0x0000009954a00000) (1024K)]
  0x000001efcb9bff90 JavaThread "Cache worker for cache directory md-rule (C:\Users\ugayg\.gradle\caches\8.10.2\md-rule)"        [_thread_blocked, id=14484, stack(0x0000009954a00000,0x0000009954b00000) (1024K)]
  0x000001efcb9c4e50 JavaThread "Cache worker for cache directory md-supplier (C:\Users\ugayg\.gradle\caches\8.10.2\md-supplier)"        [_thread_blocked, id=22056, stack(0x0000009954b00000,0x0000009954c00000) (1024K)]
=>0x000001efcdbcca60 JavaThread "C2 CompilerThread1"         daemon [_thread_in_native, id=15124, stack(0x0000009954c00000,0x0000009954d00000) (1024K)]
Total: 33

Other Threads:
  0x000001efc5198070 VMThread "VM Thread"                           [id=25660, stack(0x0000009952400000,0x0000009952500000) (1024K)]
  0x000001efc4fe07f0 WatcherThread "VM Periodic Task Thread"        [id=8264, stack(0x0000009952300000,0x0000009952400000) (1024K)]
  0x000001efaba1fc90 WorkerThread "GC Thread#0"                     [id=24464, stack(0x0000009951e00000,0x0000009951f00000) (1024K)]
  0x000001efc5737760 WorkerThread "GC Thread#1"                     [id=5552, stack(0x0000009952f00000,0x0000009953000000) (1024K)]
  0x000001efc5bced90 WorkerThread "GC Thread#2"                     [id=17500, stack(0x0000009953000000,0x0000009953100000) (1024K)]
  0x000001efca430a70 WorkerThread "GC Thread#3"                     [id=11052, stack(0x0000009953100000,0x0000009953200000) (1024K)]
  0x000001efca430e10 WorkerThread "GC Thread#4"                     [id=12012, stack(0x0000009953200000,0x0000009953300000) (1024K)]
  0x000001efca395470 WorkerThread "GC Thread#5"                     [id=15372, stack(0x0000009953300000,0x0000009953400000) (1024K)]
  0x000001efca56b8f0 WorkerThread "GC Thread#6"                     [id=25860, stack(0x0000009953400000,0x0000009953500000) (1024K)]
  0x000001efcb5d1b30 WorkerThread "GC Thread#7"                     [id=4828, stack(0x0000009953f00000,0x0000009954000000) (1024K)]
  0x000001efaba30de0 ConcurrentGCThread "G1 Main Marker"            [id=13812, stack(0x0000009951f00000,0x0000009952000000) (1024K)]
  0x000001efaba338f0 WorkerThread "G1 Conc#0"                       [id=24676, stack(0x0000009952000000,0x0000009952100000) (1024K)]
  0x000001efcb5d1ed0 WorkerThread "G1 Conc#1"                       [id=11004, stack(0x0000009954000000,0x0000009954100000) (1024K)]
  0x000001efc4eb41a0 ConcurrentGCThread "G1 Refine#0"               [id=13048, stack(0x0000009952100000,0x0000009952200000) (1024K)]
  0x000001efc4eb6740 ConcurrentGCThread "G1 Service"                [id=9980, stack(0x0000009952200000,0x0000009952300000) (1024K)]
Total: 15

Threads with active compile tasks:
C2 CompilerThread0     8268 5187   !   4       java.net.URLClassLoader$1::run (81 bytes)
C1 CompilerThread0     8268 5249       3       org.objectweb.asm.ClassReader::readCode (5117 bytes)
C2 CompilerThread1     8268 5180   !   4       java.lang.ClassLoader::loadClass (121 bytes)
Total: 3

VM state: not at safepoint (normal execution)

VM Mutex/Monitor currently owned by a thread: None

Heap address: 0x0000000080000000, size: 2048 MB, Compressed Oops mode: 32-bit

CDS archive(s) not mapped
Compressed class space mapped at: 0x0000000100000000-0x0000000140000000, reserved size: 1073741824
Narrow klass base: 0x0000000000000000, Narrow klass shift: 3, Narrow klass range: 0x140000000

GC Precious Log:
 CardTable entry size: 512
 Card Set container configuration: InlinePtr #cards 5 size 8 Array Of Cards #cards 12 size 40 Howl #buckets 4 coarsen threshold 1843 Howl Bitmap #cards 512 size 80 coarsen threshold 460 Card regions per heap region 1 cards per card region 2048
 CPUs: 8 total, 8 available
 Memory: 8023M
 Large Page Support: Disabled
 NUMA Support: Disabled
 Compressed Oops: Enabled (32-bit)
 Heap Region Size: 1M
 Heap Min Capacity: 8M
 Heap Initial Capacity: 126M
 Heap Max Capacity: 2G
 Pre-touch: Disabled
 Parallel Workers: 8
 Concurrent Workers: 2
 Concurrent Refinement Workers: 8
 Periodic GC: Disabled

Heap:
 garbage-first heap   total 95232K, used 69306K [0x0000000080000000, 0x0000000100000000)
  region size 1024K, 32 young (32768K), 3 survivors (3072K)
 Metaspace       used 62724K, committed 64320K, reserved 1114112K
  class space    used 8604K, committed 9408K, reserved 1048576K

Heap Regions: E=young(eden), S=young(survivor), O=old, HS=humongous(starts), HC=humongous(continues), CS=collection set, F=free, TAMS=top-at-mark-start, PB=parsable bottom
|   0|0x0000000080000000, 0x0000000080100000, 0x0000000080100000|100%| O|  |TAMS 0x0000000080000000| PB 0x0000000080000000| Untracked 
|   1|0x0000000080100000, 0x0000000080200000, 0x0000000080200000|100%| O|  |TAMS 0x0000000080100000| PB 0x0000000080100000| Untracked 
|   2|0x0000000080200000, 0x0000000080300000, 0x0000000080300000|100%|HS|  |TAMS 0x0000000080200000| PB 0x0000000080200000| Complete 
|   3|0x0000000080300000, 0x0000000080400000, 0x0000000080400000|100%|HC|  |TAMS 0x0000000080300000| PB 0x0000000080300000| Complete 
|   4|0x0000000080400000, 0x0000000080500000, 0x0000000080500000|100%|HC|  |TAMS 0x0000000080400000| PB 0x0000000080400000| Complete 
|   5|0x0000000080500000, 0x0000000080600000, 0x0000000080600000|100%|HC|  |TAMS 0x0000000080500000| PB 0x0000000080500000| Complete 
|   6|0x0000000080600000, 0x0000000080700000, 0x0000000080700000|100%| O|  |TAMS 0x0000000080600000| PB 0x0000000080600000| Untracked 
|   7|0x0000000080700000, 0x0000000080800000, 0x0000000080800000|100%| O|  |TAMS 0x0000000080700000| PB 0x0000000080700000| Untracked 
|   8|0x0000000080800000, 0x0000000080900000, 0x0000000080900000|100%| O|  |TAMS 0x0000000080800000| PB 0x0000000080800000| Untracked 
|   9|0x0000000080900000, 0x0000000080a00000, 0x0000000080a00000|100%| O|  |TAMS 0x0000000080900000| PB 0x0000000080900000| Untracked 
|  10|0x0000000080a00000, 0x0000000080b00000, 0x0000000080b00000|100%|HS|  |TAMS 0x0000000080a00000| PB 0x0000000080a00000| Complete 
|  11|0x0000000080b00000, 0x0000000080c00000, 0x0000000080c00000|100%| O|  |TAMS 0x0000000080b00000| PB 0x0000000080b00000| Untracked 
|  12|0x0000000080c00000, 0x0000000080d00000, 0x0000000080d00000|100%| O|  |TAMS 0x0000000080c00000| PB 0x0000000080c00000| Untracked 
|  13|0x0000000080d00000, 0x0000000080e00000, 0x0000000080e00000|100%| O|  |TAMS 0x0000000080d00000| PB 0x0000000080d00000| Untracked 
|  14|0x0000000080e00000, 0x0000000080f00000, 0x0000000080f00000|100%| O|  |TAMS 0x0000000080e00000| PB 0x0000000080e00000| Untracked 
|  15|0x0000000080f00000, 0x0000000081000000, 0x0000000081000000|100%| O|  |TAMS 0x0000000080f00000| PB 0x0000000080f00000| Untracked 
|  16|0x0000000081000000, 0x0000000081100000, 0x0000000081100000|100%| O|  |TAMS 0x0000000081000000| PB 0x0000000081000000| Untracked 
|  17|0x0000000081100000, 0x0000000081200000, 0x0000000081200000|100%| O|  |TAMS 0x0000000081100000| PB 0x0000000081100000| Untracked 
|  18|0x0000000081200000, 0x0000000081300000, 0x0000000081300000|100%| O|  |TAMS 0x0000000081200000| PB 0x0000000081200000| Untracked 
|  19|0x0000000081300000, 0x0000000081400000, 0x0000000081400000|100%| O|  |TAMS 0x0000000081300000| PB 0x0000000081300000| Untracked 
|  20|0x0000000081400000, 0x0000000081500000, 0x0000000081500000|100%| O|  |TAMS 0x0000000081400000| PB 0x0000000081400000| Untracked 
|  21|0x0000000081500000, 0x0000000081600000, 0x0000000081600000|100%| O|  |TAMS 0x0000000081500000| PB 0x0000000081500000| Untracked 
|  22|0x0000000081600000, 0x0000000081700000, 0x0000000081700000|100%| O|  |TAMS 0x0000000081600000| PB 0x0000000081600000| Untracked 
|  23|0x0000000081700000, 0x0000000081800000, 0x0000000081800000|100%| O|Cm|TAMS 0x0000000081700000| PB 0x0000000081700000| Complete 
|  24|0x0000000081800000, 0x0000000081900000, 0x0000000081900000|100%| O|  |TAMS 0x0000000081800000| PB 0x0000000081800000| Untracked 
|  25|0x0000000081900000, 0x0000000081a00000, 0x0000000081a00000|100%| O|  |TAMS 0x0000000081900000| PB 0x0000000081900000| Untracked 
|  26|0x0000000081a00000, 0x0000000081b00000, 0x0000000081b00000|100%| O|  |TAMS 0x0000000081a00000| PB 0x0000000081a00000| Untracked 
|  27|0x0000000081b00000, 0x0000000081c00000, 0x0000000081c00000|100%| O|  |TAMS 0x0000000081b00000| PB 0x0000000081b00000| Untracked 
|  28|0x0000000081c00000, 0x0000000081d00000, 0x0000000081d00000|100%| O|Cm|TAMS 0x0000000081c00000| PB 0x0000000081c00000| Complete 
|  29|0x0000000081d00000, 0x0000000081e00000, 0x0000000081e00000|100%| O|  |TAMS 0x0000000081d00000| PB 0x0000000081d00000| Untracked 
|  30|0x0000000081e00000, 0x0000000081f00000, 0x0000000081f00000|100%| O|  |TAMS 0x0000000081e00000| PB 0x0000000081e00000| Untracked 
|  31|0x0000000081f00000, 0x0000000082000000, 0x0000000082000000|100%| O|  |TAMS 0x0000000081f00000| PB 0x0000000081f00000| Untracked 
|  32|0x0000000082000000, 0x0000000082100000, 0x0000000082100000|100%| O|  |TAMS 0x0000000082000000| PB 0x0000000082000000| Untracked 
|  33|0x0000000082100000, 0x0000000082200000, 0x0000000082200000|100%| O|  |TAMS 0x0000000082100000| PB 0x0000000082100000| Untracked 
|  34|0x0000000082200000, 0x0000000082300000, 0x0000000082300000|100%| O|  |TAMS 0x0000000082200000| PB 0x0000000082200000| Untracked 
|  35|0x0000000082300000, 0x00000000823aeb50, 0x0000000082400000| 68%| O|  |TAMS 0x0000000082300000| PB 0x0000000082300000| Untracked 
|  36|0x0000000082400000, 0x0000000082500000, 0x0000000082500000|100%| O|  |TAMS 0x0000000082400000| PB 0x0000000082400000| Untracked 
|  37|0x0000000082500000, 0x0000000082500000, 0x0000000082600000|  0%| F|  |TAMS 0x0000000082500000| PB 0x0000000082500000| Untracked 
|  38|0x0000000082600000, 0x0000000082600000, 0x0000000082700000|  0%| F|  |TAMS 0x0000000082600000| PB 0x0000000082600000| Untracked 
|  39|0x0000000082700000, 0x0000000082700000, 0x0000000082800000|  0%| F|  |TAMS 0x0000000082700000| PB 0x0000000082700000| Untracked 
|  40|0x0000000082800000, 0x0000000082800000, 0x0000000082900000|  0%| F|  |TAMS 0x0000000082800000| PB 0x0000000082800000| Untracked 
|  41|0x0000000082900000, 0x0000000082900000, 0x0000000082a00000|  0%| F|  |TAMS 0x0000000082900000| PB 0x0000000082900000| Untracked 
|  42|0x0000000082a00000, 0x0000000082a00000, 0x0000000082b00000|  0%| F|  |TAMS 0x0000000082a00000| PB 0x0000000082a00000| Untracked 
|  43|0x0000000082b00000, 0x0000000082b00000, 0x0000000082c00000|  0%| F|  |TAMS 0x0000000082b00000| PB 0x0000000082b00000| Untracked 
|  44|0x0000000082c00000, 0x0000000082c00000, 0x0000000082d00000|  0%| F|  |TAMS 0x0000000082c00000| PB 0x0000000082c00000| Untracked 
|  45|0x0000000082d00000, 0x0000000082d00000, 0x0000000082e00000|  0%| F|  |TAMS 0x0000000082d00000| PB 0x0000000082d00000| Untracked 
|  46|0x0000000082e00000, 0x0000000082e00000, 0x0000000082f00000|  0%| F|  |TAMS 0x0000000082e00000| PB 0x0000000082e00000| Untracked 
|  47|0x0000000082f00000, 0x0000000082f00000, 0x0000000083000000|  0%| F|  |TAMS 0x0000000082f00000| PB 0x0000000082f00000| Untracked 
|  48|0x0000000083000000, 0x0000000083000000, 0x0000000083100000|  0%| F|  |TAMS 0x0000000083000000| PB 0x0000000083000000| Untracked 
|  49|0x0000000083100000, 0x0000000083100000, 0x0000000083200000|  0%| F|  |TAMS 0x0000000083100000| PB 0x0000000083100000| Untracked 
|  50|0x0000000083200000, 0x0000000083200000, 0x0000000083300000|  0%| F|  |TAMS 0x0000000083200000| PB 0x0000000083200000| Untracked 
|  51|0x0000000083300000, 0x0000000083300000, 0x0000000083400000|  0%| F|  |TAMS 0x0000000083300000| PB 0x0000000083300000| Untracked 
|  52|0x0000000083400000, 0x0000000083400000, 0x0000000083500000|  0%| F|  |TAMS 0x0000000083400000| PB 0x0000000083400000| Untracked 
|  53|0x0000000083500000, 0x0000000083500000, 0x0000000083600000|  0%| F|  |TAMS 0x0000000083500000| PB 0x0000000083500000| Untracked 
|  54|0x0000000083600000, 0x0000000083600000, 0x0000000083700000|  0%| F|  |TAMS 0x0000000083600000| PB 0x0000000083600000| Untracked 
|  55|0x0000000083700000, 0x0000000083700000, 0x0000000083800000|  0%| F|  |TAMS 0x0000000083700000| PB 0x0000000083700000| Untracked 
|  56|0x0000000083800000, 0x0000000083800000, 0x0000000083900000|  0%| F|  |TAMS 0x0000000083800000| PB 0x0000000083800000| Untracked 
|  57|0x0000000083900000, 0x0000000083900000, 0x0000000083a00000|  0%| F|  |TAMS 0x0000000083900000| PB 0x0000000083900000| Untracked 
|  58|0x0000000083a00000, 0x0000000083a00000, 0x0000000083b00000|  0%| F|  |TAMS 0x0000000083a00000| PB 0x0000000083a00000| Untracked 
|  59|0x0000000083b00000, 0x0000000083b00000, 0x0000000083c00000|  0%| F|  |TAMS 0x0000000083b00000| PB 0x0000000083b00000| Untracked 
|  60|0x0000000083c00000, 0x0000000083c00000, 0x0000000083d00000|  0%| F|  |TAMS 0x0000000083c00000| PB 0x0000000083c00000| Untracked 
|  61|0x0000000083d00000, 0x0000000083e00000, 0x0000000083e00000|100%| E|  |TAMS 0x0000000083d00000| PB 0x0000000083d00000| Complete 
|  62|0x0000000083e00000, 0x0000000083f00000, 0x0000000083f00000|100%| E|CS|TAMS 0x0000000083e00000| PB 0x0000000083e00000| Complete 
|  63|0x0000000083f00000, 0x0000000084000000, 0x0000000084000000|100%| S|CS|TAMS 0x0000000083f00000| PB 0x0000000083f00000| Complete 
|  64|0x0000000084000000, 0x0000000084100000, 0x0000000084100000|100%| S|CS|TAMS 0x0000000084000000| PB 0x0000000084000000| Complete 
|  65|0x0000000084100000, 0x0000000084200000, 0x0000000084200000|100%| S|CS|TAMS 0x0000000084100000| PB 0x0000000084100000| Complete 
|  66|0x0000000084200000, 0x0000000084300000, 0x0000000084300000|100%| E|CS|TAMS 0x0000000084200000| PB 0x0000000084200000| Complete 
|  67|0x0000000084300000, 0x0000000084400000, 0x0000000084400000|100%| E|CS|TAMS 0x0000000084300000| PB 0x0000000084300000| Complete 
|  68|0x0000000084400000, 0x0000000084500000, 0x0000000084500000|100%| E|CS|TAMS 0x0000000084400000| PB 0x0000000084400000| Complete 
|  69|0x0000000084500000, 0x0000000084600000, 0x0000000084600000|100%| E|CS|TAMS 0x0000000084500000| PB 0x0000000084500000| Complete 
|  70|0x0000000084600000, 0x0000000084700000, 0x0000000084700000|100%| E|CS|TAMS 0x0000000084600000| PB 0x0000000084600000| Complete 
|  71|0x0000000084700000, 0x0000000084800000, 0x0000000084800000|100%| E|CS|TAMS 0x0000000084700000| PB 0x0000000084700000| Complete 
|  72|0x0000000084800000, 0x0000000084900000, 0x0000000084900000|100%| E|CS|TAMS 0x0000000084800000| PB 0x0000000084800000| Complete 
|  73|0x0000000084900000, 0x0000000084a00000, 0x0000000084a00000|100%| E|CS|TAMS 0x0000000084900000| PB 0x0000000084900000| Complete 
|  74|0x0000000084a00000, 0x0000000084b00000, 0x0000000084b00000|100%| E|CS|TAMS 0x0000000084a00000| PB 0x0000000084a00000| Complete 
|  75|0x0000000084b00000, 0x0000000084c00000, 0x0000000084c00000|100%| E|CS|TAMS 0x0000000084b00000| PB 0x0000000084b00000| Complete 
|  76|0x0000000084c00000, 0x0000000084d00000, 0x0000000084d00000|100%| E|CS|TAMS 0x0000000084c00000| PB 0x0000000084c00000| Complete 
|  77|0x0000000084d00000, 0x0000000084e00000, 0x0000000084e00000|100%| E|CS|TAMS 0x0000000084d00000| PB 0x0000000084d00000| Complete 
|  78|0x0000000084e00000, 0x0000000084f00000, 0x0000000084f00000|100%| E|CS|TAMS 0x0000000084e00000| PB 0x0000000084e00000| Complete 
|  79|0x0000000084f00000, 0x0000000085000000, 0x0000000085000000|100%| E|CS|TAMS 0x0000000084f00000| PB 0x0000000084f00000| Complete 
|  80|0x0000000085000000, 0x0000000085100000, 0x0000000085100000|100%| E|CS|TAMS 0x0000000085000000| PB 0x0000000085000000| Complete 
|  81|0x0000000085100000, 0x0000000085200000, 0x0000000085200000|100%| E|CS|TAMS 0x0000000085100000| PB 0x0000000085100000| Complete 
|  82|0x0000000085200000, 0x0000000085300000, 0x0000000085300000|100%| E|CS|TAMS 0x0000000085200000| PB 0x0000000085200000| Complete 
|  83|0x0000000085300000, 0x0000000085400000, 0x0000000085400000|100%| E|CS|TAMS 0x0000000085300000| PB 0x0000000085300000| Complete 
|  95|0x0000000085f00000, 0x0000000086000000, 0x0000000086000000|100%| E|CS|TAMS 0x0000000085f00000| PB 0x0000000085f00000| Complete 
|  96|0x0000000086000000, 0x0000000086100000, 0x0000000086100000|100%| E|CS|TAMS 0x0000000086000000| PB 0x0000000086000000| Complete 
|  97|0x0000000086100000, 0x0000000086200000, 0x0000000086200000|100%| E|CS|TAMS 0x0000000086100000| PB 0x0000000086100000| Complete 
|  98|0x0000000086200000, 0x0000000086300000, 0x0000000086300000|100%| E|CS|TAMS 0x0000000086200000| PB 0x0000000086200000| Complete 
|  99|0x0000000086300000, 0x0000000086400000, 0x0000000086400000|100%| E|CS|TAMS 0x0000000086300000| PB 0x0000000086300000| Complete 
| 100|0x0000000086400000, 0x0000000086500000, 0x0000000086500000|100%| E|CS|TAMS 0x0000000086400000| PB 0x0000000086400000| Complete 
| 101|0x0000000086500000, 0x0000000086600000, 0x0000000086600000|100%| E|CS|TAMS 0x0000000086500000| PB 0x0000000086500000| Complete 
| 102|0x0000000086600000, 0x0000000086700000, 0x0000000086700000|100%| E|CS|TAMS 0x0000000086600000| PB 0x0000000086600000| Complete 
| 125|0x0000000087d00000, 0x0000000087e00000, 0x0000000087e00000|100%| E|CS|TAMS 0x0000000087d00000| PB 0x0000000087d00000| Complete 

Card table byte_map: [0x000001efc0160000,0x000001efc0560000] _byte_map_base: 0x000001efbfd60000

Marking Bits: (CMBitMap*) 0x000001efaba20390
 Bits: [0x000001efc0560000, 0x000001efc2560000)

Polling page: 0x000001efaba90000

Metaspace:

Usage:
  Non-class:     52.86 MB used.
      Class:      8.41 MB used.
       Both:     61.27 MB used.

Virtual space:
  Non-class space:       64.00 MB reserved,      53.62 MB ( 84%) committed,  1 nodes.
      Class space:        1.00 GB reserved,       9.19 MB ( <1%) committed,  1 nodes.
             Both:        1.06 GB reserved,      62.81 MB (  6%) committed. 

Chunk freelists:
   Non-Class:  9.52 MB
       Class:  6.67 MB
        Both:  16.19 MB

MaxMetaspaceSize: unlimited
CompressedClassSpaceSize: 1.00 GB
Initial GC threshold: 21.00 MB
Current GC threshold: 99.00 MB
CDS: off
 - commit_granule_bytes: 65536.
 - commit_granule_words: 8192.
 - virtual_space_node_default_size: 8388608.
 - enlarge_chunks_in_place: 1.
 - use_allocation_guard: 0.


Internal statistics:

num_allocs_failed_limit: 12.
num_arena_births: 2978.
num_arena_deaths: 0.
num_vsnodes_births: 2.
num_vsnodes_deaths: 0.
num_space_committed: 1005.
num_space_uncommitted: 0.
num_chunks_returned_to_freelist: 12.
num_chunks_taken_from_freelist: 5481.
num_chunk_merges: 12.
num_chunk_splits: 3585.
num_chunks_enlarged: 2241.
num_inconsistent_stats: 0.

CodeHeap 'non-profiled nmethods': size=120000Kb used=2414Kb max_used=2414Kb free=117585Kb
 bounds [0x000001efb7db0000, 0x000001efb8020000, 0x000001efbf2e0000]
CodeHeap 'profiled nmethods': size=120000Kb used=8621Kb max_used=8621Kb free=111379Kb
 bounds [0x000001efb02e0000, 0x000001efb0b50000, 0x000001efb7810000]
CodeHeap 'non-nmethods': size=5760Kb used=1956Kb max_used=2030Kb free=3803Kb
 bounds [0x000001efb7810000, 0x000001efb7a80000, 0x000001efb7db0000]
 total_blobs=5450 nmethods=4713 adapters=641
 compilation: enabled
              stopped_count=0, restarted_count=0
 full_count=0

Compilation events (20 events):
Event: 8.207 Thread 0x000001efc521a440 5227       3       org.gradle.internal.time.MonotonicClock::getCurrentTime (70 bytes)
Event: 8.207 Thread 0x000001efc521a440 nmethod 5227 0x000001efb0b40210 code [0x000001efb0b40400, 0x000001efb0b407d0]
Event: 8.207 Thread 0x000001efc521a440 5228       3       org.gradle.internal.time.MonotonicClock::syncIsDue (28 bytes)
Event: 8.207 Thread 0x000001efc521a440 nmethod 5228 0x000001efb0b40a10 code [0x000001efb0b40bc0, 0x000001efb0b40da0]
Event: 8.210 Thread 0x000001efc521a440 5229       3       java.util.HashMap::comparableClassFor (115 bytes)
Event: 8.211 Thread 0x000001efc521a440 nmethod 5229 0x000001efb0b40e90 code [0x000001efb0b41120, 0x000001efb0b41e88]
Event: 8.211 Thread 0x000001efc521a440 5230       3       java.lang.Class::isLocalClass (27 bytes)
Event: 8.212 Thread 0x000001efc521a440 nmethod 5230 0x000001efb0b42210 code [0x000001efb0b42400, 0x000001efb0b427b0]
Event: 8.212 Thread 0x000001efc521a440 5231       3       com.google.common.collect.LinkedHashMultimap$ValueEntry::<init> (18 bytes)
Event: 8.212 Thread 0x000001efc521a440 nmethod 5231 0x000001efb0b42910 code [0x000001efb0b42ac0, 0x000001efb0b42df8]
Event: 8.213 Thread 0x000001efc521a440 5232       1       sun.reflect.generics.reflectiveObjects.LazyReflectiveObjectGenerator::getFactory (5 bytes)
Event: 8.213 Thread 0x000001efc521a440 nmethod 5232 0x000001efb800b210 code [0x000001efb800b3a0, 0x000001efb800b468]
Event: 8.219 Thread 0x000001efc521a440 5233       3       sun.reflect.generics.scope.AbstractScope::lookup (66 bytes)
Event: 8.220 Thread 0x000001efc521a440 nmethod 5233 0x000001efb0b42f10 code [0x000001efb0b43120, 0x000001efb0b438e8]
Event: 8.220 Thread 0x000001efc521a440 5234       1       com.google.common.collect.LinkedHashMultimap$ValueSet::setSuccessorInValueSet (6 bytes)
Event: 8.220 Thread 0x000001efc521a440 nmethod 5234 0x000001efb800b510 code [0x000001efb800b6a0, 0x000001efb800b7b0]
Event: 8.237 Thread 0x000001efc521a440 5236       3       java.lang.invoke.DirectMethodHandle$Holder::invokeStatic (26 bytes)
Event: 8.237 Thread 0x000001efc521a440 nmethod 5236 0x000001efb0b43b90 code [0x000001efb0b43d60, 0x000001efb0b44290]
Event: 8.237 Thread 0x000001efc521a440 5237       3       java.lang.invoke.BoundMethodHandle$Species_LLLLL::make (18 bytes)
Event: 8.237 Thread 0x000001efc521a440 nmethod 5237 0x000001efb0b44410 code [0x000001efb0b445c0, 0x000001efb0b44788]

GC Heap History (20 events):
Event: 1.744 GC heap before
{Heap before GC invocations=2 (full 0):
 garbage-first heap   total 129024K, used 58708K [0x0000000080000000, 0x0000000100000000)
  region size 1024K, 47 young (48128K), 3 survivors (3072K)
 Metaspace       used 13952K, committed 14208K, reserved 1114112K
  class space    used 1533K, committed 1664K, reserved 1048576K
}
Event: 1.753 GC heap after
{Heap after GC invocations=3 (full 0):
 garbage-first heap   total 129024K, used 18513K [0x0000000080000000, 0x0000000100000000)
  region size 1024K, 6 young (6144K), 6 survivors (6144K)
 Metaspace       used 13952K, committed 14208K, reserved 1114112K
  class space    used 1533K, committed 1664K, reserved 1048576K
}
Event: 2.689 GC heap before
{Heap before GC invocations=3 (full 0):
 garbage-first heap   total 129024K, used 41041K [0x0000000080000000, 0x0000000100000000)
  region size 1024K, 29 young (29696K), 6 survivors (6144K)
 Metaspace       used 21160K, committed 21504K, reserved 1114112K
  class space    used 2445K, committed 2624K, reserved 1048576K
}
Event: 2.696 GC heap after
{Heap after GC invocations=4 (full 0):
 garbage-first heap   total 129024K, used 22260K [0x0000000080000000, 0x0000000100000000)
  region size 1024K, 8 young (8192K), 8 survivors (8192K)
 Metaspace       used 21160K, committed 21504K, reserved 1114112K
  class space    used 2445K, committed 2624K, reserved 1048576K
}
Event: 3.593 GC heap before
{Heap before GC invocations=5 (full 0):
 garbage-first heap   total 78848K, used 61172K [0x0000000080000000, 0x0000000100000000)
  region size 1024K, 46 young (47104K), 8 survivors (8192K)
 Metaspace       used 27873K, committed 28480K, reserved 1114112K
  class space    used 3487K, committed 3776K, reserved 1048576K
}
Event: 3.600 GC heap after
{Heap after GC invocations=6 (full 0):
 garbage-first heap   total 78848K, used 24125K [0x0000000080000000, 0x0000000100000000)
  region size 1024K, 6 young (6144K), 6 survivors (6144K)
 Metaspace       used 27873K, committed 28480K, reserved 1114112K
  class space    used 3487K, committed 3776K, reserved 1048576K
}
Event: 4.468 GC heap before
{Heap before GC invocations=6 (full 0):
 garbage-first heap   total 78848K, used 60989K [0x0000000080000000, 0x0000000100000000)
  region size 1024K, 42 young (43008K), 6 survivors (6144K)
 Metaspace       used 32840K, committed 33664K, reserved 1114112K
  class space    used 4316K, committed 4736K, reserved 1048576K
}
Event: 4.475 GC heap after
{Heap after GC invocations=7 (full 0):
 garbage-first heap   total 78848K, used 26750K [0x0000000080000000, 0x0000000100000000)
  region size 1024K, 5 young (5120K), 5 survivors (5120K)
 Metaspace       used 32840K, committed 33664K, reserved 1114112K
  class space    used 4316K, committed 4736K, reserved 1048576K
}
Event: 4.771 GC heap before
{Heap before GC invocations=7 (full 0):
 garbage-first heap   total 78848K, used 43134K [0x0000000080000000, 0x0000000100000000)
  region size 1024K, 22 young (22528K), 5 survivors (5120K)
 Metaspace       used 35250K, committed 36096K, reserved 1114112K
  class space    used 4724K, committed 5120K, reserved 1048576K
}
Event: 4.776 GC heap after
{Heap after GC invocations=8 (full 0):
 garbage-first heap   total 78848K, used 27904K [0x0000000080000000, 0x0000000100000000)
  region size 1024K, 4 young (4096K), 4 survivors (4096K)
 Metaspace       used 35250K, committed 36096K, reserved 1114112K
  class space    used 4724K, committed 5120K, reserved 1048576K
}
Event: 5.440 GC heap before
{Heap before GC invocations=9 (full 0):
 garbage-first heap   total 78848K, used 65792K [0x0000000080000000, 0x0000000100000000)
  region size 1024K, 41 young (41984K), 4 survivors (4096K)
 Metaspace       used 40375K, committed 41600K, reserved 1114112K
  class space    used 5537K, committed 6144K, reserved 1048576K
}
Event: 5.447 GC heap after
{Heap after GC invocations=10 (full 0):
 garbage-first heap   total 78848K, used 29849K [0x0000000080000000, 0x0000000100000000)
  region size 1024K, 3 young (3072K), 3 survivors (3072K)
 Metaspace       used 40375K, committed 41600K, reserved 1114112K
  class space    used 5537K, committed 6144K, reserved 1048576K
}
Event: 5.950 GC heap before
{Heap before GC invocations=10 (full 0):
 garbage-first heap   total 78848K, used 65689K [0x0000000080000000, 0x0000000100000000)
  region size 1024K, 39 young (39936K), 3 survivors (3072K)
 Metaspace       used 45511K, committed 46720K, reserved 1114112K
  class space    used 6061K, committed 6656K, reserved 1048576K
}
Event: 5.957 GC heap after
{Heap after GC invocations=11 (full 0):
 garbage-first heap   total 95232K, used 33789K [0x0000000080000000, 0x0000000100000000)
  region size 1024K, 5 young (5120K), 5 survivors (5120K)
 Metaspace       used 45511K, committed 46720K, reserved 1114112K
  class space    used 6061K, committed 6656K, reserved 1048576K
}
Event: 6.678 GC heap before
{Heap before GC invocations=11 (full 0):
 garbage-first heap   total 95232K, used 80893K [0x0000000080000000, 0x0000000100000000)
  region size 1024K, 51 young (52224K), 5 survivors (5120K)
 Metaspace       used 48666K, committed 49984K, reserved 1114112K
  class space    used 6582K, committed 7232K, reserved 1048576K
}
Event: 6.684 GC heap after
{Heap after GC invocations=12 (full 0):
 garbage-first heap   total 95232K, used 37095K [0x0000000080000000, 0x0000000100000000)
  region size 1024K, 7 young (7168K), 7 survivors (7168K)
 Metaspace       used 48666K, committed 49984K, reserved 1114112K
  class space    used 6582K, committed 7232K, reserved 1048576K
}
Event: 7.195 GC heap before
{Heap before GC invocations=12 (full 0):
 garbage-first heap   total 95232K, used 81127K [0x0000000080000000, 0x0000000100000000)
  region size 1024K, 49 young (50176K), 7 survivors (7168K)
 Metaspace       used 55005K, committed 56448K, reserved 1114112K
  class space    used 7416K, committed 8128K, reserved 1048576K
}
Event: 7.201 GC heap after
{Heap after GC invocations=13 (full 0):
 garbage-first heap   total 95232K, used 39134K [0x0000000080000000, 0x0000000100000000)
  region size 1024K, 5 young (5120K), 5 survivors (5120K)
 Metaspace       used 55005K, committed 56448K, reserved 1114112K
  class space    used 7416K, committed 8128K, reserved 1048576K
}
Event: 7.632 GC heap before
{Heap before GC invocations=13 (full 0):
 garbage-first heap   total 95232K, used 65758K [0x0000000080000000, 0x0000000100000000)
  region size 1024K, 32 young (32768K), 5 survivors (5120K)
 Metaspace       used 58812K, committed 60288K, reserved 1114112K
  class space    used 7951K, committed 8704K, reserved 1048576K
}
Event: 7.637 GC heap after
{Heap after GC invocations=14 (full 0):
 garbage-first heap   total 95232K, used 40634K [0x0000000080000000, 0x0000000100000000)
  region size 1024K, 3 young (3072K), 3 survivors (3072K)
 Metaspace       used 58812K, committed 60288K, reserved 1114112K
  class space    used 7951K, committed 8704K, reserved 1048576K
}

Dll operation events (3 events):
Event: 0.013 Loaded shared library C:\Program Files\Android\Android Studio3\jbr\bin\java.dll
Event: 0.017 Loaded shared library C:\Program Files\Android\Android Studio3\jbr\bin\zip.dll
Event: 0.512 Loaded shared library C:\Program Files\Android\Android Studio3\jbr\bin\verify.dll

Deoptimization events (20 events):
Event: 8.003 Thread 0x000001efcb5852e0 DEOPT PACKING pc=0x000001efb7fcff54 sp=0x0000009953bf8350
Event: 8.003 Thread 0x000001efcb5852e0 DEOPT UNPACKING pc=0x000001efb78646a2 sp=0x0000009953bf8340 mode 2
Event: 8.004 Thread 0x000001efcb5852e0 Uncommon trap: trap_request=0xffffffde fr.pc=0x000001efb7fddc94 relative=0x0000000000002774
Event: 8.004 Thread 0x000001efcb5852e0 Uncommon trap: reason=class_check action=maybe_recompile pc=0x000001efb7fddc94 method=jdk.internal.loader.Resource.getBytes()[B @ 10 c2
Event: 8.004 Thread 0x000001efcb5852e0 DEOPT PACKING pc=0x000001efb7fddc94 sp=0x0000009953bf8270
Event: 8.004 Thread 0x000001efcb5852e0 DEOPT UNPACKING pc=0x000001efb78646a2 sp=0x0000009953bf8290 mode 2
Event: 8.092 Thread 0x000001efcb5852e0 DEOPT PACKING pc=0x000001efb08774b6 sp=0x0000009953bf9340
Event: 8.092 Thread 0x000001efcb5852e0 DEOPT UNPACKING pc=0x000001efb7864e42 sp=0x0000009953bf87b0 mode 0
Event: 8.177 Thread 0x000001efcb5852e0 Uncommon trap: trap_request=0xffffff45 fr.pc=0x000001efb7f7a6c0 relative=0x0000000000000440
Event: 8.177 Thread 0x000001efcb5852e0 Uncommon trap: reason=unstable_if action=reinterpret pc=0x000001efb7f7a6c0 method=org.gradle.internal.reflect.PropertyAccessorType.isGetGetterName(Ljava/lang/String;)Z @ 14 c2
Event: 8.177 Thread 0x000001efcb5852e0 DEOPT PACKING pc=0x000001efb7f7a6c0 sp=0x0000009953bf8ce0
Event: 8.177 Thread 0x000001efcb5852e0 DEOPT UNPACKING pc=0x000001efb78646a2 sp=0x0000009953bf8c38 mode 2
Event: 8.195 Thread 0x000001efcb5852e0 Uncommon trap: trap_request=0xffffff45 fr.pc=0x000001efb8001fa8 relative=0x0000000000000428
Event: 8.195 Thread 0x000001efcb5852e0 Uncommon trap: reason=unstable_if action=reinterpret pc=0x000001efb8001fa8 method=org.objectweb.asm.MethodWriter.visitVarInsn(II)V @ 108 c2
Event: 8.195 Thread 0x000001efcb5852e0 DEOPT PACKING pc=0x000001efb8001fa8 sp=0x0000009953bf8840
Event: 8.195 Thread 0x000001efcb5852e0 DEOPT UNPACKING pc=0x000001efb78646a2 sp=0x0000009953bf87f8 mode 2
Event: 8.196 Thread 0x000001efcb5852e0 Uncommon trap: trap_request=0xffffff45 fr.pc=0x000001efb7dede2c relative=0x000000000000010c
Event: 8.196 Thread 0x000001efcb5852e0 Uncommon trap: reason=unstable_if action=reinterpret pc=0x000001efb7dede2c method=org.objectweb.asm.ByteVector.putShort(I)Lorg/objectweb/asm/ByteVector; @ 13 c2
Event: 8.196 Thread 0x000001efcb5852e0 DEOPT PACKING pc=0x000001efb7dede2c sp=0x0000009953bf8770
Event: 8.196 Thread 0x000001efcb5852e0 DEOPT UNPACKING pc=0x000001efb78646a2 sp=0x0000009953bf8708 mode 2

Classes loaded (20 events):
Event: 7.992 Loading class java/io/ObjectStreamClass$1
Event: 7.993 Loading class java/io/ObjectStreamClass$1 done
Event: 7.993 Loading class java/io/ObjectStreamClass$MemberSignature
Event: 7.993 Loading class java/io/ObjectStreamClass$MemberSignature done
Event: 7.993 Loading class java/io/ObjectStreamClass$3
Event: 7.993 Loading class java/io/ObjectStreamClass$3 done
Event: 7.993 Loading class java/io/ObjectStreamClass$4
Event: 7.993 Loading class java/io/ObjectStreamClass$4 done
Event: 7.993 Loading class java/io/ObjectStreamClass$5
Event: 7.993 Loading class java/io/ObjectStreamClass$5 done
Event: 7.994 Loading class java/io/ObjectStreamClass$ClassDataSlot
Event: 7.994 Loading class java/io/ObjectStreamClass$ClassDataSlot done
Event: 7.997 Loading class jdk/internal/reflect/MethodHandleLongFieldAccessorImpl
Event: 7.997 Loading class jdk/internal/reflect/MethodHandleLongFieldAccessorImpl done
Event: 8.001 Loading class java/io/SerialCallbackContext
Event: 8.001 Loading class java/io/SerialCallbackContext done
Event: 8.108 Loading class java/util/DualPivotQuicksort
Event: 8.109 Loading class java/util/DualPivotQuicksort done
Event: 8.171 Loading class java/util/function/LongUnaryOperator
Event: 8.171 Loading class java/util/function/LongUnaryOperator done

Classes unloaded (0 events):
No events

Classes redefined (0 events):
No events

Internal exceptions (20 events):
Event: 6.944 Thread 0x000001efcb5852e0 Exception <a 'java/lang/NoSuchMethodError'{0x000000008463eef8}: 'java.lang.Object java.lang.invoke.DirectMethodHandle$Holder.newInvokeSpecial(java.lang.Object, java.lang.Object, int, java.lang.Object)'> (0x000000008463eef8) 
thrown [s\src\hotspot\share\interpreter\linkResolver.cpp, line 784]
Event: 6.944 Thread 0x000001efcb5852e0 Exception <a 'java/lang/NoSuchMethodError'{0x00000000846437a8}: 'java.lang.Object java.lang.invoke.DirectMethodHandle$Holder.invokeSpecial(java.lang.Object, java.lang.Object, java.lang.Object, int, java.lang.Object)'> (0x00000000846437a8) 
thrown [s\src\hotspot\share\interpreter\linkResolver.cpp, line 784]
Event: 7.511 Thread 0x000001efcb5852e0 Exception <a 'sun/nio/fs/WindowsException'{0x0000000084abeff0}> (0x0000000084abeff0) 
thrown [s\src\hotspot\share\prims\jni.cpp, line 535]
Event: 7.511 Thread 0x000001efcb5852e0 Exception <a 'sun/nio/fs/WindowsException'{0x0000000084ac06c8}> (0x0000000084ac06c8) 
thrown [s\src\hotspot\share\prims\jni.cpp, line 535]
Event: 7.541 Thread 0x000001efcb5852e0 Exception <a 'java/lang/NoSuchMethodError'{0x00000000848dbf50}: 'java.lang.Object java.lang.invoke.DirectMethodHandle$Holder.newInvokeSpecial(java.lang.Object, java.lang.Object, java.lang.Object, int)'> (0x00000000848dbf50) 
thrown [s\src\hotspot\share\interpreter\linkResolver.cpp, line 784]
Event: 7.541 Thread 0x000001efcb5852e0 Exception <a 'java/lang/NoSuchMethodError'{0x00000000848e0830}: 'java.lang.Object java.lang.invoke.DirectMethodHandle$Holder.invokeSpecial(java.lang.Object, java.lang.Object, java.lang.Object, java.lang.Object, int)'> (0x00000000848e0830) 
thrown [s\src\hotspot\share\interpreter\linkResolver.cpp, line 784]
Event: 7.541 Thread 0x000001efcb5852e0 Exception <a 'java/lang/NoSuchMethodError'{0x00000000848e4a58}: 'java.lang.Object java.lang.invoke.Invokers$Holder.linkToTargetMethod(java.lang.Object, java.lang.Object, int, java.lang.Object)'> (0x00000000848e4a58) 
thrown [s\src\hotspot\share\interpreter\linkResolver.cpp, line 784]
Event: 7.551 Thread 0x000001efcb5852e0 Exception <a 'sun/nio/fs/WindowsException'{0x00000000847957a0}> (0x00000000847957a0) 
thrown [s\src\hotspot\share\prims\jni.cpp, line 535]
Event: 7.584 Thread 0x000001efcb5852e0 Exception <a 'java/lang/NoSuchMethodError'{0x0000000084577660}: 'int java.lang.invoke.DirectMethodHandle$Holder.invokeInterface(java.lang.Object, java.lang.Object, java.lang.Object, java.lang.Object, java.lang.Object)'> (0x0000000084577660) 
thrown [s\src\hotspot\share\interpreter\linkResolver.cpp, line 784]
Event: 7.585 Thread 0x000001efcb5852e0 Exception <a 'java/lang/IncompatibleClassChangeError'{0x0000000084580b30}: Found class java.lang.Object, but interface was expected> (0x0000000084580b30) 
thrown [s\src\hotspot\share\interpreter\linkResolver.cpp, line 851]
Event: 7.993 Thread 0x000001efcb583f30 Exception <a 'java/lang/NoSuchMethodError'{0x0000000084d2b7c8}: static Lorg/gradle/internal/build/event/types/DefaultOperationStartedProgressEvent;.<clinit>()V> (0x0000000084d2b7c8) 
thrown [s\src\hotspot\share\prims\jni.cpp, line 1135]
Event: 7.994 Thread 0x000001efcb583f30 Exception <a 'java/lang/NoSuchMethodError'{0x0000000084d2da68}: static Lorg/gradle/internal/build/event/types/AbstractProgressEvent;.<clinit>()V> (0x0000000084d2da68) 
thrown [s\src\hotspot\share\prims\jni.cpp, line 1135]
Event: 7.996 Thread 0x000001efcb583f30 Exception <a 'java/lang/NoSuchMethodError'{0x0000000084dbf7e8}: static Lorg/gradle/internal/build/event/types/DefaultProjectConfigurationDescriptor;.<clinit>()V> (0x0000000084dbf7e8) 
thrown [s\src\hotspot\share\prims\jni.cpp, line 1135]
Event: 7.996 Thread 0x000001efcb583f30 Exception <a 'java/lang/NoSuchMethodError'{0x0000000084dc20a8}: static Lorg/gradle/internal/build/event/types/DefaultOperationDescriptor;.<clinit>()V> (0x0000000084dc20a8) 
thrown [s\src\hotspot\share\prims\jni.cpp, line 1135]
Event: 7.997 Thread 0x000001efcb583f30 Exception <a 'java/lang/NoSuchMethodError'{0x0000000084dc71b8}: 'long java.lang.invoke.DirectMethodHandle$Holder.invokeSpecial(java.lang.Object, java.lang.Object)'> (0x0000000084dc71b8) 
thrown [s\src\hotspot\share\interpreter\linkResolver.cpp, line 784]
Event: 7.998 Thread 0x000001efcb583f30 Exception <a 'java/lang/NoSuchMethodError'{0x0000000084dca628}: 'long java.lang.invoke.Invokers$Holder.invokeExact_MT(java.lang.Object, java.lang.Object)'> (0x0000000084dca628) 
thrown [s\src\hotspot\share\interpreter\linkResolver.cpp, line 784]
Event: 8.000 Thread 0x000001efcb583f30 Exception <a 'java/lang/NoSuchMethodError'{0x0000000084de1b08}: static Lorg/gradle/internal/operations/OperationIdentifier;.<clinit>()V> (0x0000000084de1b08) 
thrown [s\src\hotspot\share\prims\jni.cpp, line 1135]
Event: 8.172 Thread 0x000001efcb5852e0 Exception <a 'java/lang/NoSuchMethodError'{0x00000000846f1600}: 'long java.lang.invoke.DirectMethodHandle$Holder.invokeStatic(java.lang.Object, long)'> (0x00000000846f1600) 
thrown [s\src\hotspot\share\interpreter\linkResolver.cpp, line 784]
Event: 8.195 Thread 0x000001efcb5852e0 Implicit null exception at 0x000001efb8001c4c to 0x000001efb8001f9c
Event: 8.225 Thread 0x000001efcb5852e0 Exception <a 'java/lang/NoSuchMethodError'{0x00000000843a8d08}: 'java.lang.Object java.lang.invoke.DirectMethodHandle$Holder.invokeInterface(java.lang.Object, java.lang.Object, int)'> (0x00000000843a8d08) 
thrown [s\src\hotspot\share\interpreter\linkResolver.cpp, line 784]

ZGC Phase Switch (0 events):
No events

VM Operations (20 events):
Event: 6.678 Executing VM operation: G1CollectForAllocation (G1 Evacuation Pause)
Event: 6.684 Executing VM operation: G1CollectForAllocation (G1 Evacuation Pause) done
Event: 6.687 Executing VM operation: HandshakeAllThreads (Deoptimize)
Event: 6.687 Executing VM operation: HandshakeAllThreads (Deoptimize) done
Event: 6.955 Executing VM operation: HandshakeAllThreads (Deoptimize)
Event: 6.955 Executing VM operation: HandshakeAllThreads (Deoptimize) done
Event: 7.195 Executing VM operation: G1CollectForAllocation (G1 Evacuation Pause)
Event: 7.201 Executing VM operation: G1CollectForAllocation (G1 Evacuation Pause) done
Event: 7.632 Executing VM operation: CollectForMetadataAllocation (Metadata GC Threshold)
Event: 7.637 Executing VM operation: CollectForMetadataAllocation (Metadata GC Threshold) done
Event: 7.654 Executing VM operation: CollectForMetadataAllocation (Metadata GC Threshold)
Event: 7.654 Executing VM operation: CollectForMetadataAllocation (Metadata GC Threshold) done
Event: 7.659 Executing VM operation: G1PauseRemark
Event: 7.661 Executing VM operation: G1PauseRemark done
Event: 7.676 Executing VM operation: G1PauseCleanup
Event: 7.676 Executing VM operation: G1PauseCleanup done
Event: 7.909 Executing VM operation: HandshakeAllThreads (Deoptimize)
Event: 7.909 Executing VM operation: HandshakeAllThreads (Deoptimize) done
Event: 7.975 Executing VM operation: ICBufferFull
Event: 7.975 Executing VM operation: ICBufferFull done

Memory protections (0 events):
No events

Nmethod flushes (20 events):
Event: 7.661 Thread 0x000001efc5198070 flushing  nmethod 0x000001efb07d8e10
Event: 7.661 Thread 0x000001efc5198070 flushing  nmethod 0x000001efb08f2010
Event: 7.661 Thread 0x000001efc5198070 flushing  nmethod 0x000001efb041e990
Event: 7.661 Thread 0x000001efc5198070 flushing  nmethod 0x000001efb0421f90
Event: 7.661 Thread 0x000001efc5198070 flushing  nmethod 0x000001efb0471690
Event: 7.661 Thread 0x000001efc5198070 flushing  nmethod 0x000001efb0471b10
Event: 7.661 Thread 0x000001efc5198070 flushing  nmethod 0x000001efb0474310
Event: 7.661 Thread 0x000001efc5198070 flushing  nmethod 0x000001efb0476c90
Event: 7.661 Thread 0x000001efc5198070 flushing  nmethod 0x000001efb04b2f90
Event: 7.661 Thread 0x000001efc5198070 flushing  nmethod 0x000001efb04b3b90
Event: 7.661 Thread 0x000001efc5198070 flushing  nmethod 0x000001efb05bb310
Event: 7.661 Thread 0x000001efc5198070 flushing  nmethod 0x000001efb0623710
Event: 7.661 Thread 0x000001efc5198070 flushing  nmethod 0x000001efb067ed90
Event: 7.661 Thread 0x000001efc5198070 flushing  nmethod 0x000001efb0682c90
Event: 7.661 Thread 0x000001efc5198070 flushing  nmethod 0x000001efb06dc590
Event: 7.661 Thread 0x000001efc5198070 flushing  nmethod 0x000001efb06dca90
Event: 7.661 Thread 0x000001efc5198070 flushing  nmethod 0x000001efb06dd810
Event: 7.661 Thread 0x000001efc5198070 flushing  nmethod 0x000001efb07aa090
Event: 7.661 Thread 0x000001efc5198070 flushing  nmethod 0x000001efb07ace10
Event: 7.661 Thread 0x000001efc5198070 flushing  nmethod 0x000001efb07b8110

Events (20 events):
Event: 2.476 Thread 0x000001efab9c8ae0 Thread added: 0x000001efcb4b0010
Event: 2.551 Thread 0x000001efcafce1b0 Thread added: 0x000001efcb6f1c50
Event: 2.554 Thread 0x000001efcb6f1c50 Thread added: 0x000001efcb6f22c0
Event: 2.590 Thread 0x000001efcb6f1c50 Thread added: 0x000001efcb552650
Event: 2.602 Thread 0x000001efcb6f1c50 Thread added: 0x000001efcb5852e0
Event: 2.621 Thread 0x000001efcb5852e0 Thread added: 0x000001efcb586000
Event: 2.627 Thread 0x000001efcb5852e0 Thread added: 0x000001efcb5838a0
Event: 2.629 Thread 0x000001efcb5852e0 Thread added: 0x000001efcb583f30
Event: 3.085 Thread 0x000001efcb5852e0 Thread added: 0x000001efcb586690
Event: 3.094 Thread 0x000001efcb5852e0 Thread added: 0x000001efcb585970
Event: 3.125 Thread 0x000001efcb5852e0 Thread added: 0x000001efcb5845c0
Event: 4.341 Thread 0x000001efcb5852e0 Thread added: 0x000001efcb584c50
Event: 4.359 Thread 0x000001efcb5852e0 Thread added: 0x000001efcb9bf270
Event: 4.593 Thread 0x000001efcb5852e0 Thread added: 0x000001efcb9c19d0
Event: 4.598 Thread 0x000001efcb5852e0 Thread added: 0x000001efcb9c0cb0
Event: 4.881 Thread 0x000001efcb5852e0 Thread added: 0x000001efcb9bf900
Event: 4.929 Thread 0x000001efcb5852e0 Thread added: 0x000001efcb9c2060
Event: 5.168 Thread 0x000001efcb5852e0 Thread added: 0x000001efcb9bff90
Event: 5.273 Thread 0x000001efcb5852e0 Thread added: 0x000001efcb9c4e50
Event: 7.844 Thread 0x000001efc521a440 Thread added: 0x000001efcdbcca60


Dynamic libraries:
0x00007ff715510000 - 0x00007ff71551a000 	C:\Program Files\Android\Android Studio3\jbr\bin\java.exe
0x00007ffd93710000 - 0x00007ffd93927000 	C:\WINDOWS\SYSTEM32\ntdll.dll
0x00007ffd92250000 - 0x00007ffd92314000 	C:\WINDOWS\System32\KERNEL32.DLL
0x00007ffd90ec0000 - 0x00007ffd9127a000 	C:\WINDOWS\System32\KERNELBASE.dll
0x00007ffd912e0000 - 0x00007ffd913f1000 	C:\WINDOWS\System32\ucrtbase.dll
0x00007ffd8e5e0000 - 0x00007ffd8e5fb000 	C:\Program Files\Android\Android Studio3\jbr\bin\VCRUNTIME140.dll
0x00007ffd77730000 - 0x00007ffd77748000 	C:\Program Files\Android\Android Studio3\jbr\bin\jli.dll
0x00007ffd91f50000 - 0x00007ffd920fe000 	C:\WINDOWS\System32\USER32.dll
0x00007ffd91280000 - 0x00007ffd912a6000 	C:\WINDOWS\System32\win32u.dll
0x00007ffd7b390000 - 0x00007ffd7b622000 	C:\WINDOWS\WinSxS\amd64_microsoft.windows.common-controls_6595b64144ccf1df_6.0.22621.4541_none_2710d1c57384c085\COMCTL32.dll
0x00007ffd92440000 - 0x00007ffd92469000 	C:\WINDOWS\System32\GDI32.dll
0x00007ffd934a0000 - 0x00007ffd93547000 	C:\WINDOWS\System32\msvcrt.dll
0x00007ffd90d00000 - 0x00007ffd90e1b000 	C:\WINDOWS\System32\gdi32full.dll
0x00007ffd90e20000 - 0x00007ffd90eba000 	C:\WINDOWS\System32\msvcp_win.dll
0x00007ffd91aa0000 - 0x00007ffd91ad1000 	C:\WINDOWS\System32\IMM32.DLL
0x00007ffd8e5d0000 - 0x00007ffd8e5dc000 	C:\Program Files\Android\Android Studio3\jbr\bin\vcruntime140_1.dll
0x00007ffd156b0000 - 0x00007ffd1573d000 	C:\Program Files\Android\Android Studio3\jbr\bin\msvcp140.dll
0x00007ffcf3e00000 - 0x00007ffcf4a83000 	C:\Program Files\Android\Android Studio3\jbr\bin\server\jvm.dll
0x00007ffd92100000 - 0x00007ffd921b2000 	C:\WINDOWS\System32\ADVAPI32.dll
0x00007ffd91e80000 - 0x00007ffd91f27000 	C:\WINDOWS\System32\sechost.dll
0x00007ffd912b0000 - 0x00007ffd912d8000 	C:\WINDOWS\System32\bcrypt.dll
0x00007ffd92320000 - 0x00007ffd92434000 	C:\WINDOWS\System32\RPCRT4.dll
0x00007ffd93100000 - 0x00007ffd93171000 	C:\WINDOWS\System32\WS2_32.dll
0x00007ffd8fa10000 - 0x00007ffd8fa5d000 	C:\WINDOWS\SYSTEM32\POWRPROF.dll
0x00007ffd8c7e0000 - 0x00007ffd8c7ea000 	C:\WINDOWS\SYSTEM32\VERSION.dll
0x00007ffd8c490000 - 0x00007ffd8c4c4000 	C:\WINDOWS\SYSTEM32\WINMM.dll
0x00007ffd8f990000 - 0x00007ffd8f9a3000 	C:\WINDOWS\SYSTEM32\UMPDC.dll
0x00007ffd8fb00000 - 0x00007ffd8fb18000 	C:\WINDOWS\SYSTEM32\kernel.appcore.dll
0x00007ffd8e5c0000 - 0x00007ffd8e5ca000 	C:\Program Files\Android\Android Studio3\jbr\bin\jimage.dll
0x00007ffd8e300000 - 0x00007ffd8e532000 	C:\WINDOWS\SYSTEM32\DBGHELP.DLL
0x00007ffd91ae0000 - 0x00007ffd91e71000 	C:\WINDOWS\System32\combase.dll
0x00007ffd92fc0000 - 0x00007ffd93097000 	C:\WINDOWS\System32\OLEAUT32.dll
0x00007ffd6b940000 - 0x00007ffd6b972000 	C:\WINDOWS\SYSTEM32\dbgcore.DLL
0x00007ffd909d0000 - 0x00007ffd90a4b000 	C:\WINDOWS\System32\bcryptPrimitives.dll
0x00007ffd7db70000 - 0x00007ffd7db7e000 	C:\Program Files\Android\Android Studio3\jbr\bin\instrument.dll
0x00007ffd8be20000 - 0x00007ffd8be40000 	C:\Program Files\Android\Android Studio3\jbr\bin\java.dll
0x00007ffd7d9f0000 - 0x00007ffd7da08000 	C:\Program Files\Android\Android Studio3\jbr\bin\zip.dll
0x00007ffd92470000 - 0x00007ffd92ce9000 	C:\WINDOWS\System32\SHELL32.dll
0x00007ffd8e910000 - 0x00007ffd8f219000 	C:\WINDOWS\SYSTEM32\windows.storage.dll
0x00007ffd8e7d0000 - 0x00007ffd8e90f000 	C:\WINDOWS\SYSTEM32\wintypes.dll
0x00007ffd93340000 - 0x00007ffd9343a000 	C:\WINDOWS\System32\SHCORE.dll
0x00007ffd93440000 - 0x00007ffd9349e000 	C:\WINDOWS\System32\shlwapi.dll
0x00007ffd90900000 - 0x00007ffd9092b000 	C:\WINDOWS\SYSTEM32\profapi.dll
0x00007ffd8cf40000 - 0x00007ffd8cf50000 	C:\Program Files\Android\Android Studio3\jbr\bin\net.dll
0x00007ffd8c350000 - 0x00007ffd8c486000 	C:\WINDOWS\SYSTEM32\WINHTTP.dll
0x00007ffd8ff80000 - 0x00007ffd8ffe9000 	C:\WINDOWS\system32\mswsock.dll
0x00007ffd791f0000 - 0x00007ffd79206000 	C:\Program Files\Android\Android Studio3\jbr\bin\nio.dll
0x00007ffd8e5b0000 - 0x00007ffd8e5c0000 	C:\Program Files\Android\Android Studio3\jbr\bin\verify.dll
0x00007ffd68a80000 - 0x00007ffd68aa7000 	C:\Users\ugayg\.gradle\native\c067742578af261105cb4f569cf0c3c89f3d7b1fecec35dd04571415982c5e48\windows-amd64\native-platform.dll
0x00007ffcad720000 - 0x00007ffcad864000 	C:\Users\ugayg\.gradle\native\100fb08df4bc3b14c8652ba06237920a3bd2aa13389f12d3474272988ae205f9\windows-amd64\native-platform-file-events.dll
0x00007ffd8bd80000 - 0x00007ffd8bd89000 	C:\Program Files\Android\Android Studio3\jbr\bin\management.dll
0x00007ffd8bd70000 - 0x00007ffd8bd7b000 	C:\Program Files\Android\Android Studio3\jbr\bin\management_ext.dll
0x00007ffd91a10000 - 0x00007ffd91a18000 	C:\WINDOWS\System32\PSAPI.DLL
0x00007ffd901e0000 - 0x00007ffd901fb000 	C:\WINDOWS\SYSTEM32\CRYPTSP.dll
0x00007ffd8fa60000 - 0x00007ffd8fa95000 	C:\WINDOWS\system32\rsaenh.dll
0x00007ffd90070000 - 0x00007ffd90098000 	C:\WINDOWS\SYSTEM32\USERENV.dll
0x00007ffd901d0000 - 0x00007ffd901dc000 	C:\WINDOWS\SYSTEM32\CRYPTBASE.dll
0x00007ffd8f480000 - 0x00007ffd8f4ad000 	C:\WINDOWS\SYSTEM32\IPHLPAPI.DLL
0x00007ffd91a90000 - 0x00007ffd91a99000 	C:\WINDOWS\System32\NSI.dll
0x00007ffd8bda0000 - 0x00007ffd8bda9000 	C:\Program Files\Android\Android Studio3\jbr\bin\extnet.dll
0x00007ffd8bf10000 - 0x00007ffd8bf18000 	C:\WINDOWS\system32\wshunix.dll

dbghelp: loaded successfully - version: 4.0.5 - missing functions: none
symbol engine: initialized successfully - sym options: 0x614 - pdb path: .;C:\Program Files\Android\Android Studio3\jbr\bin;C:\WINDOWS\SYSTEM32;C:\WINDOWS\WinSxS\amd64_microsoft.windows.common-controls_6595b64144ccf1df_6.0.22621.4541_none_2710d1c57384c085;C:\Program Files\Android\Android Studio3\jbr\bin\server;C:\Users\ugayg\.gradle\native\c067742578af261105cb4f569cf0c3c89f3d7b1fecec35dd04571415982c5e48\windows-amd64;C:\Users\ugayg\.gradle\native\100fb08df4bc3b14c8652ba06237920a3bd2aa13389f12d3474272988ae205f9\windows-amd64

VM Arguments:
jvm_args: --add-opens=java.base/java.util=ALL-UNNAMED --add-opens=java.base/java.lang=ALL-UNNAMED --add-opens=java.base/java.lang.invoke=ALL-UNNAMED --add-opens=java.prefs/java.util.prefs=ALL-UNNAMED --add-exports=jdk.compiler/com.sun.tools.javac.api=ALL-UNNAMED --add-exports=jdk.compiler/com.sun.tools.javac.util=ALL-UNNAMED --add-opens=java.base/java.nio.charset=ALL-UNNAMED --add-opens=java.base/java.net=ALL-UNNAMED --add-opens=java.base/java.util.concurrent.atomic=ALL-UNNAMED -Xmx2048m -Dfile.encoding=UTF-8 -Duser.country=PH -Duser.language=en -Duser.variant -javaagent:C:\Users\ugayg\.gradle\wrapper\dists\gradle-8.10.2-bin\a04bxjujx95o3nb99gddekhwo\gradle-8.10.2\lib\agents\gradle-instrumentation-agent-8.10.2.jar 
java_command: org.gradle.launcher.daemon.bootstrap.GradleDaemon 8.10.2
java_class_path (initial): C:\Users\ugayg\.gradle\wrapper\dists\gradle-8.10.2-bin\a04bxjujx95o3nb99gddekhwo\gradle-8.10.2\lib\gradle-daemon-main-8.10.2.jar
Launcher Type: SUN_STANDARD

[Global flags]
     intx CICompilerCount                          = 4                                         {product} {ergonomic}
     uint ConcGCThreads                            = 2                                         {product} {ergonomic}
     uint G1ConcRefinementThreads                  = 8                                         {product} {ergonomic}
   size_t G1HeapRegionSize                         = 1048576                                   {product} {ergonomic}
    uintx GCDrainStackTargetSize                   = 64                                        {product} {ergonomic}
   size_t InitialHeapSize                          = 132120576                                 {product} {ergonomic}
   size_t MarkStackSize                            = 4194304                                   {product} {ergonomic}
   size_t MaxHeapSize                              = 2147483648                                {product} {command line}
   size_t MaxNewSize                               = 1287651328                                {product} {ergonomic}
   size_t MinHeapDeltaBytes                        = 1048576                                   {product} {ergonomic}
   size_t MinHeapSize                              = 8388608                                   {product} {ergonomic}
    uintx NonNMethodCodeHeapSize                   = 5839372                                {pd product} {ergonomic}
    uintx NonProfiledCodeHeapSize                  = 122909434                              {pd product} {ergonomic}
    uintx ProfiledCodeHeapSize                     = 122909434                              {pd product} {ergonomic}
    uintx ReservedCodeCacheSize                    = 251658240                              {pd product} {ergonomic}
     bool SegmentedCodeCache                       = true                                      {product} {ergonomic}
   size_t SoftMaxHeapSize                          = 2147483648                             {manageable} {ergonomic}
     bool UseCompressedOops                        = true                           {product lp64_product} {ergonomic}
     bool UseG1GC                                  = true                                      {product} {ergonomic}
     bool UseLargePagesIndividualAllocation        = false                                  {pd product} {ergonomic}

Logging:
Log output configuration:
 #0: stdout all=warning uptime,level,tags foldmultilines=false
 #1: stderr all=off uptime,level,tags foldmultilines=false

Environment Variables:
PATH=C:\Program Files\Common Files\Oracle\Java\javapath;C:\ProgramData\Oracle\Java\javapath;C:\Windows\system32;C:\Windows;C:\Windows\System32\Wbem;C:\Windows\System32\WindowsPowerShell\v1.0\;C:\Windows\System32\OpenSSH\;C:\Program Files (x86)\NVIDIA Corporation\PhysX\Common;C:\Program Files\NVIDIA Corporation\NVIDIA NvDLISR;C:\WINDOWS\system32;C:\WINDOWS;C:\WINDOWS\System32\Wbem;C:\WINDOWS\System32\WindowsPowerShell\v1.0\;C:\WINDOWS\System32\OpenSSH\;C:\Program Files\dotnet\;C:\Program Files\Git\cmd;C:\Program Files\Microsoft SQL Server\150\Tools\Binn\;php-8.3.12;C:\xampp\php;C:\ProgramData\ComposerSetup\bin;C:\Program Files\nodejs\;C:\flutter-dev\flutter\bin;C:\Users\ugayg\AppData\Local\Programs\Python\Launcher\;C:\Users\ugayg\AppData\Local\Microsoft\WindowsApps;C:\Users\ugayg\AppData\Local\Programs\Microsoft VS Code\bin;C:\Users\ugayg\Downloads\cmd;C:\Users\ugayg\AppData\Local\GitHubDesktop\bin;C:\Users\ugayg\AppData\Roaming\npm
USERNAME=ugayg
OS=Windows_NT
PROCESSOR_IDENTIFIER=Intel64 Family 6 Model 165 Stepping 2, GenuineIntel
TMP=C:\Users\ugayg\AppData\Local\Temp
TEMP=C:\Users\ugayg\AppData\Local\Temp




Periodic native trim disabled

JNI global refs:
JNI global refs: 27, weak refs: 7

JNI global refs memory usage: 835, weak refs: 833

Process memory usage:
Resident Set Size: 283128K (3% of 8215604K total physical memory with 445108K free physical memory)

OOME stack traces (most recent first):
Classloader memory used:
Loader org.gradle.internal.classloader.VisitableURLClassLoader                         : 32093K
Loader bootstrap                                                                       : 22254K
Loader org.gradle.initialization.MixInLegacyTypesClassLoader                           : 7609K
Loader jdk.internal.loader.ClassLoaders$PlatformClassLoader                            : 502K
Loader jdk.internal.loader.ClassLoaders$AppClassLoader                                 : 234K
Loader org.gradle.internal.classloader.VisitableURLClassLoader                         : 66616B
Loader jdk.internal.reflect.DelegatingClassLoader                                      : 23760B

Classes loaded by more than one classloader:
Class org.gradle.internal.classloader.FilteringClassLoader                            : loaded 2 times (x 101B)
Class org.gradle.internal.classloader.ClassLoaderHierarchy                            : loaded 2 times (x 66B)
Class org.gradle.api.internal.classpath.ManifestUtil                                  : loaded 2 times (x 67B)
Class org.gradle.internal.classloader.DefaultClassLoaderFactory                       : loaded 2 times (x 78B)
Class org.gradle.internal.classloader.ClassLoaderVisitor                              : loaded 2 times (x 72B)
Class org.gradle.api.internal.classpath.EffectiveClassPath                            : loaded 2 times (x 86B)
Class org.gradle.api.internal.DefaultClassPathProvider                                : loaded 2 times (x 72B)
Class [Lorg.gradle.api.internal.ClassPathProvider;                                    : loaded 2 times (x 65B)
Class org.gradle.api.internal.ClassPathProvider                                       : loaded 2 times (x 66B)
Class org.gradle.internal.service.UnknownServiceException                             : loaded 2 times (x 79B)
Class org.gradle.internal.classpath.TransformedClassPath                              : loaded 2 times (x 92B)
Class org.gradle.internal.classloader.InstrumentingClassLoader                        : loaded 2 times (x 66B)
Class org.gradle.internal.service.ServiceLocator                                      : loaded 2 times (x 66B)
Class org.gradle.internal.InternalTransformer                                         : loaded 2 times (x 66B)
Class org.gradle.internal.classloader.ClasspathUtil$1                                 : loaded 2 times (x 72B)
Class org.gradle.api.internal.classpath.DefaultModuleRegistry$DefaultModule           : loaded 2 times (x 82B)
Class org.gradle.api.internal.classpath.Module                                        : loaded 2 times (x 66B)
Class org.gradle.api.internal.classpath.UnknownModuleException                        : loaded 2 times (x 78B)
Class org.gradle.api.internal.DefaultClassPathRegistry                                : loaded 2 times (x 72B)
Class org.gradle.api.internal.ClassPathRegistry                                       : loaded 2 times (x 66B)
Class org.gradle.internal.classpath.DefaultClassPath$ImmutableUniqueList              : loaded 2 times (x 195B)
Class Settings_gradle$1                                                               : loaded 2 times (x 70B)
Class Program                                                                         : loaded 2 times (x 68B)
Class org.gradle.internal.classpath.ClassPath                                         : loaded 2 times (x 66B)
Class org.gradle.api.UncheckedIOException                                             : loaded 2 times (x 78B)
Class org.gradle.internal.installation.GradleInstallation$1                           : loaded 2 times (x 71B)
Class org.gradle.api.internal.classpath.ModuleRegistry                                : loaded 2 times (x 66B)
Class org.gradle.api.internal.classpath.DefaultModuleRegistry                         : loaded 2 times (x 82B)
Class org.gradle.internal.service.ServiceLookupException                              : loaded 2 times (x 78B)
Class org.gradle.internal.classloader.ClassLoaderFactory                              : loaded 2 times (x 66B)
Class org.gradle.internal.service.CachingServiceLocator                               : loaded 2 times (x 78B)
Class org.gradle.internal.classloader.ClasspathUtil                                   : loaded 2 times (x 67B)
Class org.gradle.api.specs.Spec                                                       : loaded 2 times (x 66B)
Class org.gradle.internal.classloader.VisitableURLClassLoader$InstrumentingVisitableURLClassLoader: loaded 2 times (x 119B)
Class org.gradle.internal.classloader.VisitableURLClassLoader$Spec                    : loaded 2 times (x 70B)
Class org.gradle.internal.classpath.DefaultClassPath                                  : loaded 2 times (x 86B)
Class org.gradle.internal.classloader.ClassLoaderSpec                                 : loaded 2 times (x 67B)
Class Settings_gradle$1$1                                                             : loaded 2 times (x 70B)
Class org.gradle.internal.classloader.VisitableURLClassLoader                         : loaded 2 times (x 113B)
Class Settings_gradle                                                                 : loaded 2 times (x 124B)
Class org.gradle.internal.Cast                                                        : loaded 2 times (x 67B)
Class org.gradle.api.Action                                                           : loaded 2 times (x 66B)
Class org.gradle.internal.classpath.DefaultClassPath$ImmutableUniqueList$Builder      : loaded 2 times (x 71B)
Class org.gradle.api.GradleException                                                  : loaded 2 times (x 78B)
Class org.gradle.internal.IoActions                                                   : loaded 2 times (x 67B)
Class org.gradle.internal.classloader.SystemClassLoaderSpec                           : loaded 2 times (x 67B)
Class org.gradle.api.internal.classpath.GlobalCacheRootsProvider                      : loaded 2 times (x 66B)
Class org.gradle.internal.installation.CurrentGradleInstallationLocator               : loaded 2 times (x 67B)
Class org.gradle.internal.service.DefaultServiceLocator                               : loaded 2 times (x 79B)
Class org.gradle.internal.installation.CurrentGradleInstallation                      : loaded 2 times (x 69B)
Class org.gradle.util.internal.GUtil                                                  : loaded 2 times (x 67B)
Class org.gradle.internal.installation.GradleInstallation                             : loaded 2 times (x 71B)

---------------  S Y S T E M  ---------------

OS:
 Windows 11 , 64 bit Build 22621 (10.0.22621.4391)
OS uptime: 0 days 17:34 hours

CPU: total 8 (initial active 8) (4 cores per cpu, 2 threads per core) family 6 model 165 stepping 2 microcode 0xe0, cx8, cmov, fxsr, ht, mmx, 3dnowpref, sse, sse2, sse3, ssse3, sse4.1, sse4.2, popcnt, lzcnt, tsc, tscinvbit, avx, avx2, aes, erms, clmul, bmi1, bmi2, adx, fma, vzeroupper, clflush, clflushopt, rdtscp, f16c, pku
Processor Information for all 8 processors :
  Max Mhz: 2496, Current Mhz: 2496, Mhz Limit: 2496

Memory: 4k page, system-wide physical 8023M (430M free)
TotalPageFile size 18884M (AvailPageFile size 3M)
current process WorkingSet (physical memory assigned to process): 278M, peak: 278M
current process commit charge ("private bytes"): 317M, peak: 317M

vm_info: OpenJDK 64-Bit Server VM (21.0.4+-12508038-b607.1) for windows-amd64 JRE (21.0.4+-12508038-b607.1), built on 2024-10-16T17:23:34Z by "builder" with MS VC++ 16.10 / 16.11 (VS2019)

END.
